2023-06-04 13:19:23,020 [INFO] Activator:176 - 


2023-06-04 13:19:23,031 [INFO] Activator:177 - !SESSION log4j initialized
2023-06-04 13:19:38,319 [INFO] LogOutputStream:77 - [STDOUT_REDIRECT] 
2023-06-04 13:19:44,607 [ERROR] ConfigurationRetriever:142 - IOException on connection: connect timed out
2023-06-04 13:20:04,083 [ERROR] LogOutputStream:75 - [STDERR_REDIRECT] SLF4J: Failed to load class "org.slf4j.impl.StaticLoggerBinder".
2023-06-04 13:20:04,084 [ERROR] LogOutputStream:75 - [STDERR_REDIRECT] SLF4J: Defaulting to no-operation (NOP) logger implementation
2023-06-04 13:20:04,088 [ERROR] LogOutputStream:75 - [STDERR_REDIRECT] SLF4J: See http://www.slf4j.org/codes.html#StaticLoggerBinder for further details.
2023-06-04 14:10:31,383 [INFO] Activator:176 - 


2023-06-04 14:10:31,387 [INFO] Activator:177 - !SESSION log4j initialized
2023-06-04 14:10:40,695 [INFO] LogOutputStream:77 - [STDOUT_REDIRECT] 
2023-06-04 14:11:04,712 [ERROR] LogOutputStream:75 - [STDERR_REDIRECT] SLF4J: Failed to load class "org.slf4j.impl.StaticLoggerBinder".
2023-06-04 14:11:04,713 [ERROR] LogOutputStream:75 - [STDERR_REDIRECT] SLF4J: Defaulting to no-operation (NOP) logger implementation
2023-06-04 14:11:04,717 [ERROR] LogOutputStream:75 - [STDERR_REDIRECT] SLF4J: See http://www.slf4j.org/codes.html#StaticLoggerBinder for further details.
2023-06-04 14:20:23,412 [INFO] ApplicationProperties:184 - Using Application install path: C:\ST\STM32CubeIDE_1.12.1\STM32CubeIDE\plugins\com.st.stm32cube.common.mx_6.8.1.202304191431
2023-06-04 14:20:23,443 [INFO] DbMcusXml:78 - Set database path to: C:\ST\STM32CubeIDE_1.12.1\STM32CubeIDE\plugins\com.st.stm32cube.common.mx_6.8.1.202304191431\\db\/mcu/
2023-06-04 14:20:23,444 [INFO] ApiDb:274 - Set plugin database path to: C:\ST\STM32CubeIDE_1.12.1\STM32CubeIDE\plugins\com.st.stm32cube.common.mx_6.8.1.202304191431\\db\/plugins/boardmanager/
2023-06-04 14:20:23,446 [WARN] ApiDb:259 - Overriding images path with different value:  => C:\ST\STM32CubeIDE_1.12.1\STM32CubeIDE\plugins\com.st.stm32cube.common.mx_6.8.1.202304191431\\db\/plugins/mcufinder/images/
2023-06-04 14:20:23,470 [INFO] ApiDb:250 - Set database path to: C:\Users\lch\.stmcufinder\plugins\mcufinder//mcu/
2023-06-04 14:20:23,473 [INFO] DbMcusAds:125 - Set database path to: C:\Users\lch\.stmcufinder\plugins\mcufinder//mcu/
2023-06-04 14:20:23,667 [INFO] CrossReferenceDbSqlite:203 - Set database path to: C:\Users\lch\.stmcufinder\plugins\mcufinder//mcu/cs/
2023-06-04 14:20:23,867 [INFO] RulesReader:64 - Compatibility file has been processed (293 Rules)
2023-06-04 14:20:24,003 [INFO] DbMcusXml:78 - Set database path to: C:\ST\STM32CubeIDE_1.12.1\STM32CubeIDE\plugins\com.st.stm32cube.common.mx_6.8.1.202304191431\\db\/mcu/
2023-06-04 14:20:24,003 [INFO] ApiDb:274 - Set plugin database path to: C:\ST\STM32CubeIDE_1.12.1\STM32CubeIDE\plugins\com.st.stm32cube.common.mx_6.8.1.202304191431\\db\/plugins/boardmanager/
2023-06-04 14:20:24,003 [INFO] ApiDb:261 - Set plugin images path to: C:\ST\STM32CubeIDE_1.12.1\STM32CubeIDE\plugins\com.st.stm32cube.common.mx_6.8.1.202304191431\\db\/plugins/mcufinder/images/
2023-06-04 14:20:24,004 [WARN] DbFile:41 - Overriding database path with different value: C:\Users\lch\.stmcufinder\plugins\mcufinder/ => C:\Users\lch\.stmcufinder\plugins\mcufinder
2023-06-04 14:20:24,004 [INFO] ApiDb:250 - Set database path to: C:\Users\lch\.stmcufinder\plugins\mcufinder//mcu/
2023-06-04 14:20:24,004 [WARN] DbFile:41 - Overriding database path with different value: C:\Users\lch\.stmcufinder\plugins\mcufinder/ => C:\Users\lch\.stmcufinder\plugins\mcufinder
2023-06-04 14:20:24,004 [INFO] DbMcusAds:125 - Set database path to: C:\Users\lch\.stmcufinder\plugins\mcufinder//mcu/
2023-06-04 14:20:24,004 [WARN] DbFile:41 - Overriding database path with different value: C:\Users\lch\.stmcufinder\plugins\mcufinder/ => C:\Users\lch\.stmcufinder\plugins\mcufinder
2023-06-04 14:20:24,004 [WARN] DbFile:41 - Overriding database path with different value: C:\Users\lch\.stmcufinder\plugins\mcufinder/ => C:\Users\lch\.stmcufinder\plugins\mcufinder
2023-06-04 14:20:24,005 [INFO] CrossReferenceDbSqlite:203 - Set database path to: C:\Users\lch\.stmcufinder\plugins\mcufinder//mcu/cs/
2023-06-04 14:20:24,116 [INFO] MainPanel:253 - HeapMemory: 509607936
2023-06-04 14:20:24,248 [INFO] DbMcusXml:78 - Set database path to: C:\ST\STM32CubeIDE_1.12.1\STM32CubeIDE\plugins\com.st.stm32cube.common.mx_6.8.1.202304191431\\db\/mcu/
2023-06-04 14:20:24,248 [INFO] ApiDb:274 - Set plugin database path to: C:\ST\STM32CubeIDE_1.12.1\STM32CubeIDE\plugins\com.st.stm32cube.common.mx_6.8.1.202304191431\\db\/plugins/boardmanager/
2023-06-04 14:20:24,248 [INFO] ApiDb:261 - Set plugin images path to: C:\ST\STM32CubeIDE_1.12.1\STM32CubeIDE\plugins\com.st.stm32cube.common.mx_6.8.1.202304191431\\db\/plugins/mcufinder/images/
2023-06-04 14:20:24,249 [WARN] DbFile:41 - Overriding database path with different value: C:\Users\lch\.stmcufinder\plugins\mcufinder/ => C:\Users\lch\.stmcufinder\plugins\mcufinder
2023-06-04 14:20:24,249 [INFO] ApiDb:250 - Set database path to: C:\Users\lch\.stmcufinder\plugins\mcufinder//mcu/
2023-06-04 14:20:24,250 [WARN] DbFile:41 - Overriding database path with different value: C:\Users\lch\.stmcufinder\plugins\mcufinder/ => C:\Users\lch\.stmcufinder\plugins\mcufinder
2023-06-04 14:20:24,250 [INFO] DbMcusAds:125 - Set database path to: C:\Users\lch\.stmcufinder\plugins\mcufinder//mcu/
2023-06-04 14:20:24,250 [WARN] DbFile:41 - Overriding database path with different value: C:\Users\lch\.stmcufinder\plugins\mcufinder/ => C:\Users\lch\.stmcufinder\plugins\mcufinder
2023-06-04 14:20:24,250 [WARN] DbFile:41 - Overriding database path with different value: C:\Users\lch\.stmcufinder\plugins\mcufinder/ => C:\Users\lch\.stmcufinder\plugins\mcufinder
2023-06-04 14:20:24,250 [INFO] CrossReferenceDbSqlite:203 - Set database path to: C:\Users\lch\.stmcufinder\plugins\mcufinder//mcu/cs/
2023-06-04 14:20:24,281 [INFO] ApplicationProperties:184 - Using Application install path: C:\ST\STM32CubeIDE_1.12.1\STM32CubeIDE\plugins\com.st.stm32cube.common.mx_6.8.1.202304191431
2023-06-04 14:20:24,284 [INFO] PluginManage:196 - Search for loadable plugins [exclusion list=, ]
2023-06-04 14:20:24,287 [INFO] PluginManage:310 - Check plugin analytics
2023-06-04 14:20:24,558 [INFO] AnalyticsPlugin:253 - Accepted Software Licenses: 
2023-06-04 14:20:24,558 [INFO] AnalyticsPlugin:255 - Accepted CMSIS Pack Licenses: 
2023-06-04 14:20:24,559 [INFO] AnalyticsPlugin:257 - Accepted Firmware Licenses: 
2023-06-04 14:20:24,568 [INFO] PluginManage:359 - Loaded plugin analytics (category:tool,tabindex:-1)
2023-06-04 14:20:24,569 [INFO] PluginManage:310 - Check plugin cadmodel
2023-06-04 14:20:24,580 [INFO] CADModel:105 - Init CAD model plugin
2023-06-04 14:20:24,580 [INFO] PluginManage:359 - Loaded plugin cadmodel (category:power,tabindex:5)
2023-06-04 14:20:24,580 [INFO] PluginManage:310 - Check plugin clock
2023-06-04 14:20:24,598 [INFO] PluginManage:359 - Loaded plugin clock (category:base,tabindex:2)
2023-06-04 14:20:24,599 [INFO] PluginManage:310 - Check plugin ddr
2023-06-04 14:20:24,603 [INFO] PluginManage:359 - Loaded plugin ddr (category:tool,tabindex:6)
2023-06-04 14:20:24,603 [INFO] PluginManage:310 - Check plugin filemanager
2023-06-04 14:20:24,850 [INFO] PluginManage:359 - Loaded plugin filemanager (category:base,tabindex:10)
2023-06-04 14:20:24,850 [INFO] PluginManage:310 - Check plugin ipmanager
2023-06-04 14:20:24,865 [INFO] PluginManage:359 - Loaded plugin ipmanager (category:base,tabindex:5)
2023-06-04 14:20:24,865 [INFO] PluginManage:310 - Check plugin lpbam
2023-06-04 14:20:24,883 [INFO] PluginManage:359 - Loaded plugin lpbam (category:base,tabindex:0)
2023-06-04 14:20:24,883 [INFO] PluginManage:310 - Check plugin pinoutandconfiguration
2023-06-04 14:20:24,900 [INFO] PluginManage:359 - Loaded plugin pinoutandconfiguration (category:base,tabindex:1)
2023-06-04 14:20:24,900 [INFO] PluginManage:310 - Check plugin pinoutconfig
2023-06-04 14:20:25,022 [WARN] SupportedApi:132 - Cannot load RTOS API schema: s4s-elt-must-match.1: The content of 'definitions' must match (annotation?, (simpleType | complexType)?, (unique | key | keyref)*)). A problem was found starting at: attribute.
2023-06-04 14:20:25,221 [INFO] PluginManage:359 - Loaded plugin pinoutconfig (category:base,tabindex:0)
2023-06-04 14:20:25,222 [INFO] PluginManage:310 - Check plugin power
2023-06-04 14:20:25,241 [INFO] PluginManage:359 - Loaded plugin power (category:power,tabindex:4)
2023-06-04 14:20:25,241 [INFO] PluginManage:310 - Check plugin projectmanager
2023-06-04 14:20:25,267 [INFO] PluginManage:359 - Loaded plugin projectmanager (category:projectmanager,tabindex:3)
2023-06-04 14:20:25,267 [INFO] PluginManage:310 - Check plugin thirdparty
2023-06-04 14:20:25,526 [WARN] IntegrityCheckThread:84 - waiting for thirdparty lock release [integrity check]
2023-06-04 14:20:25,527 [INFO] IntegrityCheckThread:86 - entering critical section [integrity check]
2023-06-04 14:20:25,527 [INFO] PluginManage:359 - Loaded plugin thirdparty (category:base,tabindex:-1)
2023-06-04 14:20:25,528 [INFO] PluginManage:310 - Check plugin tools
2023-06-04 14:20:25,529 [INFO] ThirdPartyUpdaterWithRetryManager:70 - Updater plugin not ready yet. [1/15]
2023-06-04 14:20:25,533 [INFO] PluginManage:359 - Loaded plugin tools (category:base,tabindex:7)
2023-06-04 14:20:25,534 [INFO] PluginManage:310 - Check plugin tutovideos
2023-06-04 14:20:25,846 [INFO] PluginManage:359 - Loaded plugin tutovideos (category:base,tabindex:-1)
2023-06-04 14:20:25,847 [INFO] PluginManage:310 - Check plugin updater
2023-06-04 14:20:25,875 [INFO] PluginManage:359 - Loaded plugin updater (category:base,tabindex:12)
2023-06-04 14:20:25,876 [INFO] PluginManage:283 - PluginManage : Loaded plugins [15]
2023-06-04 14:20:26,332 [INFO] PinOutPanel:1499 - setPackage(No Configuration,No Configuration)
2023-06-04 14:20:26,464 [INFO] CADModel:165 - CPN selected for project level
2023-06-04 14:20:26,465 [INFO] CADModel:114 - Register for checkConnection events
2023-06-04 14:20:26,502 [INFO] IPUIPlugin:80 - create IPUIPlugin
2023-06-04 14:20:26,503 [INFO] PluginManager:220 - loadIPPluginJar : add adc
2023-06-04 14:20:26,509 [INFO] IPUIPlugin:80 - create IPUIPlugin
2023-06-04 14:20:26,510 [INFO] PluginManager:220 - loadIPPluginJar : add aes
2023-06-04 14:20:26,516 [INFO] IPUIPlugin:80 - create IPUIPlugin
2023-06-04 14:20:26,517 [INFO] PluginManager:220 - loadIPPluginJar : add can
2023-06-04 14:20:26,521 [INFO] IPUIPlugin:80 - create IPUIPlugin
2023-06-04 14:20:26,522 [INFO] PluginManager:220 - loadIPPluginJar : add comp
2023-06-04 14:20:26,528 [INFO] IPUIPlugin:80 - create IPUIPlugin
2023-06-04 14:20:26,529 [INFO] PluginManager:220 - loadIPPluginJar : add cryp
2023-06-04 14:20:26,535 [INFO] IPUIPlugin:80 - create IPUIPlugin
2023-06-04 14:20:26,535 [INFO] PluginManager:220 - loadIPPluginJar : add dfsdm
2023-06-04 14:20:26,545 [INFO] IPUIPlugin:80 - create IPUIPlugin
2023-06-04 14:20:26,546 [INFO] PluginManager:220 - loadIPPluginJar : add dma
2023-06-04 14:20:26,552 [INFO] IPUIPlugin:80 - create IPUIPlugin
2023-06-04 14:20:26,552 [INFO] PluginManager:220 - loadIPPluginJar : add dma3
2023-06-04 14:20:26,556 [INFO] IPUIPlugin:80 - create IPUIPlugin
2023-06-04 14:20:26,556 [INFO] PluginManager:220 - loadIPPluginJar : add fatfs
2023-06-04 14:20:26,564 [INFO] IPUIPlugin:80 - create IPUIPlugin
2023-06-04 14:20:26,564 [INFO] PluginManager:220 - loadIPPluginJar : add fmc
2023-06-04 14:20:26,573 [INFO] IPUIPlugin:80 - create IPUIPlugin
2023-06-04 14:20:26,573 [INFO] PluginManager:220 - loadIPPluginJar : add freertos
2023-06-04 14:20:26,576 [INFO] IPUIPlugin:80 - create IPUIPlugin
2023-06-04 14:20:26,577 [INFO] PluginManager:220 - loadIPPluginJar : add genericplugin
2023-06-04 14:20:26,582 [INFO] IPUIPlugin:80 - create IPUIPlugin
2023-06-04 14:20:26,582 [INFO] PluginManager:220 - loadIPPluginJar : add gfxmmu
2023-06-04 14:20:26,591 [INFO] IPUIPlugin:80 - create IPUIPlugin
2023-06-04 14:20:26,591 [INFO] PluginManager:220 - loadIPPluginJar : add gic
2023-06-04 14:20:26,600 [INFO] IPUIPlugin:80 - create IPUIPlugin
2023-06-04 14:20:26,600 [INFO] PluginManager:220 - loadIPPluginJar : add gpio
2023-06-04 14:20:26,608 [INFO] IPUIPlugin:80 - create IPUIPlugin
2023-06-04 14:20:26,608 [INFO] PluginManager:220 - loadIPPluginJar : add gtzc
2023-06-04 14:20:26,614 [INFO] IPUIPlugin:80 - create IPUIPlugin
2023-06-04 14:20:26,614 [INFO] PluginManager:220 - loadIPPluginJar : add hash
2023-06-04 14:20:26,621 [INFO] IPUIPlugin:80 - create IPUIPlugin
2023-06-04 14:20:26,622 [INFO] PluginManager:220 - loadIPPluginJar : add i2c
2023-06-04 14:20:26,629 [INFO] IPUIPlugin:80 - create IPUIPlugin
2023-06-04 14:20:26,629 [INFO] PluginManager:220 - loadIPPluginJar : add i2s
2023-06-04 14:20:26,636 [INFO] IPUIPlugin:80 - create IPUIPlugin
2023-06-04 14:20:26,636 [INFO] PluginManager:220 - loadIPPluginJar : add i3c
2023-06-04 14:20:26,642 [INFO] IPUIPlugin:80 - create IPUIPlugin
2023-06-04 14:20:26,642 [INFO] PluginManager:220 - loadIPPluginJar : add ipddr
2023-06-04 14:20:26,657 [INFO] IPUIPlugin:80 - create IPUIPlugin
2023-06-04 14:20:26,657 [INFO] PluginManager:220 - loadIPPluginJar : add linkedlist
2023-06-04 14:20:26,663 [INFO] IPUIPlugin:80 - create IPUIPlugin
2023-06-04 14:20:26,663 [INFO] PluginManager:220 - loadIPPluginJar : add lorawan
2023-06-04 14:20:26,667 [INFO] IPUIPlugin:80 - create IPUIPlugin
2023-06-04 14:20:26,667 [INFO] PluginManager:220 - loadIPPluginJar : add ltdc
2023-06-04 14:20:26,679 [INFO] IPUIPlugin:80 - create IPUIPlugin
2023-06-04 14:20:26,680 [INFO] PluginManager:220 - loadIPPluginJar : add mdma
2023-06-04 14:20:26,688 [INFO] IPUIPlugin:80 - create IPUIPlugin
2023-06-04 14:20:26,689 [INFO] PluginManager:220 - loadIPPluginJar : add nvic
2023-06-04 14:20:26,697 [INFO] IPUIPlugin:80 - create IPUIPlugin
2023-06-04 14:20:26,698 [INFO] PluginManager:220 - loadIPPluginJar : add opamp
2023-06-04 14:20:26,708 [INFO] IPUIPlugin:80 - create IPUIPlugin
2023-06-04 14:20:26,711 [INFO] PluginManager:220 - loadIPPluginJar : add openamp
2023-06-04 14:20:26,719 [INFO] IPUIPlugin:80 - create IPUIPlugin
2023-06-04 14:20:26,719 [INFO] PluginManager:220 - loadIPPluginJar : add pdm2pcm
2023-06-04 14:20:26,736 [INFO] IPUIPlugin:80 - create IPUIPlugin
2023-06-04 14:20:26,742 [INFO] PluginManager:220 - loadIPPluginJar : add plateformsettings
2023-06-04 14:20:26,747 [INFO] IPUIPlugin:80 - create IPUIPlugin
2023-06-04 14:20:26,747 [INFO] PluginManager:220 - loadIPPluginJar : add quadspi
2023-06-04 14:20:26,757 [INFO] IPUIPlugin:80 - create IPUIPlugin
2023-06-04 14:20:26,757 [INFO] PluginManager:220 - loadIPPluginJar : add resmgrutility
2023-06-04 14:20:26,765 [INFO] IPUIPlugin:80 - create IPUIPlugin
2023-06-04 14:20:26,765 [INFO] PluginManager:220 - loadIPPluginJar : add sai
2023-06-04 14:20:26,771 [INFO] IPUIPlugin:80 - create IPUIPlugin
2023-06-04 14:20:26,771 [INFO] PluginManager:220 - loadIPPluginJar : add spi
2023-06-04 14:20:26,784 [INFO] IPUIPlugin:80 - create IPUIPlugin
2023-06-04 14:20:26,784 [INFO] PluginManager:220 - loadIPPluginJar : add stm32_wpan
2023-06-04 14:20:26,789 [INFO] IPUIPlugin:80 - create IPUIPlugin
2023-06-04 14:20:26,789 [INFO] PluginManager:220 - loadIPPluginJar : add tim
2023-06-04 14:20:26,797 [INFO] IPUIPlugin:80 - create IPUIPlugin
2023-06-04 14:20:26,797 [INFO] PluginManager:220 - loadIPPluginJar : add touchsensing
2023-06-04 14:20:26,802 [INFO] IPUIPlugin:80 - create IPUIPlugin
2023-06-04 14:20:26,802 [INFO] PluginManager:220 - loadIPPluginJar : add tracer_emb
2023-06-04 14:20:26,807 [INFO] IPUIPlugin:80 - create IPUIPlugin
2023-06-04 14:20:26,807 [INFO] PluginManager:220 - loadIPPluginJar : add ts
2023-06-04 14:20:26,811 [INFO] IPUIPlugin:80 - create IPUIPlugin
2023-06-04 14:20:26,812 [INFO] PluginManager:220 - loadIPPluginJar : add tsc
2023-06-04 14:20:26,817 [INFO] IPUIPlugin:80 - create IPUIPlugin
2023-06-04 14:20:26,817 [INFO] PluginManager:220 - loadIPPluginJar : add ucpd
2023-06-04 14:20:26,823 [INFO] IPUIPlugin:80 - create IPUIPlugin
2023-06-04 14:20:26,824 [INFO] PluginManager:220 - loadIPPluginJar : add usart
2023-06-04 14:20:26,832 [INFO] IPUIPlugin:80 - create IPUIPlugin
2023-06-04 14:20:26,832 [INFO] PluginManager:220 - loadIPPluginJar : add usbx
2023-06-04 14:20:26,973 [INFO] CADModel:165 - CPN selected for project level
2023-06-04 14:20:26,974 [INFO] CADModel:114 - Register for checkConnection events
2023-06-04 14:20:26,974 [FATAL] Updater:308 - Updater called before beeing initialized
2023-06-04 14:20:26,974 [ERROR] CADModel:125 - Updater not yet initialized, retry later 
2023-06-04 14:20:27,213 [INFO] CADModel:165 - CPN selected for project level
2023-06-04 14:20:27,213 [INFO] CADModel:114 - Register for checkConnection events
2023-06-04 14:20:27,213 [FATAL] Updater:308 - Updater called before beeing initialized
2023-06-04 14:20:27,213 [ERROR] CADModel:125 - Updater not yet initialized, retry later 
2023-06-04 14:20:27,220 [FATAL] Updater:308 - Updater called before beeing initialized
2023-06-04 14:20:27,535 [FATAL] Updater:308 - Updater called before beeing initialized
2023-06-04 14:20:27,548 [INFO] DbMcusAds:53 - JSON generation date=Thu Sep 30 15:55:09 KST 2021 (1632984909247)
2023-06-04 14:20:27,549 [FATAL] Updater:308 - Updater called before beeing initialized
2023-06-04 14:20:27,642 [WARN] DetailPanel:346 - Failed to get advertising image, set to default
2023-06-04 14:20:27,794 [FATAL] Updater:308 - Updater called before beeing initialized
2023-06-04 14:20:27,798 [FATAL] Updater:308 - Updater called before beeing initialized
2023-06-04 14:20:27,799 [FATAL] Updater:308 - Updater called before beeing initialized
2023-06-04 14:20:27,799 [WARN] DetailPanel:346 - Failed to get advertising image, set to default
2023-06-04 14:20:27,800 [FATAL] Updater:308 - Updater called before beeing initialized
2023-06-04 14:20:27,880 [ERROR] Updater:1120 - MainUpdater not yet initialized. External WinMGr cannot be set.
2023-06-04 14:20:27,887 [INFO] Updater:1056 - Updater Version found : 6.8.1
2023-06-04 14:20:27,913 [INFO] ApplicationProperties:184 - Using Application install path: C:\ST\STM32CubeIDE_1.12.1\STM32CubeIDE\plugins\com.st.stm32cube.common.mx_6.8.1.202304191431
2023-06-04 14:20:28,414 [INFO] MainUpdater:2854 - connection check result : 10
2023-06-04 14:20:28,415 [INFO] MainUpdater:3548 - Updater definition file requires update
2023-06-04 14:20:28,417 [INFO] MainUpdater:283 - Updater Check For Update Now.
2023-06-04 14:20:28,419 [INFO] MicroXplorer:498 - Change Database Version : DB.6.0.81
2023-06-04 14:20:28,544 [WARN] MainUpdater:1187 - Updater busy. Cannot search thirdparties
2023-06-04 14:20:28,545 [INFO] ThirdPartyUpdaterWithRetryManager:96 - Updater plugin is busy. [1/15]
2023-06-04 14:20:30,692 [INFO] ServerAccessManage:473 - Download File updaters.zip
2023-06-04 14:20:31,012 [INFO] FileExtend:240 - Unzip File : updaters.zip
2023-06-04 14:20:31,012 [INFO] FileExtend:255 - Standard Zip Deflate
2023-06-04 14:20:31,554 [WARN] MainUpdater:1187 - Updater busy. Cannot search thirdparties
2023-06-04 14:20:31,554 [INFO] ThirdPartyUpdaterWithRetryManager:96 - Updater plugin is busy. [2/15]
2023-06-04 14:20:32,623 [INFO] ServerAccessManage:473 - Download File PacksControlFlags.xml
2023-06-04 14:20:33,809 [INFO] ServerAccessManage:473 - Download File cubemx.pidx
2023-06-04 14:20:34,559 [WARN] MainUpdater:1187 - Updater busy. Cannot search thirdparties
2023-06-04 14:20:34,559 [INFO] ThirdPartyUpdaterWithRetryManager:96 - Updater plugin is busy. [3/15]
2023-06-04 14:20:35,709 [INFO] ServerAccessManage:473 - Download File STMicroelectronics.X-CUBE-AZRTOS-WL.pdsc
2023-06-04 14:20:37,567 [WARN] MainUpdater:1187 - Updater busy. Cannot search thirdparties
2023-06-04 14:20:37,567 [INFO] ThirdPartyUpdaterWithRetryManager:96 - Updater plugin is busy. [4/15]
2023-06-04 14:20:38,141 [ERROR] ServerAccessManage:1096 - Problem, Http access forbiden
2023-06-04 14:20:38,143 [ERROR] ServerAccessManage:651 - Problem, Http access forbiden : RoweBots.I-CUBE-UNISONRTOS.pdsc.
2023-06-04 14:20:38,364 [INFO] LogOutputStream:77 - [STDOUT_REDIRECT] 1 : Invalid condition id : UX_CORESTACK_Condition cause : null
2023-06-04 14:20:38,366 [INFO] LogOutputStream:77 - [STDOUT_REDIRECT] 1 : Invalid condition id : UX_CORESTACK_Condition cause : null
2023-06-04 14:20:38,371 [INFO] LogOutputStream:77 - [STDOUT_REDIRECT] 1 : Invalid condition id : UX_CORESTACK_Condition cause : null
2023-06-04 14:20:38,375 [INFO] LogOutputStream:77 - [STDOUT_REDIRECT] 1 : Invalid condition id : UX_CORESTACK_Condition cause : null
2023-06-04 14:20:38,377 [INFO] LogOutputStream:77 - [STDOUT_REDIRECT] 1 : Invalid condition id : UX_CORESTACK_Condition cause : null
2023-06-04 14:20:38,388 [WARN] PackLoader:240 - Cannot read IP mode file for STMicroelectronics.X-CUBE-AZRTOS-WL.2.0.0
2023-06-04 14:20:38,393 [INFO] PopulateThirdPartyThread:66 - Ending populate Thread
2023-06-04 14:20:38,397 [INFO] ThirdParty:1030 - CMSIS Pack Vendor :STMicroelectronics X-CUBE-AZRTOS-WL 2.0.0
2023-06-04 14:20:38,397 [INFO] LoadServerUpdatesThread:373 - End of LoadServerUpdate Thread
2023-06-04 14:20:38,483 [INFO] CheckServerUpdateThread:120 - End of CheckServer Thread
2023-06-04 14:20:38,685 [INFO] MainUpdater:2854 - connection check result : 10
2023-06-04 14:20:38,689 [INFO] MainUpdater:2854 - connection check result : 10
2023-06-04 14:20:38,821 [INFO] MicroXplorer:468 - Change Database Path : 
2023-06-04 14:20:38,822 [INFO] MicroXplorer:498 - Change Database Version : DB.6.0.81
2023-06-04 14:20:38,822 [WARN] ThirdParty:871 - waiting for thirdparty lock release [close project]
2023-06-04 14:20:40,960 [WARN] PackLoader:240 - Cannot read IP mode file for STMicroelectronics.X-CUBE-SMBUS.2.1.0
2023-06-04 14:20:40,991 [WARN] PackLoader:240 - Cannot read IP mode file for STMicroelectronics.X-CUBE-AZRTOS-F7.1.1.0
2023-06-04 14:20:41,006 [ERROR] RealEvaluatedCondition:428 - Found unsupported composite condition: CLASS='Data Exchange' GROUP='STM32_MetaDataManager'
2023-06-04 14:20:41,006 [ERROR] RealEvaluatedCondition:428 - Found unsupported composite condition: GROUP='STM32_MetaDataManager' CLASS='Data Exchange'
2023-06-04 14:20:41,009 [WARN] PackLoader:240 - Cannot read IP mode file for STMicroelectronics.FP-SNS-MOTENV1.4.3.0
2023-06-04 14:20:41,021 [WARN] PackLoader:240 - Cannot read IP mode file for STMicroelectronics.FP-SNS-FLIGHT1.5.0.0
2023-06-04 14:20:41,046 [ERROR] RealEvaluatedCondition:428 - Found unsupported composite condition: GROUP='STM32_MetaDataManager' CLASS='Data Exchange'
2023-06-04 14:20:41,046 [ERROR] RealEvaluatedCondition:428 - Found unsupported composite condition: CLASS='Data Exchange' GROUP='STM32_MetaDataManager'
2023-06-04 14:20:41,048 [WARN] PackLoader:240 - Cannot read IP mode file for STMicroelectronics.FP-SNS-MOTENV1.4.3.1
2023-06-04 14:20:41,063 [WARN] PackLoader:240 - Cannot read IP mode file for STMicroelectronics.FP-SNS-FLIGHT1.5.0.1
2023-06-04 14:20:41,077 [WARN] PackLoader:240 - Cannot read IP mode file for STMicroelectronics.X-CUBE-BLE1.6.2.4
2023-06-04 14:20:41,092 [WARN] PackLoader:240 - Cannot read IP mode file for STMicroelectronics.X-CUBE-DISPLAY.3.0.0
2023-06-04 14:20:41,119 [INFO] LogOutputStream:77 - [STDOUT_REDIRECT] 1 : Invalid condition id : UX_CORESTACK_Condition cause : null
2023-06-04 14:20:41,122 [INFO] LogOutputStream:77 - [STDOUT_REDIRECT] 1 : Invalid condition id : UX_CORESTACK_Condition cause : null
2023-06-04 14:20:41,124 [INFO] LogOutputStream:77 - [STDOUT_REDIRECT] 1 : Invalid condition id : UX_CORESTACK_Condition cause : null
2023-06-04 14:20:41,126 [INFO] LogOutputStream:77 - [STDOUT_REDIRECT] 1 : Invalid condition id : UX_CORESTACK_Condition cause : null
2023-06-04 14:20:41,128 [INFO] LogOutputStream:77 - [STDOUT_REDIRECT] 1 : Invalid condition id : UX_CORESTACK_Condition cause : null
2023-06-04 14:20:41,135 [WARN] PackLoader:240 - Cannot read IP mode file for STMicroelectronics.X-CUBE-AZRTOS-WL.2.0.0
2023-06-04 14:20:41,151 [WARN] PackLoader:240 - Cannot read IP mode file for WES.I-CUBE-Cesium.1.3.0
2023-06-04 14:20:41,161 [WARN] PackLoader:240 - Cannot read IP mode file for STMicroelectronics.X-CUBE-BLE2.3.3.0
2023-06-04 14:20:41,170 [WARN] PackLoader:240 - Cannot read IP mode file for STMicroelectronics.X-CUBE-TOUCHGFX.4.21.4
2023-06-04 14:20:41,182 [WARN] PackLoader:240 - Cannot read IP mode file for STMicroelectronics.X-CUBE-ALGOBUILD.1.3.0
2023-06-04 14:20:41,212 [WARN] PackLoader:240 - Cannot read IP mode file for STMicroelectronics.X-CUBE-AZRTOS-G0.1.1.0
2023-06-04 14:20:41,228 [WARN] PackLoader:240 - Cannot read IP mode file for STMicroelectronics.X-CUBE-NFC4.3.0.0
2023-06-04 14:20:41,237 [WARN] PackLoader:240 - Cannot read IP mode file for STMicroelectronics.FP-ATR-SIGFOX1.3.2.0
2023-06-04 14:20:41,296 [WARN] PackLoader:240 - Cannot read IP mode file for SEGGER.I-CUBE-embOS.1.3.1
2023-06-04 14:20:41,382 [WARN] PackLoader:240 - Cannot read IP mode file for STMicroelectronics.X-CUBE-GNSS1.6.0.0
2023-06-04 14:20:41,411 [WARN] PackLoader:240 - Cannot read IP mode file for STMicroelectronics.X-CUBE-AZRTOS-F4.1.1.0
2023-06-04 14:20:41,427 [WARN] PackLoader:240 - Cannot read IP mode file for wolfSSL.I-CUBE-wolfSSL.5.6.0
2023-06-04 14:20:41,492 [WARN] PackLoader:240 - Cannot read IP mode file for STMicroelectronics.X-CUBE-MEMS1.9.6.0
2023-06-04 14:20:41,752 [WARN] PackLoader:240 - Cannot read IP mode file for emotas.I-CUBE-CANOPEN.1.1.3
2023-06-04 14:20:41,766 [WARN] PackLoader:240 - Cannot read IP mode file for STMicroelectronics.X-CUBE-BLEMGR.2.0.0
2023-06-04 14:20:41,793 [WARN] ConditionMgr:438 - getConditionDescription Invalid condition id : UX DEVICE CLASS RTOS Condition cause : null
2023-06-04 14:20:41,793 [WARN] ConditionMgr:438 - getConditionDescription Invalid condition id : UX DEVICE CLASS RTOS Condition cause : null
2023-06-04 14:20:41,798 [WARN] PackLoader:240 - Cannot read IP mode file for STMicroelectronics.X-CUBE-AZRTOS-H7.3.1.0
2023-06-04 14:20:41,800 [WARN] ConditionMgr:1039 - genDependencies : Invalid condition id : UX DEVICE CLASS RTOS Condition cause : null
2023-06-04 14:20:41,800 [WARN] ConditionMgr:1039 - genDependencies : Invalid condition id : UX DEVICE CLASS RTOS Condition cause : null
2023-06-04 14:20:41,801 [WARN] ConditionMgr:1039 - genDependencies : Invalid condition id : UX DEVICE CLASS RTOS Condition cause : null
2023-06-04 14:20:41,801 [WARN] ConditionMgr:1039 - genDependencies : Invalid condition id : UX DEVICE CLASS RTOS Condition cause : null
2023-06-04 14:20:41,802 [WARN] ConditionMgr:1039 - genDependencies : Invalid condition id : UX DEVICE CLASS RTOS Condition cause : null
2023-06-04 14:20:41,814 [WARN] PackLoader:240 - Cannot read IP mode file for STMicroelectronics.X-CUBE-NFC7.1.0.0
2023-06-04 14:20:41,826 [WARN] PackLoader:240 - Cannot read IP mode file for STMicroelectronics.X-CUBE-EEPRMA1.4.1.0
2023-06-04 14:20:41,856 [WARN] ConditionMgr:438 - getConditionDescription Invalid condition id : LAN8742 Phy interface Condition cause : null
2023-06-04 14:20:41,857 [WARN] PackLoader:240 - Cannot read IP mode file for STMicroelectronics.X-CUBE-AZRTOS-L4.2.0.0
2023-06-04 14:20:41,859 [WARN] ConditionMgr:1039 - genDependencies : Invalid condition id : LAN8742 Phy interface Condition cause : null
2023-06-04 14:20:41,859 [WARN] ConditionMgr:1039 - genDependencies : Invalid condition id : LAN8742 Phy interface Condition cause : null
2023-06-04 14:20:41,860 [WARN] ConditionMgr:1039 - genDependencies : Invalid condition id : LAN8742 Phy interface Condition cause : null
2023-06-04 14:20:41,873 [WARN] PackLoader:240 - Cannot read IP mode file for STMicroelectronics.X-CUBE-SFXS2LP1.4.0.0
2023-06-04 14:20:41,883 [WARN] PackLoader:240 - Cannot read IP mode file for STMicroelectronics.X-CUBE-ISPU.1.1.0
2023-06-04 14:20:41,892 [WARN] PackLoader:240 - Cannot read IP mode file for STMicroelectronics.X-CUBE-FREERTOS.1.0.1
2023-06-04 14:20:41,914 [WARN] PackLoader:240 - Cannot read IP mode file for STMicroelectronics.X-CUBE-AZRTOS-L5.1.1.0
2023-06-04 14:20:41,924 [WARN] PackLoader:240 - Cannot read IP mode file for STMicroelectronics.X-CUBE-AI.8.0.1
2023-06-04 14:20:41,940 [WARN] PackLoader:240 - Cannot read IP mode file for STMicroelectronics.X-CUBE-SUBG2.5.0.0
2023-06-04 14:20:41,966 [WARN] PackLoader:240 - Cannot read IP mode file for STMicroelectronics.X-CUBE-AZRTOS-G4.2.0.0
2023-06-04 14:20:41,986 [WARN] PackLoader:240 - Cannot read IP mode file for STMicroelectronics.X-CUBE-TOF1.3.3.0
2023-06-04 14:20:42,020 [WARN] PackLoader:240 - Cannot read IP mode file for STMicroelectronics.X-CUBE-AZRTOS-L4.1.0.0
2023-06-04 14:20:42,035 [WARN] PackLoader:240 - Cannot read IP mode file for STMicroelectronics.X-CUBE-AZRTOS-WL.1.0.0
2023-06-04 14:20:42,047 [WARN] PackLoader:240 - Cannot read IP mode file for portGmbH.I-Cube-SoM-uGOAL.1.1.0
2023-06-04 14:20:42,053 [WARN] PackLoader:240 - Cannot read IP mode file for STMicroelectronics.X-CUBE-ALS.1.0.1
2023-06-04 14:20:42,067 [WARN] PackLoader:240 - Cannot read IP mode file for STMicroelectronics.X-CUBE-AZRTOS-WB.1.1.0
2023-06-04 14:20:42,074 [WARN] PackLoader:240 - Cannot read IP mode file for STMicroelectronics.FP-ATR-ASTRA1.2.0.0
2023-06-04 14:20:42,075 [INFO] ThirdParty:978 - Integrity check success = true
2023-06-04 14:20:42,075 [INFO] IntegrityCheckThread:100 - exiting critical section [integrity check]
2023-06-04 14:20:42,075 [INFO] IntegrityCheckThread:103 - End integrity checks thread
2023-06-04 14:20:42,076 [INFO] ThirdParty:873 - entering critical section [close project]
2023-06-04 14:20:42,078 [INFO] ThirdParty:883 - exiting critical section [close project]
2023-06-04 14:20:42,082 [INFO] PinOutPanel:1499 - setPackage(No Configuration,No Configuration)
2023-06-04 14:20:42,089 [INFO] UtilMem:75 - Begin LoadConfig() Used Memory: 545704248 Bytes (800063488)
2023-06-04 14:20:42,091 [INFO] MicroXplorer:468 - Change Database Path : 
2023-06-04 14:20:42,091 [INFO] MicroXplorer:498 - Change Database Version : DB.6.0.81
2023-06-04 14:20:42,091 [INFO] OpenFileManager:308 - Change cursor
2023-06-04 14:20:42,170 [INFO] Mcu:1937 - Initializing MCU STM32F103R(8-B)Tx STM32F103RBTx STM32F103RBT6
2023-06-04 14:20:43,480 [INFO] Context:659 - Trying to add GPIOservice into a context  which must be forbidden
2023-06-04 14:20:44,260 [INFO] RtosManager:555 - Registered RTOS mode: class=CMSIS, group=RTOS, mode=CMSIS_V1, owner=FREERTOS
2023-06-04 14:20:44,260 [INFO] RtosManager:555 - Registered RTOS mode: class=CMSIS, group=RTOS2, mode=CMSIS_V2, owner=FREERTOS
2023-06-04 14:20:44,261 [INFO] RtosManager:555 - Registered RTOS mode: class=RTOS, group=Core, mode=CMSIS_V1, owner=FREERTOS
2023-06-04 14:20:44,261 [INFO] RtosManager:555 - Registered RTOS mode: class=RTOS, group=Core, mode=CMSIS_V2, owner=FREERTOS
2023-06-04 14:20:44,261 [WARN] ModelIntegratedComponent:184 - Missing modes for component STMicroelectronics:FreeRTOS:0.0.1:STMicroelectronics:RTOS:FreeRTOS:Core:::10.2.0:
2023-06-04 14:20:44,291 [WARN] ModelIntegratedComponent:63 - No mode defined for component null
2023-06-04 14:20:44,291 [WARN] ModelIntegratedComponent:63 - No mode defined for component null
2023-06-04 14:20:44,291 [WARN] ModelIntegratedComponent:63 - No mode defined for component null
2023-06-04 14:20:44,291 [WARN] ModelIntegratedComponent:63 - No mode defined for component null
2023-06-04 14:20:44,291 [WARN] ModelIntegratedComponent:63 - No mode defined for component null
2023-06-04 14:20:44,291 [WARN] ModelIntegratedComponent:63 - No mode defined for component null
2023-06-04 14:20:44,291 [WARN] ModelIntegratedComponent:63 - No mode defined for component null
2023-06-04 14:20:44,291 [WARN] ModelIntegratedComponent:63 - No mode defined for component null
2023-06-04 14:20:44,291 [WARN] ModelIntegratedComponent:63 - No mode defined for component null
2023-06-04 14:20:44,292 [WARN] ModelIntegratedComponent:63 - No mode defined for component null
2023-06-04 14:20:44,292 [WARN] ModelIntegratedComponent:63 - No mode defined for component null
2023-06-04 14:20:44,292 [WARN] ModelIntegratedComponent:63 - No mode defined for component null
2023-06-04 14:20:44,292 [WARN] ModelIntegratedComponent:63 - No mode defined for component null
2023-06-04 14:20:44,292 [WARN] ModelIntegratedComponent:63 - No mode defined for component null
2023-06-04 14:20:44,292 [WARN] ModelIntegratedComponent:63 - No mode defined for component null
2023-06-04 14:20:44,292 [WARN] ModelIntegratedComponent:63 - No mode defined for component null
2023-06-04 14:20:44,292 [WARN] ModelIntegratedComponent:63 - No mode defined for component null
2023-06-04 14:20:44,292 [WARN] ModelIntegratedComponent:63 - No mode defined for component null
2023-06-04 14:20:44,292 [WARN] ModelIntegratedComponent:63 - No mode defined for component null
2023-06-04 14:20:44,293 [WARN] ModelIntegratedComponent:63 - No mode defined for component null
2023-06-04 14:20:44,293 [WARN] ModelIntegratedComponent:63 - No mode defined for component null
2023-06-04 14:20:44,293 [WARN] ModelIntegratedComponent:63 - No mode defined for component null
2023-06-04 14:20:44,293 [WARN] ModelIntegratedComponent:63 - No mode defined for component null
2023-06-04 14:20:44,293 [WARN] ModelIntegratedComponent:63 - No mode defined for component null
2023-06-04 14:20:44,293 [WARN] ModelIntegratedComponent:63 - No mode defined for component null
2023-06-04 14:20:44,293 [WARN] ModelIntegratedComponent:63 - No mode defined for component null
2023-06-04 14:20:44,293 [WARN] ModelIntegratedComponent:63 - No mode defined for component null
2023-06-04 14:20:44,294 [WARN] ModelIntegratedComponent:63 - No mode defined for component null
2023-06-04 14:20:44,294 [WARN] ModelIntegratedComponent:63 - No mode defined for component null
2023-06-04 14:20:44,294 [WARN] ModelIntegratedComponent:63 - No mode defined for component null
2023-06-04 14:20:44,294 [WARN] ModelIntegratedComponent:63 - No mode defined for component null
2023-06-04 14:20:44,294 [WARN] ModelIntegratedComponent:63 - No mode defined for component null
2023-06-04 14:20:44,295 [WARN] ModelIntegratedComponent:63 - No mode defined for component null
2023-06-04 14:20:44,326 [INFO] ThirdPartyModel:298 - Start build external matchings
2023-06-04 14:20:44,646 [INFO] ThirdPartyModel:316 - End build external matchings
2023-06-04 14:20:44,667 [INFO] ImportTextPane:194 - (OptionalMessage_ERROR) IP (RCC) : Invalid parameter (FamilyName)
2023-06-04 14:20:44,668 [INFO] ImportTextPane:194 - (OptionalMessage_ERROR) IP (RCC) : Parameter (USBFreq_Value) has invalid value (16000000)
2023-06-04 14:20:45,000 [INFO] UtilMem:75 - End LoadConfig() Used Memory: 567529664 Bytes (800063488)
2023-06-04 14:20:45,177 [INFO] ApiDb:581 - Connected to CubeFinder SQLite database (C:\Users\lch\.stmcufinder\plugins\mcufinder\mcu\cube-finder-db.db)
2023-06-04 14:20:45,281 [INFO] ApiDb:668 - CubeFinder database Data Model version=2.1
2023-06-04 14:20:45,281 [INFO] ApiDb:669 - CubeFinder database Configuration version=3.0.35
2023-06-04 14:20:45,281 [INFO] ApiDb:670 - CubeFinder database generation date=2023-04-03 (1680511692)
2023-06-04 14:20:45,282 [INFO] ApiDb:671 - CubeFinder database FW Pack versions=[FP-ATR-ASTRA1_V2.0.0, STM32Cube_FW_C0_V1.0.1, STM32Cube_FW_F0_V1.11.4, STM32Cube_FW_F3_V1.11.4, STM32Cube_FW_F4_V1.27.1, STM32Cube_FW_F7_V1.17.0, STM32Cube_FW_G0_V1.6.1, STM32Cube_FW_G4_V1.5.1, STM32Cube_FW_H5_V0.5.1, STM32Cube_FW_H5_V1.0.0, STM32Cube_FW_H7_V1.11.0, STM32Cube_FW_L0_V1.12.2, STM32Cube_FW_L5_V1.5.0, STM32Cube_FW_U5_V1.2.0, STM32Cube_FW_WBA_V1.0.0, STM32Cube_FW_WBA_V1.0.0RC1, STM32Cube_FW_WBA_V1.0.0RC3, STM32Cube_FW_WB_V1.15.0RC1, STM32Cube_FW_WB_V1.16.0, STM32Cube_FW_WB_V1.16.0RC2, STM32Cube_FW_WL_V1.3.0, X-CUBE-ALGOBUILD_V1.3.0, X-CUBE-ALS_V1.0.1, X-CUBE-AZRTOS-F4_V1.1.0, X-CUBE-AZRTOS-F7_V1.1.0, X-CUBE-AZRTOS-G0_V1.1.0, X-CUBE-AZRTOS-G4_V1.0.0, X-CUBE-AZRTOS-H7_V3.0.0, X-CUBE-AZRTOS-L4_V1.0.0, X-CUBE-AZRTOS-L5_V1.1.0, X-CUBE-AZRTOS-WB_V1.1.0, X-CUBE-AZRTOS-WL_V1.0.0, X-CUBE-BLE1_V6.2.4, X-CUBE-BLE2_V3.3.0, X-CUBE-BLEMGR_V1.3.0, X-CUBE-EEPRMA1_V4.1.0, X-CUBE-FREERTOS_V1.0.1, X-CUBE-GNSS1_V6.0.0, X-CUBE-MEMS1_V9.1.0, X-CUBE-MEMS1_V9.4.0, X-CUBE-MEMS1_V9.5.0, X-CUBE-NFC4_V3.0.0, X-CUBE-NFC7_V1.0.0, X-CUBE-SFXS2LP1_V4.0.0, X-CUBE-SUBG2_V5.0.0]
2023-06-04 14:20:48,061 [INFO] ApiDb:240 - Found 297 in-development CPN: [B-G473E-ZEST1S, B-WB1M-WPAN1, B-WL5M-SUBG1, NUCLEO-C031C6, NUCLEO-H503RB, NUCLEO-H563ZI, NUCLEO-U545RE-Q, NUCLEO-U5A5ZJ-Q, NUCLEO-WBA52CG, STEVAL-PROTEUS1, STEVAL-STWINBX1, STM320518-EVAL, STM32C0116-DK, STM32C011D6Y3TR, STM32C011D6Y6TR, STM32C011F4P3, STM32C011F4P6, STM32C011F4U3, STM32C011F4U6TR, STM32C011F6P3, STM32C011F6P6, STM32C011F6U3, STM32C011F6U6TR, STM32C011J4M3, STM32C011J4M6, STM32C011J6M3, STM32C011J6M6, STM32C0316-DK, STM32C031C4T3, STM32C031C4T6, STM32C031C4U3, STM32C031C4U6, STM32C031C6T3, STM32C031C6T6, STM32C031C6U3, STM32C031C6U6, STM32C031F4P3, STM32C031F4P6, STM32C031F6P3, STM32C031F6P6, STM32C031G4U3, STM32C031G4U6, STM32C031G6U3, STM32C031G6U6, STM32C031K4T3, STM32C031K4T6, STM32C031K4U3, STM32C031K4U6, STM32C031K6T3, STM32C031K6T6, STM32C031K6U3, STM32C031K6U6, STM32G071K8TXN, STM32G071K8UXN, STM32G081GBU6N, STM32G081KBT6N, STM32G081KBUXN, STM32G0B1CCT6N, STM32G0B1KCT6, STM32G0B1NEY6TR, STM32G0B1RCT6N, STM32G0C1CCT6, STM32G0C1CCT6N, STM32G0C1CCU6N, STM32G0C1CET6N, STM32G0C1CEU6N, STM32G0C1KCT6, STM32G0C1NEY6TR, STM32G0C1RCI6N, STM32G0C1RCT6N, STM32G0C1REI6N, STM32G0C1RET6N, STM32G0C1VCI6, STM32G0C1VEI6, STM32G471CCT6, STM32G471CCU6, STM32G471CET3, STM32G471CET6, STM32G471CEU3, STM32G471CEU6, STM32G471MCT6, STM32G471MET3, STM32G471MET6, STM32G471MEY6TR, STM32G471QCT6, STM32G471QET3, STM32G471RCT6, STM32G471RET3, STM32G471RET6, STM32G471VCH6, STM32G471VCI6, STM32G471VCT6, STM32G471VEH3, STM32G471VEH6, STM32G471VEI3, STM32G471VEI6, STM32G471VET3, STM32G471VET6, STM32G474CCT6, STM32H503CBT6, STM32H503CBU6, STM32H503EBY6TR, STM32H503KBU6, STM32H503RBT6, STM32H562AGI6, STM32H562AII6, STM32H562IGK6, STM32H562IGT6, STM32H562IIK6, STM32H562IIT6, STM32H562RGT6, STM32H562RGV6, STM32H562RIT6, STM32H562RIV6, STM32H562VGT6, STM32H562VIT6, STM32H562ZGT6, STM32H562ZIT6, STM32H563AGI6, STM32H563AII3Q, STM32H563AII6, STM32H563IGK6, STM32H563IGT6, STM32H563IIK3Q, STM32H563IIK6, STM32H563IIT3Q, STM32H563IIT6, STM32H563MIY3QTR, STM32H563RGT6, STM32H563RGV6, STM32H563RIT6, STM32H563RIV6, STM32H563VGT6, STM32H563VIT3Q, STM32H563VIT6, STM32H563ZGT6, STM32H563ZIT3Q, STM32H563ZIT6, STM32H573AII3Q, STM32H573AII6, STM32H573I-DK, STM32H573IIK3Q, STM32H573IIK6, STM32H573IIT3Q, STM32H573IIT6, STM32H573MIY3QTR, STM32H573RIT6, STM32H573RIV6, STM32H573VIT3Q, STM32H573VIT6, STM32H573ZIT3Q, STM32H573ZIT6, STM32L4R5QGI6STR, STM32MP131AAE3, STM32MP131AAF3, STM32MP131AAG3, STM32MP131CAE3, STM32MP131CAF3, STM32MP131CAG3, STM32MP131DAE7, STM32MP131DAF7, STM32MP131DAG7, STM32MP131FAE7, STM32MP131FAF7, STM32MP131FAG7, STM32MP133AAE3, STM32MP133AAF3, STM32MP133AAG3, STM32MP133CAE3, STM32MP133CAF3, STM32MP133CAG3, STM32MP133DAE7, STM32MP133DAF7, STM32MP133DAG7, STM32MP133FAE7, STM32MP133FAF7, STM32MP133FAG7, STM32MP135AAE3, STM32MP135AAF3, STM32MP135AAG3, STM32MP135CAE3, STM32MP135CAF3, STM32MP135CAG3, STM32MP135DAE7, STM32MP135DAF7, STM32MP135DAG7, STM32MP135F-DK, STM32MP135FAE7, STM32MP135FAF7, STM32MP135FAF7T, STM32MP135FAF7U, STM32MP135FAG7, STM32U535CBT6, STM32U535CBT6Q, STM32U535CBU6, STM32U535CBU6Q, STM32U535CCT6, STM32U535CCT6Q, STM32U535CCU6, STM32U535CCU6Q, STM32U535CET6, STM32U535CET6Q, STM32U535CEU6, STM32U535CEU6Q, STM32U535JEY6QTR, STM32U535NCY6QTR, STM32U535NEY6QTR, STM32U535RBI6, STM32U535RBI6Q, STM32U535RBT6, STM32U535RBT6Q, STM32U535RCI6, STM32U535RCI6Q, STM32U535RCT6, STM32U535RCT6Q, STM32U535REI6, STM32U535REI6Q, STM32U535RET6, STM32U535RET6Q, STM32U535VCI6, STM32U535VCI6Q, STM32U535VCT6, STM32U535VCT6Q, STM32U535VEI6, STM32U535VEI6Q, STM32U535VET6, STM32U535VET6Q, STM32U545CET6, STM32U545CET6Q, STM32U545CEU6, STM32U545CEU6Q, STM32U545JEY6QTR, STM32U545NEY6QTR, STM32U545REI6, STM32U545REI6Q, STM32U545RET6, STM32U545RET6Q, STM32U545VEI6, STM32U545VEI6Q, STM32U545VET6, STM32U545VET6Q, STM32U595AIH6, STM32U595AIH6Q, STM32U595AJH6, STM32U595AJH6Q, STM32U595QII6, STM32U595QII6Q, STM32U595QJI6, STM32U595QJI6Q, STM32U595RIT6, STM32U595RIT6Q, STM32U595RJT6, STM32U595RJT6Q, STM32U595VIT6, STM32U595VIT6Q, STM32U595VJT6, STM32U595VJT6Q, STM32U595ZIT6, STM32U595ZIT6Q, STM32U595ZIY6QTR, STM32U595ZJT6, STM32U595ZJT6Q, STM32U595ZJY6QTR, STM32U599BJY6QTR, STM32U599NIH6Q, STM32U599NJH6Q, STM32U599VIT6Q, STM32U599VJT6, STM32U599VJT6Q, STM32U599ZIT6Q, STM32U599ZIY6QTR, STM32U599ZJT6Q, STM32U599ZJY6QTR, STM32U5A5AJH6, STM32U5A5AJH6Q, STM32U5A5QJI6, STM32U5A5QJI6Q, STM32U5A5RJT6, STM32U5A5RJT6Q, STM32U5A5VJT6, STM32U5A5VJT6Q, STM32U5A5ZJT6, STM32U5A5ZJT6Q, STM32U5A5ZJY6QTR, STM32U5A9BJY6QTR, STM32U5A9J-DK, STM32U5A9NJH6Q, STM32U5A9VJT6Q, STM32U5A9ZJT6Q, STM32U5A9ZJY6QTR, STM32WB1MMCH6, STM32WBA52CEU6, STM32WBA52CEU6T, STM32WBA52CGU6, STM32WBA52CGU6T, STM32WL5MOCH6, STM32WL5MOCH6TR]
2023-06-04 14:20:48,066 [INFO] DbMcus:216 - Found 3775 MCUs, 3775 are supported
2023-06-04 14:20:48,067 [INFO] ApiDb:414 - User favorites file not found: C:\Users\lch/.stm32cubeide/favorites.mcus.txt
2023-06-04 14:20:48,067 [INFO] DbMcus:222 - Set 0 / 0 favorites MCUs
2023-06-04 14:20:48,532 [WARN] ThirdParty:833 - waiting for thirdparty lock release [change project]
2023-06-04 14:20:48,532 [INFO] ThirdParty:835 - entering critical section [change project]
2023-06-04 14:20:48,532 [INFO] ThirdParty:1030 - CMSIS Pack Vendor :STMicroelectronics X-CUBE-ISPU 1.1.0
2023-06-04 14:20:48,532 [INFO] ThirdParty:1030 - CMSIS Pack Vendor :STMicroelectronics X-CUBE-GNSS1 6.0.0
2023-06-04 14:20:48,532 [INFO] ThirdParty:1030 - CMSIS Pack Vendor :STMicroelectronics USB_HOST 2.0.0
2023-06-04 14:20:48,532 [INFO] ThirdParty:1030 - CMSIS Pack Vendor :STMicroelectronics X-CUBE-AZRTOS-F4 1.1.0
2023-06-04 14:20:48,532 [INFO] ThirdParty:1030 - CMSIS Pack Vendor :STMicroelectronics LIBJPEG 8.0.0
2023-06-04 14:20:48,532 [INFO] ThirdParty:1030 - CMSIS Pack Vendor :STMicroelectronics X-CUBE-SMBUS 2.1.0
2023-06-04 14:20:48,532 [INFO] ThirdParty:1030 - CMSIS Pack Vendor :wolfSSL I-CUBE-wolfSSL 5.6.0
2023-06-04 14:20:48,532 [INFO] ThirdParty:1030 - CMSIS Pack Vendor :STMicroelectronics USB_DEVICE 3.0.0
2023-06-04 14:20:48,532 [INFO] ThirdParty:1030 - CMSIS Pack Vendor :STMicroelectronics X-CUBE-FREERTOS 1.0.1
2023-06-04 14:20:48,533 [INFO] ThirdParty:1030 - CMSIS Pack Vendor :STMicroelectronics X-CUBE-AZRTOS-F7 1.1.0
2023-06-04 14:20:48,533 [INFO] ThirdParty:1030 - CMSIS Pack Vendor :STMicroelectronics X-CUBE-TOUCHGFX 4.21.4
2023-06-04 14:20:48,533 [INFO] ThirdParty:1030 - CMSIS Pack Vendor :STMicroelectronics USB_DEVICE 2.0.0
2023-06-04 14:20:48,533 [INFO] ThirdParty:1030 - CMSIS Pack Vendor :STMicroelectronics X-CUBE-MEMS1 9.6.0
2023-06-04 14:20:48,533 [INFO] ThirdParty:1030 - CMSIS Pack Vendor :STMicroelectronics FP-SNS-MOTENV1 4.3.0
2023-06-04 14:20:48,533 [INFO] ThirdParty:1030 - CMSIS Pack Vendor :STMicroelectronics FP-SNS-FLIGHT1 5.0.0
2023-06-04 14:20:48,533 [INFO] ThirdParty:1030 - CMSIS Pack Vendor :STMicroelectronics FP-SNS-MOTENV1 4.3.1
2023-06-04 14:20:48,533 [INFO] ThirdParty:1030 - CMSIS Pack Vendor :STMicroelectronics FP-SNS-FLIGHT1 5.0.1
2023-06-04 14:20:48,533 [INFO] ThirdParty:1030 - CMSIS Pack Vendor :STMicroelectronics X-CUBE-ALGOBUILD 1.3.0
2023-06-04 14:20:48,533 [INFO] ThirdParty:1030 - CMSIS Pack Vendor :STMicroelectronics X-CUBE-BLE1 6.2.4
2023-06-04 14:20:48,533 [INFO] ThirdParty:1030 - CMSIS Pack Vendor :STMicroelectronics X-CUBE-AZRTOS-L5 1.1.0
2023-06-04 14:20:48,533 [INFO] ThirdParty:1030 - CMSIS Pack Vendor :STMicroelectronics FreeRTOS 0.0.1
2023-06-04 14:20:48,533 [INFO] ThirdParty:1030 - CMSIS Pack Vendor :STMicroelectronics X-CUBE-AZRTOS-G0 1.1.0
2023-06-04 14:20:48,534 [INFO] ThirdParty:1030 - CMSIS Pack Vendor :emotas I-CUBE-CANOPEN 1.1.3
2023-06-04 14:20:48,534 [INFO] ThirdParty:1030 - CMSIS Pack Vendor :STMicroelectronics X-CUBE-BLEMGR 2.0.0
2023-06-04 14:20:48,534 [INFO] ThirdParty:1030 - CMSIS Pack Vendor :STMicroelectronics X-CUBE-AI 8.0.1
2023-06-04 14:20:48,534 [INFO] ThirdParty:1030 - CMSIS Pack Vendor :STMicroelectronics X-CUBE-NFC4 3.0.0
2023-06-04 14:20:48,534 [INFO] ThirdParty:1030 - CMSIS Pack Vendor :STMicroelectronics X-CUBE-SUBG2 5.0.0
2023-06-04 14:20:48,534 [INFO] ThirdParty:1030 - CMSIS Pack Vendor :STMicroelectronics STM32_WPAN 1.0.0
2023-06-04 14:20:48,534 [INFO] ThirdParty:1030 - CMSIS Pack Vendor :STMicroelectronics lwIP 2.0.3
2023-06-04 14:20:48,534 [INFO] ThirdParty:1030 - CMSIS Pack Vendor :STMicroelectronics USB_HOST 1.0.0
2023-06-04 14:20:48,534 [INFO] ThirdParty:1030 - CMSIS Pack Vendor :STMicroelectronics X-CUBE-AZRTOS-G4 2.0.0
2023-06-04 14:20:48,534 [INFO] ThirdParty:1030 - CMSIS Pack Vendor :STMicroelectronics PDM2PCM 3.1.0
2023-06-04 14:20:48,535 [INFO] ThirdParty:1030 - CMSIS Pack Vendor :STMicroelectronics X-CUBE-AZRTOS-H7 3.1.0
2023-06-04 14:20:48,535 [INFO] ThirdParty:1030 - CMSIS Pack Vendor :STMicroelectronics X-CUBE-TOF1 3.3.0
2023-06-04 14:20:48,535 [INFO] ThirdParty:1030 - CMSIS Pack Vendor :STMicroelectronics PDM2PCM 3.3.0
2023-06-04 14:20:48,537 [INFO] ThirdParty:1030 - CMSIS Pack Vendor :STMicroelectronics X-CUBE-DISPLAY 3.0.0
2023-06-04 14:20:48,537 [INFO] ThirdParty:1030 - CMSIS Pack Vendor :STMicroelectronics FP-ATR-SIGFOX1 3.2.0
2023-06-04 14:20:48,537 [INFO] ThirdParty:1030 - CMSIS Pack Vendor :STMicroelectronics X-CUBE-AZRTOS-L4 1.0.0
2023-06-04 14:20:48,537 [INFO] ThirdParty:1030 - CMSIS Pack Vendor :STMicroelectronics HAL Drivers 0.0.0
2023-06-04 14:20:48,538 [INFO] ThirdParty:1030 - CMSIS Pack Vendor :STMicroelectronics MBEDTLS 2.16.2
2023-06-04 14:20:48,538 [INFO] ThirdParty:1030 - CMSIS Pack Vendor :STMicroelectronics MBEDTLS 2.14.1
2023-06-04 14:20:48,538 [INFO] ThirdParty:1030 - CMSIS Pack Vendor :STMicroelectronics X-CUBE-NFC7 1.0.0
2023-06-04 14:20:48,538 [INFO] ThirdParty:1030 - CMSIS Pack Vendor :STMicroelectronics X-CUBE-AZRTOS-WL 1.0.0
2023-06-04 14:20:48,538 [INFO] ThirdParty:1030 - CMSIS Pack Vendor :STMicroelectronics X-CUBE-EEPRMA1 4.1.0
2023-06-04 14:20:48,538 [INFO] ThirdParty:1030 - CMSIS Pack Vendor :portGmbH I-Cube-SoM-uGOAL 1.1.0
2023-06-04 14:20:48,538 [INFO] ThirdParty:1030 - CMSIS Pack Vendor :STMicroelectronics X-CUBE-ALS 1.0.1
2023-06-04 14:20:48,538 [INFO] ThirdParty:1030 - CMSIS Pack Vendor :STMicroelectronics ThreadX 1.0.0
2023-06-04 14:20:48,538 [INFO] ThirdParty:1030 - CMSIS Pack Vendor :STMicroelectronics X-CUBE-AZRTOS-WB 1.1.0
2023-06-04 14:20:48,538 [INFO] ThirdParty:1030 - CMSIS Pack Vendor :STMicroelectronics X-CUBE-AZRTOS-WL 2.0.0
2023-06-04 14:20:48,538 [INFO] ThirdParty:1030 - CMSIS Pack Vendor :SEGGER I-CUBE-embOS 1.3.1
2023-06-04 14:20:48,538 [INFO] ThirdParty:1030 - CMSIS Pack Vendor :STMicroelectronics USB_DEVICE 1.0.0
2023-06-04 14:20:48,538 [INFO] ThirdParty:1030 - CMSIS Pack Vendor :STMicroelectronics X-CUBE-AZRTOS-L4 2.0.0
2023-06-04 14:20:48,539 [INFO] ThirdParty:1030 - CMSIS Pack Vendor :STMicroelectronics ThreadX 0.0.2
2023-06-04 14:20:48,539 [INFO] ThirdParty:1030 - CMSIS Pack Vendor :WES I-CUBE-Cesium 1.3.0
2023-06-04 14:20:48,539 [INFO] ThirdParty:1030 - CMSIS Pack Vendor :STMicroelectronics FP-ATR-ASTRA1 2.0.0
2023-06-04 14:20:48,539 [INFO] ThirdParty:1030 - CMSIS Pack Vendor :STMicroelectronics lwIP 2.1.2
2023-06-04 14:20:48,539 [INFO] ThirdParty:1030 - CMSIS Pack Vendor :STMicroelectronics X-CUBE-SFXS2LP1 4.0.0
2023-06-04 14:20:48,539 [INFO] ThirdParty:1030 - CMSIS Pack Vendor :STMicroelectronics X-CUBE-BLE2 3.3.0
2023-06-04 14:20:48,539 [INFO] ThirdParty:1030 - CMSIS Pack Vendor :STMicroelectronics PDM2PCM 3.2.0
2023-06-04 14:20:48,539 [INFO] ThirdParty:841 - exiting critical section [change project]
2023-06-04 14:20:48,986 [INFO] PinOutPanel:1499 - setPackage(No Configuration,No Configuration)
2023-06-04 14:20:48,991 [INFO] PinOutPanel:1499 - setPackage(STM32F103RBTx,LQFP64)
2023-06-04 14:20:49,940 [INFO] UtilMem:75 - Before build in PCC Used Memory: 635091968 Bytes (800063488)
2023-06-04 14:20:51,323 [INFO] UtilMem:75 - After build in PCC Used Memory: 585963152 Bytes (800063488)
2023-06-04 14:20:51,388 [INFO] IPUIPlugin:80 - create IPUIPlugin
2023-06-04 14:20:51,388 [INFO] IPUIPlugin:80 - create IPUIPlugin
2023-06-04 14:20:51,388 [INFO] IPUIPlugin:80 - create IPUIPlugin
2023-06-04 14:20:51,392 [INFO] IPUIPlugin:80 - create IPUIPlugin
2023-06-04 14:20:51,392 [INFO] IPUIPlugin:80 - create IPUIPlugin
2023-06-04 14:20:51,392 [INFO] IPUIPlugin:80 - create IPUIPlugin
2023-06-04 14:20:51,393 [INFO] IPUIPlugin:80 - create IPUIPlugin
2023-06-04 14:20:51,393 [INFO] IPUIPlugin:80 - create IPUIPlugin
2023-06-04 14:20:51,393 [INFO] IPUIPlugin:80 - create IPUIPlugin
2023-06-04 14:20:51,393 [INFO] IPUIPlugin:80 - create IPUIPlugin
2023-06-04 14:20:51,394 [INFO] IPUIPlugin:80 - create IPUIPlugin
2023-06-04 14:20:51,394 [INFO] IPUIPlugin:80 - create IPUIPlugin
2023-06-04 14:20:51,394 [INFO] IPUIPlugin:80 - create IPUIPlugin
2023-06-04 14:20:51,394 [INFO] IPUIPlugin:80 - create IPUIPlugin
2023-06-04 14:20:51,395 [INFO] IPUIPlugin:80 - create IPUIPlugin
2023-06-04 14:20:51,396 [INFO] IPUIPlugin:80 - create IPUIPlugin
2023-06-04 14:20:51,396 [INFO] IPUIPlugin:80 - create IPUIPlugin
2023-06-04 14:20:51,396 [INFO] IPUIPlugin:80 - create IPUIPlugin
2023-06-04 14:20:51,396 [INFO] IPUIPlugin:80 - create IPUIPlugin
2023-06-04 14:20:51,397 [INFO] IPUIPlugin:80 - create IPUIPlugin
2023-06-04 14:20:51,397 [INFO] IPUIPlugin:80 - create IPUIPlugin
2023-06-04 14:20:51,397 [INFO] IPUIPlugin:80 - create IPUIPlugin
2023-06-04 14:20:51,398 [INFO] IPUIPlugin:80 - create IPUIPlugin
2023-06-04 14:20:51,398 [INFO] IPUIPlugin:80 - create IPUIPlugin
2023-06-04 14:20:51,398 [INFO] IPUIPlugin:80 - create IPUIPlugin
2023-06-04 14:20:51,399 [INFO] IPUIPlugin:80 - create IPUIPlugin
2023-06-04 14:20:51,399 [INFO] IPUIPlugin:80 - create IPUIPlugin
2023-06-04 14:20:51,751 [INFO] CADModel:165 - CPN selected for project levelSTM32F103RBT6
2023-06-04 14:20:51,751 [INFO] CADModel:114 - Register for checkConnection events
2023-06-04 14:20:51,821 [INFO] OpenFileManager:328 - Restore cursor
2023-06-04 14:24:23,378 [ERROR] ConfigurationRetriever:142 - IOException on connection: connect timed out
2023-06-04 14:47:30,167 [INFO] MainUpdater:2854 - connection check result : 10
2023-06-04 14:47:30,167 [INFO] MainUpdater:2854 - connection check result : 10
2023-06-04 14:47:30,579 [INFO] MicroXplorer:468 - Change Database Path : 
2023-06-04 14:47:30,579 [INFO] MicroXplorer:498 - Change Database Version : DB.6.0.81
2023-06-04 14:47:30,615 [WARN] ThirdParty:871 - waiting for thirdparty lock release [close project]
2023-06-04 14:47:30,616 [INFO] ThirdParty:873 - entering critical section [close project]
2023-06-04 14:47:30,616 [INFO] ThirdParty:883 - exiting critical section [close project]
2023-06-04 14:47:30,618 [INFO] PinOutPanel:1499 - setPackage(No Configuration,No Configuration)
2023-06-04 14:47:30,631 [INFO] UtilMem:75 - Begin LoadConfig() Used Memory: 671177624 Bytes (800063488)
2023-06-04 14:47:30,632 [INFO] MicroXplorer:468 - Change Database Path : 
2023-06-04 14:47:30,632 [INFO] MicroXplorer:498 - Change Database Version : DB.6.0.81
2023-06-04 14:47:30,632 [INFO] OpenFileManager:308 - Change cursor
2023-06-04 14:47:30,647 [INFO] Mcu:1937 - Initializing MCU STM32F103R(8-B)Tx STM32F103RBTx STM32F103RBT6
2023-06-04 14:47:31,520 [INFO] Context:659 - Trying to add GPIOservice into a context  which must be forbidden
2023-06-04 14:47:31,821 [INFO] RtosManager:555 - Registered RTOS mode: class=CMSIS, group=RTOS, mode=CMSIS_V1, owner=FREERTOS
2023-06-04 14:47:31,821 [INFO] RtosManager:555 - Registered RTOS mode: class=CMSIS, group=RTOS2, mode=CMSIS_V2, owner=FREERTOS
2023-06-04 14:47:31,821 [INFO] RtosManager:555 - Registered RTOS mode: class=RTOS, group=Core, mode=CMSIS_V1, owner=FREERTOS
2023-06-04 14:47:31,821 [INFO] RtosManager:555 - Registered RTOS mode: class=RTOS, group=Core, mode=CMSIS_V2, owner=FREERTOS
2023-06-04 14:47:31,821 [WARN] ModelIntegratedComponent:184 - Missing modes for component STMicroelectronics:FreeRTOS:0.0.1:STMicroelectronics:RTOS:FreeRTOS:Core:::10.2.0:
2023-06-04 14:47:31,836 [WARN] ModelIntegratedComponent:63 - No mode defined for component null
2023-06-04 14:47:31,836 [WARN] ModelIntegratedComponent:63 - No mode defined for component null
2023-06-04 14:47:31,836 [WARN] ModelIntegratedComponent:63 - No mode defined for component null
2023-06-04 14:47:31,836 [WARN] ModelIntegratedComponent:63 - No mode defined for component null
2023-06-04 14:47:31,836 [WARN] ModelIntegratedComponent:63 - No mode defined for component null
2023-06-04 14:47:31,836 [WARN] ModelIntegratedComponent:63 - No mode defined for component null
2023-06-04 14:47:31,836 [WARN] ModelIntegratedComponent:63 - No mode defined for component null
2023-06-04 14:47:31,837 [WARN] ModelIntegratedComponent:63 - No mode defined for component null
2023-06-04 14:47:31,837 [WARN] ModelIntegratedComponent:63 - No mode defined for component null
2023-06-04 14:47:31,837 [WARN] ModelIntegratedComponent:63 - No mode defined for component null
2023-06-04 14:47:31,837 [WARN] ModelIntegratedComponent:63 - No mode defined for component null
2023-06-04 14:47:31,837 [WARN] ModelIntegratedComponent:63 - No mode defined for component null
2023-06-04 14:47:31,837 [WARN] ModelIntegratedComponent:63 - No mode defined for component null
2023-06-04 14:47:31,837 [WARN] ModelIntegratedComponent:63 - No mode defined for component null
2023-06-04 14:47:31,837 [WARN] ModelIntegratedComponent:63 - No mode defined for component null
2023-06-04 14:47:31,837 [WARN] ModelIntegratedComponent:63 - No mode defined for component null
2023-06-04 14:47:31,837 [WARN] ModelIntegratedComponent:63 - No mode defined for component null
2023-06-04 14:47:31,837 [WARN] ModelIntegratedComponent:63 - No mode defined for component null
2023-06-04 14:47:31,837 [WARN] ModelIntegratedComponent:63 - No mode defined for component null
2023-06-04 14:47:31,837 [WARN] ModelIntegratedComponent:63 - No mode defined for component null
2023-06-04 14:47:31,837 [WARN] ModelIntegratedComponent:63 - No mode defined for component null
2023-06-04 14:47:31,837 [WARN] ModelIntegratedComponent:63 - No mode defined for component null
2023-06-04 14:47:31,838 [WARN] ModelIntegratedComponent:63 - No mode defined for component null
2023-06-04 14:47:31,838 [WARN] ModelIntegratedComponent:63 - No mode defined for component null
2023-06-04 14:47:31,838 [WARN] ModelIntegratedComponent:63 - No mode defined for component null
2023-06-04 14:47:31,838 [WARN] ModelIntegratedComponent:63 - No mode defined for component null
2023-06-04 14:47:31,838 [WARN] ModelIntegratedComponent:63 - No mode defined for component null
2023-06-04 14:47:31,838 [WARN] ModelIntegratedComponent:63 - No mode defined for component null
2023-06-04 14:47:31,838 [WARN] ModelIntegratedComponent:63 - No mode defined for component null
2023-06-04 14:47:31,838 [WARN] ModelIntegratedComponent:63 - No mode defined for component null
2023-06-04 14:47:31,838 [WARN] ModelIntegratedComponent:63 - No mode defined for component null
2023-06-04 14:47:31,838 [WARN] ModelIntegratedComponent:63 - No mode defined for component null
2023-06-04 14:47:31,838 [WARN] ModelIntegratedComponent:63 - No mode defined for component null
2023-06-04 14:47:31,852 [INFO] ThirdPartyModel:298 - Start build external matchings
2023-06-04 14:47:32,173 [INFO] ThirdPartyModel:316 - End build external matchings
2023-06-04 14:47:32,186 [INFO] ImportTextPane:194 - (OptionalMessage_ERROR) IP (RCC) : Invalid parameter (FamilyName)
2023-06-04 14:47:32,186 [INFO] ImportTextPane:194 - (OptionalMessage_ERROR) IP (RCC) : Parameter (USBFreq_Value) has invalid value (16000000)
2023-06-04 14:47:32,414 [INFO] UtilMem:75 - End LoadConfig() Used Memory: 629645016 Bytes (800063488)
2023-06-04 14:47:32,463 [WARN] ThirdParty:833 - waiting for thirdparty lock release [change project]
2023-06-04 14:47:32,463 [INFO] ThirdParty:835 - entering critical section [change project]
2023-06-04 14:47:32,463 [INFO] ThirdParty:1030 - CMSIS Pack Vendor :STMicroelectronics X-CUBE-ISPU 1.1.0
2023-06-04 14:47:32,463 [INFO] ThirdParty:1030 - CMSIS Pack Vendor :STMicroelectronics X-CUBE-GNSS1 6.0.0
2023-06-04 14:47:32,463 [INFO] ThirdParty:1030 - CMSIS Pack Vendor :STMicroelectronics USB_HOST 2.0.0
2023-06-04 14:47:32,463 [INFO] ThirdParty:1030 - CMSIS Pack Vendor :STMicroelectronics X-CUBE-AZRTOS-F4 1.1.0
2023-06-04 14:47:32,464 [INFO] ThirdParty:1030 - CMSIS Pack Vendor :STMicroelectronics LIBJPEG 8.0.0
2023-06-04 14:47:32,464 [INFO] ThirdParty:1030 - CMSIS Pack Vendor :STMicroelectronics X-CUBE-SMBUS 2.1.0
2023-06-04 14:47:32,464 [INFO] ThirdParty:1030 - CMSIS Pack Vendor :wolfSSL I-CUBE-wolfSSL 5.6.0
2023-06-04 14:47:32,464 [INFO] ThirdParty:1030 - CMSIS Pack Vendor :STMicroelectronics USB_DEVICE 3.0.0
2023-06-04 14:47:32,464 [INFO] ThirdParty:1030 - CMSIS Pack Vendor :STMicroelectronics X-CUBE-FREERTOS 1.0.1
2023-06-04 14:47:32,464 [INFO] ThirdParty:1030 - CMSIS Pack Vendor :STMicroelectronics X-CUBE-AZRTOS-F7 1.1.0
2023-06-04 14:47:32,464 [INFO] ThirdParty:1030 - CMSIS Pack Vendor :STMicroelectronics X-CUBE-TOUCHGFX 4.21.4
2023-06-04 14:47:32,464 [INFO] ThirdParty:1030 - CMSIS Pack Vendor :STMicroelectronics USB_DEVICE 2.0.0
2023-06-04 14:47:32,466 [INFO] ThirdParty:1030 - CMSIS Pack Vendor :STMicroelectronics X-CUBE-MEMS1 9.6.0
2023-06-04 14:47:32,466 [INFO] ThirdParty:1030 - CMSIS Pack Vendor :STMicroelectronics FP-SNS-MOTENV1 4.3.0
2023-06-04 14:47:32,466 [INFO] ThirdParty:1030 - CMSIS Pack Vendor :STMicroelectronics FP-SNS-FLIGHT1 5.0.0
2023-06-04 14:47:32,466 [INFO] ThirdParty:1030 - CMSIS Pack Vendor :STMicroelectronics FP-SNS-MOTENV1 4.3.1
2023-06-04 14:47:32,466 [INFO] ThirdParty:1030 - CMSIS Pack Vendor :STMicroelectronics FP-SNS-FLIGHT1 5.0.1
2023-06-04 14:47:32,466 [INFO] ThirdParty:1030 - CMSIS Pack Vendor :STMicroelectronics X-CUBE-ALGOBUILD 1.3.0
2023-06-04 14:47:32,467 [INFO] ThirdParty:1030 - CMSIS Pack Vendor :STMicroelectronics X-CUBE-BLE1 6.2.4
2023-06-04 14:47:32,467 [INFO] ThirdParty:1030 - CMSIS Pack Vendor :STMicroelectronics X-CUBE-AZRTOS-L5 1.1.0
2023-06-04 14:47:32,467 [INFO] ThirdParty:1030 - CMSIS Pack Vendor :STMicroelectronics FreeRTOS 0.0.1
2023-06-04 14:47:32,467 [INFO] ThirdParty:1030 - CMSIS Pack Vendor :STMicroelectronics X-CUBE-AZRTOS-G0 1.1.0
2023-06-04 14:47:32,467 [INFO] ThirdParty:1030 - CMSIS Pack Vendor :emotas I-CUBE-CANOPEN 1.1.3
2023-06-04 14:47:32,468 [INFO] ThirdParty:1030 - CMSIS Pack Vendor :STMicroelectronics X-CUBE-BLEMGR 2.0.0
2023-06-04 14:47:32,468 [INFO] ThirdParty:1030 - CMSIS Pack Vendor :STMicroelectronics X-CUBE-AI 8.0.1
2023-06-04 14:47:32,468 [INFO] ThirdParty:1030 - CMSIS Pack Vendor :STMicroelectronics X-CUBE-NFC4 3.0.0
2023-06-04 14:47:32,469 [INFO] ThirdParty:1030 - CMSIS Pack Vendor :STMicroelectronics X-CUBE-SUBG2 5.0.0
2023-06-04 14:47:32,471 [INFO] ThirdParty:1030 - CMSIS Pack Vendor :STMicroelectronics STM32_WPAN 1.0.0
2023-06-04 14:47:32,471 [INFO] ThirdParty:1030 - CMSIS Pack Vendor :STMicroelectronics lwIP 2.0.3
2023-06-04 14:47:32,472 [INFO] ThirdParty:1030 - CMSIS Pack Vendor :STMicroelectronics USB_HOST 1.0.0
2023-06-04 14:47:32,472 [INFO] ThirdParty:1030 - CMSIS Pack Vendor :STMicroelectronics X-CUBE-AZRTOS-G4 2.0.0
2023-06-04 14:47:32,472 [INFO] ThirdParty:1030 - CMSIS Pack Vendor :STMicroelectronics PDM2PCM 3.1.0
2023-06-04 14:47:32,472 [INFO] ThirdParty:1030 - CMSIS Pack Vendor :STMicroelectronics X-CUBE-AZRTOS-H7 3.1.0
2023-06-04 14:47:32,472 [INFO] ThirdParty:1030 - CMSIS Pack Vendor :STMicroelectronics X-CUBE-TOF1 3.3.0
2023-06-04 14:47:32,472 [INFO] ThirdParty:1030 - CMSIS Pack Vendor :STMicroelectronics PDM2PCM 3.3.0
2023-06-04 14:47:32,472 [INFO] ThirdParty:1030 - CMSIS Pack Vendor :STMicroelectronics X-CUBE-DISPLAY 3.0.0
2023-06-04 14:47:32,472 [INFO] ThirdParty:1030 - CMSIS Pack Vendor :STMicroelectronics FP-ATR-SIGFOX1 3.2.0
2023-06-04 14:47:32,472 [INFO] ThirdParty:1030 - CMSIS Pack Vendor :STMicroelectronics X-CUBE-AZRTOS-L4 1.0.0
2023-06-04 14:47:32,472 [INFO] ThirdParty:1030 - CMSIS Pack Vendor :STMicroelectronics HAL Drivers 0.0.0
2023-06-04 14:47:32,473 [INFO] ThirdParty:1030 - CMSIS Pack Vendor :STMicroelectronics MBEDTLS 2.16.2
2023-06-04 14:47:32,473 [INFO] ThirdParty:1030 - CMSIS Pack Vendor :STMicroelectronics MBEDTLS 2.14.1
2023-06-04 14:47:32,473 [INFO] ThirdParty:1030 - CMSIS Pack Vendor :STMicroelectronics X-CUBE-NFC7 1.0.0
2023-06-04 14:47:32,473 [INFO] ThirdParty:1030 - CMSIS Pack Vendor :STMicroelectronics X-CUBE-AZRTOS-WL 1.0.0
2023-06-04 14:47:32,474 [INFO] ThirdParty:1030 - CMSIS Pack Vendor :STMicroelectronics X-CUBE-EEPRMA1 4.1.0
2023-06-04 14:47:32,474 [INFO] ThirdParty:1030 - CMSIS Pack Vendor :portGmbH I-Cube-SoM-uGOAL 1.1.0
2023-06-04 14:47:32,474 [INFO] ThirdParty:1030 - CMSIS Pack Vendor :STMicroelectronics X-CUBE-ALS 1.0.1
2023-06-04 14:47:32,474 [INFO] ThirdParty:1030 - CMSIS Pack Vendor :STMicroelectronics ThreadX 1.0.0
2023-06-04 14:47:32,474 [INFO] ThirdParty:1030 - CMSIS Pack Vendor :STMicroelectronics X-CUBE-AZRTOS-WB 1.1.0
2023-06-04 14:47:32,474 [INFO] ThirdParty:1030 - CMSIS Pack Vendor :STMicroelectronics X-CUBE-AZRTOS-WL 2.0.0
2023-06-04 14:47:32,475 [INFO] ThirdParty:1030 - CMSIS Pack Vendor :SEGGER I-CUBE-embOS 1.3.1
2023-06-04 14:47:32,475 [INFO] ThirdParty:1030 - CMSIS Pack Vendor :STMicroelectronics USB_DEVICE 1.0.0
2023-06-04 14:47:32,475 [INFO] ThirdParty:1030 - CMSIS Pack Vendor :STMicroelectronics X-CUBE-AZRTOS-L4 2.0.0
2023-06-04 14:47:32,475 [INFO] ThirdParty:1030 - CMSIS Pack Vendor :STMicroelectronics ThreadX 0.0.2
2023-06-04 14:47:32,475 [INFO] ThirdParty:1030 - CMSIS Pack Vendor :WES I-CUBE-Cesium 1.3.0
2023-06-04 14:47:32,475 [INFO] ThirdParty:1030 - CMSIS Pack Vendor :STMicroelectronics FP-ATR-ASTRA1 2.0.0
2023-06-04 14:47:32,475 [INFO] ThirdParty:1030 - CMSIS Pack Vendor :STMicroelectronics lwIP 2.1.2
2023-06-04 14:47:32,475 [INFO] ThirdParty:1030 - CMSIS Pack Vendor :STMicroelectronics X-CUBE-SFXS2LP1 4.0.0
2023-06-04 14:47:32,475 [INFO] ThirdParty:1030 - CMSIS Pack Vendor :STMicroelectronics X-CUBE-BLE2 3.3.0
2023-06-04 14:47:32,475 [INFO] ThirdParty:1030 - CMSIS Pack Vendor :STMicroelectronics PDM2PCM 3.2.0
2023-06-04 14:47:32,476 [INFO] ThirdParty:841 - exiting critical section [change project]
2023-06-04 14:47:32,715 [INFO] PinOutPanel:1499 - setPackage(No Configuration,No Configuration)
2023-06-04 14:47:32,717 [INFO] PinOutPanel:1499 - setPackage(STM32F103RBTx,LQFP64)
2023-06-04 14:47:33,081 [INFO] UtilMem:75 - Before build in PCC Used Memory: 550280704 Bytes (800063488)
2023-06-04 14:47:33,377 [INFO] UtilMem:75 - After build in PCC Used Memory: 591697408 Bytes (800063488)
2023-06-04 14:47:33,400 [INFO] IPUIPlugin:80 - create IPUIPlugin
2023-06-04 14:47:33,400 [INFO] IPUIPlugin:80 - create IPUIPlugin
2023-06-04 14:47:33,400 [INFO] IPUIPlugin:80 - create IPUIPlugin
2023-06-04 14:47:33,400 [INFO] IPUIPlugin:80 - create IPUIPlugin
2023-06-04 14:47:33,401 [INFO] IPUIPlugin:80 - create IPUIPlugin
2023-06-04 14:47:33,401 [INFO] IPUIPlugin:80 - create IPUIPlugin
2023-06-04 14:47:33,401 [INFO] IPUIPlugin:80 - create IPUIPlugin
2023-06-04 14:47:33,401 [INFO] IPUIPlugin:80 - create IPUIPlugin
2023-06-04 14:47:33,401 [INFO] IPUIPlugin:80 - create IPUIPlugin
2023-06-04 14:47:33,401 [INFO] IPUIPlugin:80 - create IPUIPlugin
2023-06-04 14:47:33,402 [INFO] IPUIPlugin:80 - create IPUIPlugin
2023-06-04 14:47:33,402 [INFO] IPUIPlugin:80 - create IPUIPlugin
2023-06-04 14:47:33,402 [INFO] IPUIPlugin:80 - create IPUIPlugin
2023-06-04 14:47:33,402 [INFO] IPUIPlugin:80 - create IPUIPlugin
2023-06-04 14:47:33,402 [INFO] IPUIPlugin:80 - create IPUIPlugin
2023-06-04 14:47:33,402 [INFO] IPUIPlugin:80 - create IPUIPlugin
2023-06-04 14:47:33,403 [INFO] IPUIPlugin:80 - create IPUIPlugin
2023-06-04 14:47:33,403 [INFO] IPUIPlugin:80 - create IPUIPlugin
2023-06-04 14:47:33,403 [INFO] IPUIPlugin:80 - create IPUIPlugin
2023-06-04 14:47:33,403 [INFO] IPUIPlugin:80 - create IPUIPlugin
2023-06-04 14:47:33,403 [INFO] IPUIPlugin:80 - create IPUIPlugin
2023-06-04 14:47:33,403 [INFO] IPUIPlugin:80 - create IPUIPlugin
2023-06-04 14:47:33,404 [INFO] IPUIPlugin:80 - create IPUIPlugin
2023-06-04 14:47:33,404 [INFO] IPUIPlugin:80 - create IPUIPlugin
2023-06-04 14:47:33,404 [INFO] IPUIPlugin:80 - create IPUIPlugin
2023-06-04 14:47:33,405 [INFO] IPUIPlugin:80 - create IPUIPlugin
2023-06-04 14:47:33,405 [INFO] IPUIPlugin:80 - create IPUIPlugin
2023-06-04 14:47:33,465 [INFO] CADModel:165 - CPN selected for project levelSTM32F103RBT6
2023-06-04 14:47:33,465 [INFO] CADModel:114 - Register for checkConnection events
2023-06-04 14:47:33,540 [INFO] OpenFileManager:328 - Restore cursor
2023-06-04 15:30:03,499 [ERROR] ConfigurationRetriever:142 - IOException on connection: connect timed out
2023-06-04 16:05:48,898 [INFO] MainUpdater:2854 - connection check result : 10
2023-06-04 16:05:48,899 [INFO] MainUpdater:2854 - connection check result : 10
2023-06-04 16:05:48,998 [INFO] MicroXplorer:468 - Change Database Path : 
2023-06-04 16:05:48,998 [INFO] MicroXplorer:498 - Change Database Version : DB.6.0.81
2023-06-04 16:05:49,070 [WARN] ThirdParty:871 - waiting for thirdparty lock release [close project]
2023-06-04 16:05:49,070 [INFO] ThirdParty:873 - entering critical section [close project]
2023-06-04 16:05:49,070 [INFO] ThirdParty:883 - exiting critical section [close project]
2023-06-04 16:05:49,073 [INFO] PinOutPanel:1499 - setPackage(No Configuration,No Configuration)
2023-06-04 16:05:49,081 [INFO] UtilMem:75 - Begin LoadConfig() Used Memory: 589679840 Bytes (800063488)
2023-06-04 16:05:49,082 [INFO] MicroXplorer:468 - Change Database Path : 
2023-06-04 16:05:49,083 [INFO] MicroXplorer:498 - Change Database Version : DB.6.0.81
2023-06-04 16:05:49,083 [INFO] OpenFileManager:308 - Change cursor
2023-06-04 16:05:49,123 [INFO] Mcu:1937 - Initializing MCU STM32F103R(8-B)Tx STM32F103RBTx STM32F103RBT6
2023-06-04 16:05:51,123 [INFO] Context:659 - Trying to add GPIOservice into a context  which must be forbidden
2023-06-04 16:05:51,688 [INFO] RtosManager:555 - Registered RTOS mode: class=CMSIS, group=RTOS, mode=CMSIS_V1, owner=FREERTOS
2023-06-04 16:05:51,689 [INFO] RtosManager:555 - Registered RTOS mode: class=CMSIS, group=RTOS2, mode=CMSIS_V2, owner=FREERTOS
2023-06-04 16:05:51,689 [INFO] RtosManager:555 - Registered RTOS mode: class=RTOS, group=Core, mode=CMSIS_V1, owner=FREERTOS
2023-06-04 16:05:51,689 [INFO] RtosManager:555 - Registered RTOS mode: class=RTOS, group=Core, mode=CMSIS_V2, owner=FREERTOS
2023-06-04 16:05:51,689 [WARN] ModelIntegratedComponent:184 - Missing modes for component STMicroelectronics:FreeRTOS:0.0.1:STMicroelectronics:RTOS:FreeRTOS:Core:::10.2.0:
2023-06-04 16:05:51,710 [WARN] ModelIntegratedComponent:63 - No mode defined for component null
2023-06-04 16:05:51,710 [WARN] ModelIntegratedComponent:63 - No mode defined for component null
2023-06-04 16:05:51,710 [WARN] ModelIntegratedComponent:63 - No mode defined for component null
2023-06-04 16:05:51,711 [WARN] ModelIntegratedComponent:63 - No mode defined for component null
2023-06-04 16:05:51,711 [WARN] ModelIntegratedComponent:63 - No mode defined for component null
2023-06-04 16:05:51,711 [WARN] ModelIntegratedComponent:63 - No mode defined for component null
2023-06-04 16:05:51,711 [WARN] ModelIntegratedComponent:63 - No mode defined for component null
2023-06-04 16:05:51,711 [WARN] ModelIntegratedComponent:63 - No mode defined for component null
2023-06-04 16:05:51,711 [WARN] ModelIntegratedComponent:63 - No mode defined for component null
2023-06-04 16:05:51,711 [WARN] ModelIntegratedComponent:63 - No mode defined for component null
2023-06-04 16:05:51,712 [WARN] ModelIntegratedComponent:63 - No mode defined for component null
2023-06-04 16:05:51,712 [WARN] ModelIntegratedComponent:63 - No mode defined for component null
2023-06-04 16:05:51,712 [WARN] ModelIntegratedComponent:63 - No mode defined for component null
2023-06-04 16:05:51,712 [WARN] ModelIntegratedComponent:63 - No mode defined for component null
2023-06-04 16:05:51,713 [WARN] ModelIntegratedComponent:63 - No mode defined for component null
2023-06-04 16:05:51,713 [WARN] ModelIntegratedComponent:63 - No mode defined for component null
2023-06-04 16:05:51,713 [WARN] ModelIntegratedComponent:63 - No mode defined for component null
2023-06-04 16:05:51,713 [WARN] ModelIntegratedComponent:63 - No mode defined for component null
2023-06-04 16:05:51,713 [WARN] ModelIntegratedComponent:63 - No mode defined for component null
2023-06-04 16:05:51,714 [WARN] ModelIntegratedComponent:63 - No mode defined for component null
2023-06-04 16:05:51,714 [WARN] ModelIntegratedComponent:63 - No mode defined for component null
2023-06-04 16:05:51,714 [WARN] ModelIntegratedComponent:63 - No mode defined for component null
2023-06-04 16:05:51,714 [WARN] ModelIntegratedComponent:63 - No mode defined for component null
2023-06-04 16:05:51,714 [WARN] ModelIntegratedComponent:63 - No mode defined for component null
2023-06-04 16:05:51,714 [WARN] ModelIntegratedComponent:63 - No mode defined for component null
2023-06-04 16:05:51,715 [WARN] ModelIntegratedComponent:63 - No mode defined for component null
2023-06-04 16:05:51,715 [WARN] ModelIntegratedComponent:63 - No mode defined for component null
2023-06-04 16:05:51,715 [WARN] ModelIntegratedComponent:63 - No mode defined for component null
2023-06-04 16:05:51,715 [WARN] ModelIntegratedComponent:63 - No mode defined for component null
2023-06-04 16:05:51,715 [WARN] ModelIntegratedComponent:63 - No mode defined for component null
2023-06-04 16:05:51,715 [WARN] ModelIntegratedComponent:63 - No mode defined for component null
2023-06-04 16:05:51,716 [WARN] ModelIntegratedComponent:63 - No mode defined for component null
2023-06-04 16:05:51,716 [WARN] ModelIntegratedComponent:63 - No mode defined for component null
2023-06-04 16:05:51,742 [INFO] ThirdPartyModel:298 - Start build external matchings
2023-06-04 16:05:52,461 [INFO] ThirdPartyModel:316 - End build external matchings
2023-06-04 16:05:52,482 [INFO] ImportTextPane:194 - (OptionalMessage_ERROR) IP (RCC) : Invalid parameter (FamilyName)
2023-06-04 16:05:52,483 [INFO] ImportTextPane:194 - (OptionalMessage_ERROR) IP (RCC) : Parameter (USBFreq_Value) has invalid value (16000000)
2023-06-04 16:05:52,914 [INFO] UtilMem:75 - End LoadConfig() Used Memory: 595987944 Bytes (800063488)
2023-06-04 16:05:53,008 [WARN] ThirdParty:833 - waiting for thirdparty lock release [change project]
2023-06-04 16:05:53,009 [INFO] ThirdParty:835 - entering critical section [change project]
2023-06-04 16:05:53,009 [INFO] ThirdParty:1030 - CMSIS Pack Vendor :STMicroelectronics X-CUBE-ISPU 1.1.0
2023-06-04 16:05:53,009 [INFO] ThirdParty:1030 - CMSIS Pack Vendor :STMicroelectronics X-CUBE-GNSS1 6.0.0
2023-06-04 16:05:53,009 [INFO] ThirdParty:1030 - CMSIS Pack Vendor :STMicroelectronics USB_HOST 2.0.0
2023-06-04 16:05:53,010 [INFO] ThirdParty:1030 - CMSIS Pack Vendor :STMicroelectronics X-CUBE-AZRTOS-F4 1.1.0
2023-06-04 16:05:53,010 [INFO] ThirdParty:1030 - CMSIS Pack Vendor :STMicroelectronics LIBJPEG 8.0.0
2023-06-04 16:05:53,010 [INFO] ThirdParty:1030 - CMSIS Pack Vendor :STMicroelectronics X-CUBE-SMBUS 2.1.0
2023-06-04 16:05:53,010 [INFO] ThirdParty:1030 - CMSIS Pack Vendor :wolfSSL I-CUBE-wolfSSL 5.6.0
2023-06-04 16:05:53,010 [INFO] ThirdParty:1030 - CMSIS Pack Vendor :STMicroelectronics USB_DEVICE 3.0.0
2023-06-04 16:05:53,011 [INFO] ThirdParty:1030 - CMSIS Pack Vendor :STMicroelectronics X-CUBE-FREERTOS 1.0.1
2023-06-04 16:05:53,011 [INFO] ThirdParty:1030 - CMSIS Pack Vendor :STMicroelectronics X-CUBE-AZRTOS-F7 1.1.0
2023-06-04 16:05:53,011 [INFO] ThirdParty:1030 - CMSIS Pack Vendor :STMicroelectronics X-CUBE-TOUCHGFX 4.21.4
2023-06-04 16:05:53,011 [INFO] ThirdParty:1030 - CMSIS Pack Vendor :STMicroelectronics USB_DEVICE 2.0.0
2023-06-04 16:05:53,011 [INFO] ThirdParty:1030 - CMSIS Pack Vendor :STMicroelectronics X-CUBE-MEMS1 9.6.0
2023-06-04 16:05:53,011 [INFO] ThirdParty:1030 - CMSIS Pack Vendor :STMicroelectronics FP-SNS-MOTENV1 4.3.0
2023-06-04 16:05:53,012 [INFO] ThirdParty:1030 - CMSIS Pack Vendor :STMicroelectronics FP-SNS-FLIGHT1 5.0.0
2023-06-04 16:05:53,012 [INFO] ThirdParty:1030 - CMSIS Pack Vendor :STMicroelectronics FP-SNS-MOTENV1 4.3.1
2023-06-04 16:05:53,012 [INFO] ThirdParty:1030 - CMSIS Pack Vendor :STMicroelectronics FP-SNS-FLIGHT1 5.0.1
2023-06-04 16:05:53,012 [INFO] ThirdParty:1030 - CMSIS Pack Vendor :STMicroelectronics X-CUBE-ALGOBUILD 1.3.0
2023-06-04 16:05:53,015 [INFO] ThirdParty:1030 - CMSIS Pack Vendor :STMicroelectronics X-CUBE-BLE1 6.2.4
2023-06-04 16:05:53,016 [INFO] ThirdParty:1030 - CMSIS Pack Vendor :STMicroelectronics X-CUBE-AZRTOS-L5 1.1.0
2023-06-04 16:05:53,016 [INFO] ThirdParty:1030 - CMSIS Pack Vendor :STMicroelectronics FreeRTOS 0.0.1
2023-06-04 16:05:53,016 [INFO] ThirdParty:1030 - CMSIS Pack Vendor :STMicroelectronics X-CUBE-AZRTOS-G0 1.1.0
2023-06-04 16:05:53,017 [INFO] ThirdParty:1030 - CMSIS Pack Vendor :emotas I-CUBE-CANOPEN 1.1.3
2023-06-04 16:05:53,017 [INFO] ThirdParty:1030 - CMSIS Pack Vendor :STMicroelectronics X-CUBE-BLEMGR 2.0.0
2023-06-04 16:05:53,018 [INFO] ThirdParty:1030 - CMSIS Pack Vendor :STMicroelectronics X-CUBE-AI 8.0.1
2023-06-04 16:05:53,018 [INFO] ThirdParty:1030 - CMSIS Pack Vendor :STMicroelectronics X-CUBE-NFC4 3.0.0
2023-06-04 16:05:53,018 [INFO] ThirdParty:1030 - CMSIS Pack Vendor :STMicroelectronics X-CUBE-SUBG2 5.0.0
2023-06-04 16:05:53,018 [INFO] ThirdParty:1030 - CMSIS Pack Vendor :STMicroelectronics STM32_WPAN 1.0.0
2023-06-04 16:05:53,018 [INFO] ThirdParty:1030 - CMSIS Pack Vendor :STMicroelectronics lwIP 2.0.3
2023-06-04 16:05:53,018 [INFO] ThirdParty:1030 - CMSIS Pack Vendor :STMicroelectronics USB_HOST 1.0.0
2023-06-04 16:05:53,018 [INFO] ThirdParty:1030 - CMSIS Pack Vendor :STMicroelectronics X-CUBE-AZRTOS-G4 2.0.0
2023-06-04 16:05:53,018 [INFO] ThirdParty:1030 - CMSIS Pack Vendor :STMicroelectronics PDM2PCM 3.1.0
2023-06-04 16:05:53,019 [INFO] ThirdParty:1030 - CMSIS Pack Vendor :STMicroelectronics X-CUBE-AZRTOS-H7 3.1.0
2023-06-04 16:05:53,019 [INFO] ThirdParty:1030 - CMSIS Pack Vendor :STMicroelectronics X-CUBE-TOF1 3.3.0
2023-06-04 16:05:53,019 [INFO] ThirdParty:1030 - CMSIS Pack Vendor :STMicroelectronics PDM2PCM 3.3.0
2023-06-04 16:05:53,019 [INFO] ThirdParty:1030 - CMSIS Pack Vendor :STMicroelectronics X-CUBE-DISPLAY 3.0.0
2023-06-04 16:05:53,019 [INFO] ThirdParty:1030 - CMSIS Pack Vendor :STMicroelectronics FP-ATR-SIGFOX1 3.2.0
2023-06-04 16:05:53,019 [INFO] ThirdParty:1030 - CMSIS Pack Vendor :STMicroelectronics X-CUBE-AZRTOS-L4 1.0.0
2023-06-04 16:05:53,019 [INFO] ThirdParty:1030 - CMSIS Pack Vendor :STMicroelectronics HAL Drivers 0.0.0
2023-06-04 16:05:53,020 [INFO] ThirdParty:1030 - CMSIS Pack Vendor :STMicroelectronics MBEDTLS 2.16.2
2023-06-04 16:05:53,020 [INFO] ThirdParty:1030 - CMSIS Pack Vendor :STMicroelectronics MBEDTLS 2.14.1
2023-06-04 16:05:53,020 [INFO] ThirdParty:1030 - CMSIS Pack Vendor :STMicroelectronics X-CUBE-NFC7 1.0.0
2023-06-04 16:05:53,020 [INFO] ThirdParty:1030 - CMSIS Pack Vendor :STMicroelectronics X-CUBE-AZRTOS-WL 1.0.0
2023-06-04 16:05:53,020 [INFO] ThirdParty:1030 - CMSIS Pack Vendor :STMicroelectronics X-CUBE-EEPRMA1 4.1.0
2023-06-04 16:05:53,020 [INFO] ThirdParty:1030 - CMSIS Pack Vendor :portGmbH I-Cube-SoM-uGOAL 1.1.0
2023-06-04 16:05:53,020 [INFO] ThirdParty:1030 - CMSIS Pack Vendor :STMicroelectronics X-CUBE-ALS 1.0.1
2023-06-04 16:05:53,021 [INFO] ThirdParty:1030 - CMSIS Pack Vendor :STMicroelectronics ThreadX 1.0.0
2023-06-04 16:05:53,021 [INFO] ThirdParty:1030 - CMSIS Pack Vendor :STMicroelectronics X-CUBE-AZRTOS-WB 1.1.0
2023-06-04 16:05:53,021 [INFO] ThirdParty:1030 - CMSIS Pack Vendor :STMicroelectronics X-CUBE-AZRTOS-WL 2.0.0
2023-06-04 16:05:53,021 [INFO] ThirdParty:1030 - CMSIS Pack Vendor :SEGGER I-CUBE-embOS 1.3.1
2023-06-04 16:05:53,021 [INFO] ThirdParty:1030 - CMSIS Pack Vendor :STMicroelectronics USB_DEVICE 1.0.0
2023-06-04 16:05:53,022 [INFO] ThirdParty:1030 - CMSIS Pack Vendor :STMicroelectronics X-CUBE-AZRTOS-L4 2.0.0
2023-06-04 16:05:53,022 [INFO] ThirdParty:1030 - CMSIS Pack Vendor :STMicroelectronics ThreadX 0.0.2
2023-06-04 16:05:53,022 [INFO] ThirdParty:1030 - CMSIS Pack Vendor :WES I-CUBE-Cesium 1.3.0
2023-06-04 16:05:53,022 [INFO] ThirdParty:1030 - CMSIS Pack Vendor :STMicroelectronics FP-ATR-ASTRA1 2.0.0
2023-06-04 16:05:53,022 [INFO] ThirdParty:1030 - CMSIS Pack Vendor :STMicroelectronics lwIP 2.1.2
2023-06-04 16:05:53,022 [INFO] ThirdParty:1030 - CMSIS Pack Vendor :STMicroelectronics X-CUBE-SFXS2LP1 4.0.0
2023-06-04 16:05:53,023 [INFO] ThirdParty:1030 - CMSIS Pack Vendor :STMicroelectronics X-CUBE-BLE2 3.3.0
2023-06-04 16:05:53,023 [INFO] ThirdParty:1030 - CMSIS Pack Vendor :STMicroelectronics PDM2PCM 3.2.0
2023-06-04 16:05:53,023 [INFO] ThirdParty:841 - exiting critical section [change project]
2023-06-04 16:05:53,407 [INFO] PinOutPanel:1499 - setPackage(No Configuration,No Configuration)
2023-06-04 16:05:53,412 [INFO] PinOutPanel:1499 - setPackage(STM32F103RBTx,LQFP64)
2023-06-04 16:05:54,016 [INFO] UtilMem:75 - Before build in PCC Used Memory: 696257296 Bytes (800063488)
2023-06-04 16:05:54,676 [INFO] UtilMem:75 - After build in PCC Used Memory: 631494016 Bytes (800063488)
2023-06-04 16:05:54,725 [INFO] IPUIPlugin:80 - create IPUIPlugin
2023-06-04 16:05:54,725 [INFO] IPUIPlugin:80 - create IPUIPlugin
2023-06-04 16:05:54,725 [INFO] IPUIPlugin:80 - create IPUIPlugin
2023-06-04 16:05:54,726 [INFO] IPUIPlugin:80 - create IPUIPlugin
2023-06-04 16:05:54,726 [INFO] IPUIPlugin:80 - create IPUIPlugin
2023-06-04 16:05:54,726 [INFO] IPUIPlugin:80 - create IPUIPlugin
2023-06-04 16:05:54,727 [INFO] IPUIPlugin:80 - create IPUIPlugin
2023-06-04 16:05:54,727 [INFO] IPUIPlugin:80 - create IPUIPlugin
2023-06-04 16:05:54,727 [INFO] IPUIPlugin:80 - create IPUIPlugin
2023-06-04 16:05:54,727 [INFO] IPUIPlugin:80 - create IPUIPlugin
2023-06-04 16:05:54,728 [INFO] IPUIPlugin:80 - create IPUIPlugin
2023-06-04 16:05:54,728 [INFO] IPUIPlugin:80 - create IPUIPlugin
2023-06-04 16:05:54,736 [INFO] IPUIPlugin:80 - create IPUIPlugin
2023-06-04 16:05:54,737 [INFO] IPUIPlugin:80 - create IPUIPlugin
2023-06-04 16:05:54,738 [INFO] IPUIPlugin:80 - create IPUIPlugin
2023-06-04 16:05:54,738 [INFO] IPUIPlugin:80 - create IPUIPlugin
2023-06-04 16:05:54,739 [INFO] IPUIPlugin:80 - create IPUIPlugin
2023-06-04 16:05:54,739 [INFO] IPUIPlugin:80 - create IPUIPlugin
2023-06-04 16:05:54,740 [INFO] IPUIPlugin:80 - create IPUIPlugin
2023-06-04 16:05:54,740 [INFO] IPUIPlugin:80 - create IPUIPlugin
2023-06-04 16:05:54,741 [INFO] IPUIPlugin:80 - create IPUIPlugin
2023-06-04 16:05:54,741 [INFO] IPUIPlugin:80 - create IPUIPlugin
2023-06-04 16:05:54,742 [INFO] IPUIPlugin:80 - create IPUIPlugin
2023-06-04 16:05:54,742 [INFO] IPUIPlugin:80 - create IPUIPlugin
2023-06-04 16:05:54,744 [INFO] IPUIPlugin:80 - create IPUIPlugin
2023-06-04 16:05:54,745 [INFO] IPUIPlugin:80 - create IPUIPlugin
2023-06-04 16:05:54,745 [INFO] IPUIPlugin:80 - create IPUIPlugin
2023-06-04 16:05:54,840 [INFO] CADModel:165 - CPN selected for project levelSTM32F103RBT6
2023-06-04 16:05:54,840 [INFO] CADModel:114 - Register for checkConnection events
2023-06-04 16:05:54,927 [INFO] OpenFileManager:328 - Restore cursor
2023-06-04 16:06:24,789 [INFO] UtilMem:75 - End SaveConfig() Used Memory: 623300712 Bytes (800063488)
2023-06-04 16:06:26,025 [INFO] UtilMem:75 - End SaveConfig() Used Memory: 651645928 Bytes (800063488)
2023-06-04 16:06:32,808 [INFO] UtilMem:75 - End SaveConfig() Used Memory: 716137960 Bytes (800063488)
2023-06-04 16:06:34,969 [INFO] BlockDiagram:2759 - set Specific Code input for plugin: NVIC
2023-06-04 16:06:34,969 [INFO] BlockDiagram:2759 - set Specific Code input for plugin: USART
2023-06-04 16:06:34,969 [INFO] BlockDiagram:2759 - set Specific Code input for plugin: TIM1_8F1
2023-06-04 16:06:34,970 [INFO] BlockDiagram:2759 - set Specific Code input for plugin: GPIO
2023-06-04 16:06:34,971 [INFO] BlockDiagram:2759 - set Specific Code input for plugin: ADC
2023-06-04 16:06:34,971 [INFO] BlockDiagram:2759 - set Specific Code input for plugin: RCC
2023-06-04 16:06:34,974 [INFO] CodeGenerator:793 - code generatio: config db path: C:\ST\STM32CubeIDE_1.12.1\STM32CubeIDE\plugins\com.st.stm32cube.common.mx_6.8.1.202304191431\\db\
2023-06-04 16:06:36,374 [INFO] CodeEngine:255 - oldGeneratedFile, D:\workspace\GPIO\MXTmpFiles\license.tmp_save
2023-06-04 16:06:37,467 [INFO] CodeEngine:279 - Generated code: D:\workspace\GPIO\MXTmpFiles\license.tmp
2023-06-04 16:06:38,001 [INFO] CodeEngine:255 - oldGeneratedFile, D:\workspace\GPIO\MXTmpFiles\gpio.tmp_save
2023-06-04 16:06:38,444 [INFO] CodeEngine:279 - Generated code: D:\workspace\GPIO\MXTmpFiles\gpio.tmp
2023-06-04 16:06:39,889 [INFO] CodeEngine:255 - oldGeneratedFile, D:\workspace\GPIO\Core\Src\stm32f1xx_it.c_save
2023-06-04 16:06:40,290 [INFO] CodeEngine:279 - Generated code: D:\workspace\GPIO\Core\Src\stm32f1xx_it.c
2023-06-04 16:06:40,309 [INFO] CodeEngine:255 - oldGeneratedFile, D:\workspace\GPIO\Core\Inc\stm32f1xx_it.h_save
2023-06-04 16:06:40,594 [INFO] CodeEngine:279 - Generated code: D:\workspace\GPIO\Core\Inc\stm32f1xx_it.h
2023-06-04 16:06:40,760 [INFO] CodeEngine:255 - oldGeneratedFile, D:\workspace\GPIO\Core\Src\stm32f1xx_hal_msp.c_save
2023-06-04 16:06:41,197 [INFO] CodeEngine:279 - Generated code: D:\workspace\GPIO\Core\Src\stm32f1xx_hal_msp.c
2023-06-04 16:06:41,241 [INFO] CodeEngine:255 - oldGeneratedFile, D:\workspace\GPIO\MXTmpFiles\system.tmp_save
2023-06-04 16:06:41,619 [INFO] CodeEngine:279 - Generated code: D:\workspace\GPIO\MXTmpFiles\system.tmp
2023-06-04 16:06:41,675 [INFO] CodeEngine:311 - oldGeneratedFile, D:\workspace\GPIO\Core\Inc\stm32f1xx_hal_conf.h_save
2023-06-04 16:06:41,985 [INFO] CodeEngine:335 - Generated code: D:\workspace\GPIO\Core\Inc\stm32f1xx_hal_conf.h
2023-06-04 16:06:42,051 [WARN] IPConfigManager:3431 - IP not found : TIM
2023-06-04 16:06:42,089 [WARN] CodeGenerator:3754 - IP not found : null
2023-06-04 16:06:42,127 [INFO] CodeEngine:255 - oldGeneratedFile, D:\workspace\GPIO\Core\Inc\main.h_save
2023-06-04 16:06:42,475 [INFO] CodeEngine:279 - Generated code: D:\workspace\GPIO\Core\Inc\main.h
2023-06-04 16:06:42,521 [INFO] CodeEngine:255 - oldGeneratedFile, D:\workspace\GPIO\Core\Src\main.c_save
2023-06-04 16:06:43,102 [INFO] CodeEngine:279 - Generated code: D:\workspace\GPIO\Core\Src\main.c
2023-06-04 16:06:45,487 [INFO] ProjectBuilder:2996 - Time for Copy HAL[1] : 764mS.
2023-06-04 16:06:45,526 [INFO] ProjectBuilder:4304 - Project Generator version: 3.19.2
2023-06-04 16:06:46,547 [INFO] ConfigFileManager:1483 - The Die is : DIE410
2023-06-04 16:06:46,602 [INFO] ApiDbMcu:507 - Load IP Config File for FATFS
2023-06-04 16:06:46,615 [INFO] ApiDbMcu:507 - Load IP Config File for FREERTOS
2023-06-04 16:06:46,629 [INFO] ApiDbMcu:507 - Load IP Config File for USB_DEVICE
2023-06-04 16:06:49,309 [INFO] LogOutputStream:77 - [STDOUT_REDIRECT] 
2023-06-04 16:06:53,032 [INFO] ProjectBuilder:4505 - Time for Generating toolchain IDE Files: 7502mS.
2023-06-04 16:06:53,035 [INFO] ProjectBuilder:2867 - Time for Copy CMSIS : 1mS.
2023-06-04 16:06:53,039 [INFO] ProjectBuilder:2867 - Time for Copy CMSIS : 0mS.
