2023-05-27 18:59:51,337 [INFO] Activator:176 - 


2023-05-27 18:59:51,352 [INFO] Activator:177 - !SESSION log4j initialized
2023-05-27 19:00:12,421 [INFO] LogOutputStream:77 - [STDOUT_REDIRECT] 
2023-05-27 19:00:42,622 [ERROR] LogOutputStream:75 - [STDERR_REDIRECT] SLF4J: Failed to load class "org.slf4j.impl.StaticLoggerBinder".
2023-05-27 19:00:42,623 [ERROR] LogOutputStream:75 - [STDERR_REDIRECT] SLF4J: Defaulting to no-operation (NOP) logger implementation
2023-05-27 19:00:42,629 [ERROR] LogOutputStream:75 - [STDERR_REDIRECT] SLF4J: See http://www.slf4j.org/codes.html#StaticLoggerBinder for further details.
2023-05-27 19:01:54,852 [ERROR] LogOutputStream:75 - [STDERR_REDIRECT] [Fatal Error] :16370:29: ??? ???? "required"??(??) ?????? "namespace" ??????? ???? ??????? ???????.
2023-05-27 19:01:54,853 [ERROR] LogOutputStream:75 - [STDERR_REDIRECT] 
2023-05-27 19:13:50,900 [INFO] ApplicationProperties:184 - Using Application install path: C:\ST\STM32CubeIDE_1.12.1\STM32CubeIDE\plugins\com.st.stm32cube.common.mx_6.8.1.202304191431
2023-05-27 19:13:50,960 [INFO] DbMcusXml:78 - Set database path to: C:\ST\STM32CubeIDE_1.12.1\STM32CubeIDE\plugins\com.st.stm32cube.common.mx_6.8.1.202304191431\\db\/mcu/
2023-05-27 19:13:50,962 [INFO] ApiDb:274 - Set plugin database path to: C:\ST\STM32CubeIDE_1.12.1\STM32CubeIDE\plugins\com.st.stm32cube.common.mx_6.8.1.202304191431\\db\/plugins/boardmanager/
2023-05-27 19:13:50,966 [WARN] ApiDb:259 - Overriding images path with different value:  => C:\ST\STM32CubeIDE_1.12.1\STM32CubeIDE\plugins\com.st.stm32cube.common.mx_6.8.1.202304191431\\db\/plugins/mcufinder/images/
2023-05-27 19:13:51,015 [INFO] ApiDb:250 - Set database path to: C:\Users\lch\.stmcufinder\plugins\mcufinder//mcu/
2023-05-27 19:13:51,020 [INFO] DbMcusAds:125 - Set database path to: C:\Users\lch\.stmcufinder\plugins\mcufinder//mcu/
2023-05-27 19:13:51,043 [INFO] CrossReferenceDbSqlite:203 - Set database path to: C:\Users\lch\.stmcufinder\plugins\mcufinder//mcu/cs/
2023-05-27 19:13:51,347 [INFO] RulesReader:64 - Compatibility file has been processed (293 Rules)
2023-05-27 19:13:51,596 [INFO] DbMcusXml:78 - Set database path to: C:\ST\STM32CubeIDE_1.12.1\STM32CubeIDE\plugins\com.st.stm32cube.common.mx_6.8.1.202304191431\\db\/mcu/
2023-05-27 19:13:51,596 [INFO] ApiDb:274 - Set plugin database path to: C:\ST\STM32CubeIDE_1.12.1\STM32CubeIDE\plugins\com.st.stm32cube.common.mx_6.8.1.202304191431\\db\/plugins/boardmanager/
2023-05-27 19:13:51,597 [INFO] ApiDb:261 - Set plugin images path to: C:\ST\STM32CubeIDE_1.12.1\STM32CubeIDE\plugins\com.st.stm32cube.common.mx_6.8.1.202304191431\\db\/plugins/mcufinder/images/
2023-05-27 19:13:51,597 [WARN] DbFile:41 - Overriding database path with different value: C:\Users\lch\.stmcufinder\plugins\mcufinder/ => C:\Users\lch\.stmcufinder\plugins\mcufinder
2023-05-27 19:13:51,598 [INFO] ApiDb:250 - Set database path to: C:\Users\lch\.stmcufinder\plugins\mcufinder//mcu/
2023-05-27 19:13:51,598 [WARN] DbFile:41 - Overriding database path with different value: C:\Users\lch\.stmcufinder\plugins\mcufinder/ => C:\Users\lch\.stmcufinder\plugins\mcufinder
2023-05-27 19:13:51,598 [INFO] DbMcusAds:125 - Set database path to: C:\Users\lch\.stmcufinder\plugins\mcufinder//mcu/
2023-05-27 19:13:51,598 [WARN] DbFile:41 - Overriding database path with different value: C:\Users\lch\.stmcufinder\plugins\mcufinder/ => C:\Users\lch\.stmcufinder\plugins\mcufinder
2023-05-27 19:13:51,598 [WARN] DbFile:41 - Overriding database path with different value: C:\Users\lch\.stmcufinder\plugins\mcufinder/ => C:\Users\lch\.stmcufinder\plugins\mcufinder
2023-05-27 19:13:51,599 [INFO] CrossReferenceDbSqlite:203 - Set database path to: C:\Users\lch\.stmcufinder\plugins\mcufinder//mcu/cs/
2023-05-27 19:13:51,823 [INFO] MainPanel:253 - HeapMemory: 454033408
2023-05-27 19:13:52,130 [INFO] DbMcusXml:78 - Set database path to: C:\ST\STM32CubeIDE_1.12.1\STM32CubeIDE\plugins\com.st.stm32cube.common.mx_6.8.1.202304191431\\db\/mcu/
2023-05-27 19:13:52,130 [INFO] ApiDb:274 - Set plugin database path to: C:\ST\STM32CubeIDE_1.12.1\STM32CubeIDE\plugins\com.st.stm32cube.common.mx_6.8.1.202304191431\\db\/plugins/boardmanager/
2023-05-27 19:13:52,130 [INFO] ApiDb:261 - Set plugin images path to: C:\ST\STM32CubeIDE_1.12.1\STM32CubeIDE\plugins\com.st.stm32cube.common.mx_6.8.1.202304191431\\db\/plugins/mcufinder/images/
2023-05-27 19:13:52,132 [WARN] DbFile:41 - Overriding database path with different value: C:\Users\lch\.stmcufinder\plugins\mcufinder/ => C:\Users\lch\.stmcufinder\plugins\mcufinder
2023-05-27 19:13:52,132 [INFO] ApiDb:250 - Set database path to: C:\Users\lch\.stmcufinder\plugins\mcufinder//mcu/
2023-05-27 19:13:52,132 [WARN] DbFile:41 - Overriding database path with different value: C:\Users\lch\.stmcufinder\plugins\mcufinder/ => C:\Users\lch\.stmcufinder\plugins\mcufinder
2023-05-27 19:13:52,132 [INFO] DbMcusAds:125 - Set database path to: C:\Users\lch\.stmcufinder\plugins\mcufinder//mcu/
2023-05-27 19:13:52,133 [WARN] DbFile:41 - Overriding database path with different value: C:\Users\lch\.stmcufinder\plugins\mcufinder/ => C:\Users\lch\.stmcufinder\plugins\mcufinder
2023-05-27 19:13:52,133 [WARN] DbFile:41 - Overriding database path with different value: C:\Users\lch\.stmcufinder\plugins\mcufinder/ => C:\Users\lch\.stmcufinder\plugins\mcufinder
2023-05-27 19:13:52,133 [INFO] CrossReferenceDbSqlite:203 - Set database path to: C:\Users\lch\.stmcufinder\plugins\mcufinder//mcu/cs/
2023-05-27 19:13:52,225 [INFO] ApplicationProperties:184 - Using Application install path: C:\ST\STM32CubeIDE_1.12.1\STM32CubeIDE\plugins\com.st.stm32cube.common.mx_6.8.1.202304191431
2023-05-27 19:13:52,233 [INFO] PluginManage:196 - Search for loadable plugins [exclusion list=, ]
2023-05-27 19:13:52,237 [INFO] PluginManage:310 - Check plugin analytics
2023-05-27 19:13:52,773 [INFO] AnalyticsPlugin:253 - Accepted Software Licenses: 
2023-05-27 19:13:52,775 [INFO] AnalyticsPlugin:255 - Accepted CMSIS Pack Licenses: 
2023-05-27 19:13:52,776 [INFO] AnalyticsPlugin:257 - Accepted Firmware Licenses: 
2023-05-27 19:13:52,795 [INFO] PluginManage:359 - Loaded plugin analytics (category:tool,tabindex:-1)
2023-05-27 19:13:52,796 [INFO] PluginManage:310 - Check plugin cadmodel
2023-05-27 19:13:52,812 [INFO] CADModel:105 - Init CAD model plugin
2023-05-27 19:13:52,812 [INFO] PluginManage:359 - Loaded plugin cadmodel (category:power,tabindex:5)
2023-05-27 19:13:52,813 [INFO] PluginManage:310 - Check plugin clock
2023-05-27 19:13:52,889 [INFO] PluginManage:359 - Loaded plugin clock (category:base,tabindex:2)
2023-05-27 19:13:52,890 [INFO] PluginManage:310 - Check plugin ddr
2023-05-27 19:13:52,898 [INFO] PluginManage:359 - Loaded plugin ddr (category:tool,tabindex:6)
2023-05-27 19:13:52,898 [INFO] PluginManage:310 - Check plugin filemanager
2023-05-27 19:13:53,319 [INFO] PluginManage:359 - Loaded plugin filemanager (category:base,tabindex:10)
2023-05-27 19:13:53,320 [INFO] PluginManage:310 - Check plugin ipmanager
2023-05-27 19:13:53,344 [INFO] PluginManage:359 - Loaded plugin ipmanager (category:base,tabindex:5)
2023-05-27 19:13:53,344 [INFO] PluginManage:310 - Check plugin lpbam
2023-05-27 19:13:53,372 [INFO] PluginManage:359 - Loaded plugin lpbam (category:base,tabindex:0)
2023-05-27 19:13:53,372 [INFO] PluginManage:310 - Check plugin pinoutandconfiguration
2023-05-27 19:13:53,401 [INFO] PluginManage:359 - Loaded plugin pinoutandconfiguration (category:base,tabindex:1)
2023-05-27 19:13:53,401 [INFO] PluginManage:310 - Check plugin pinoutconfig
2023-05-27 19:13:53,657 [WARN] SupportedApi:132 - Cannot load RTOS API schema: s4s-elt-must-match.1: The content of 'definitions' must match (annotation?, (simpleType | complexType)?, (unique | key | keyref)*)). A problem was found starting at: attribute.
2023-05-27 19:13:54,085 [INFO] PluginManage:359 - Loaded plugin pinoutconfig (category:base,tabindex:0)
2023-05-27 19:13:54,086 [INFO] PluginManage:310 - Check plugin power
2023-05-27 19:13:54,133 [INFO] PluginManage:359 - Loaded plugin power (category:power,tabindex:4)
2023-05-27 19:13:54,133 [INFO] PluginManage:310 - Check plugin projectmanager
2023-05-27 19:13:54,185 [INFO] PluginManage:359 - Loaded plugin projectmanager (category:projectmanager,tabindex:3)
2023-05-27 19:13:54,186 [INFO] PluginManage:310 - Check plugin thirdparty
2023-05-27 19:13:54,663 [INFO] PluginManage:359 - Loaded plugin thirdparty (category:base,tabindex:-1)
2023-05-27 19:13:54,663 [INFO] PluginManage:310 - Check plugin tools
2023-05-27 19:13:54,671 [INFO] PluginManage:359 - Loaded plugin tools (category:base,tabindex:7)
2023-05-27 19:13:54,671 [INFO] PluginManage:310 - Check plugin tutovideos
2023-05-27 19:13:54,695 [WARN] IntegrityCheckThread:84 - waiting for thirdparty lock release [integrity check]
2023-05-27 19:13:54,697 [INFO] IntegrityCheckThread:86 - entering critical section [integrity check]
2023-05-27 19:13:54,702 [INFO] ThirdPartyUpdaterWithRetryManager:70 - Updater plugin not ready yet. [1/15]
2023-05-27 19:13:55,382 [INFO] PluginManage:359 - Loaded plugin tutovideos (category:base,tabindex:-1)
2023-05-27 19:13:55,383 [INFO] PluginManage:310 - Check plugin updater
2023-05-27 19:13:55,453 [INFO] PluginManage:359 - Loaded plugin updater (category:base,tabindex:12)
2023-05-27 19:13:55,458 [INFO] PluginManage:283 - PluginManage : Loaded plugins [15]
2023-05-27 19:13:56,618 [INFO] PinOutPanel:1499 - setPackage(No Configuration,No Configuration)
2023-05-27 19:13:56,871 [INFO] CADModel:165 - CPN selected for project level
2023-05-27 19:13:56,871 [INFO] CADModel:114 - Register for checkConnection events
2023-05-27 19:13:56,928 [INFO] IPUIPlugin:80 - create IPUIPlugin
2023-05-27 19:13:56,929 [INFO] PluginManager:220 - loadIPPluginJar : add adc
2023-05-27 19:13:56,939 [INFO] IPUIPlugin:80 - create IPUIPlugin
2023-05-27 19:13:56,939 [INFO] PluginManager:220 - loadIPPluginJar : add aes
2023-05-27 19:13:56,950 [INFO] IPUIPlugin:80 - create IPUIPlugin
2023-05-27 19:13:56,951 [INFO] PluginManager:220 - loadIPPluginJar : add can
2023-05-27 19:13:56,961 [INFO] IPUIPlugin:80 - create IPUIPlugin
2023-05-27 19:13:56,961 [INFO] PluginManager:220 - loadIPPluginJar : add comp
2023-05-27 19:13:56,975 [INFO] IPUIPlugin:80 - create IPUIPlugin
2023-05-27 19:13:56,976 [INFO] PluginManager:220 - loadIPPluginJar : add cryp
2023-05-27 19:13:56,987 [INFO] IPUIPlugin:80 - create IPUIPlugin
2023-05-27 19:13:56,988 [INFO] PluginManager:220 - loadIPPluginJar : add dfsdm
2023-05-27 19:13:57,009 [INFO] IPUIPlugin:80 - create IPUIPlugin
2023-05-27 19:13:57,012 [INFO] PluginManager:220 - loadIPPluginJar : add dma
2023-05-27 19:13:57,024 [INFO] IPUIPlugin:80 - create IPUIPlugin
2023-05-27 19:13:57,025 [INFO] PluginManager:220 - loadIPPluginJar : add dma3
2023-05-27 19:13:57,036 [INFO] IPUIPlugin:80 - create IPUIPlugin
2023-05-27 19:13:57,036 [INFO] PluginManager:220 - loadIPPluginJar : add fatfs
2023-05-27 19:13:57,055 [INFO] IPUIPlugin:80 - create IPUIPlugin
2023-05-27 19:13:57,056 [INFO] PluginManager:220 - loadIPPluginJar : add fmc
2023-05-27 19:13:57,079 [INFO] IPUIPlugin:80 - create IPUIPlugin
2023-05-27 19:13:57,081 [INFO] PluginManager:220 - loadIPPluginJar : add freertos
2023-05-27 19:13:57,087 [INFO] IPUIPlugin:80 - create IPUIPlugin
2023-05-27 19:13:57,087 [INFO] PluginManager:220 - loadIPPluginJar : add genericplugin
2023-05-27 19:13:57,097 [INFO] IPUIPlugin:80 - create IPUIPlugin
2023-05-27 19:13:57,097 [INFO] PluginManager:220 - loadIPPluginJar : add gfxmmu
2023-05-27 19:13:57,113 [INFO] IPUIPlugin:80 - create IPUIPlugin
2023-05-27 19:13:57,113 [INFO] PluginManager:220 - loadIPPluginJar : add gic
2023-05-27 19:13:57,129 [INFO] IPUIPlugin:80 - create IPUIPlugin
2023-05-27 19:13:57,129 [INFO] PluginManager:220 - loadIPPluginJar : add gpio
2023-05-27 19:13:57,141 [INFO] IPUIPlugin:80 - create IPUIPlugin
2023-05-27 19:13:57,141 [INFO] PluginManager:220 - loadIPPluginJar : add gtzc
2023-05-27 19:13:57,151 [INFO] IPUIPlugin:80 - create IPUIPlugin
2023-05-27 19:13:57,151 [INFO] PluginManager:220 - loadIPPluginJar : add hash
2023-05-27 19:13:57,164 [INFO] IPUIPlugin:80 - create IPUIPlugin
2023-05-27 19:13:57,164 [INFO] PluginManager:220 - loadIPPluginJar : add i2c
2023-05-27 19:13:57,179 [INFO] IPUIPlugin:80 - create IPUIPlugin
2023-05-27 19:13:57,179 [INFO] PluginManager:220 - loadIPPluginJar : add i2s
2023-05-27 19:13:57,191 [INFO] IPUIPlugin:80 - create IPUIPlugin
2023-05-27 19:13:57,192 [INFO] PluginManager:220 - loadIPPluginJar : add i3c
2023-05-27 19:13:57,203 [INFO] IPUIPlugin:80 - create IPUIPlugin
2023-05-27 19:13:57,203 [INFO] PluginManager:220 - loadIPPluginJar : add ipddr
2023-05-27 19:13:57,222 [INFO] IPUIPlugin:80 - create IPUIPlugin
2023-05-27 19:13:57,222 [INFO] PluginManager:220 - loadIPPluginJar : add linkedlist
2023-05-27 19:13:57,233 [INFO] IPUIPlugin:80 - create IPUIPlugin
2023-05-27 19:13:57,234 [INFO] PluginManager:220 - loadIPPluginJar : add lorawan
2023-05-27 19:13:57,240 [INFO] IPUIPlugin:80 - create IPUIPlugin
2023-05-27 19:13:57,241 [INFO] PluginManager:220 - loadIPPluginJar : add ltdc
2023-05-27 19:13:57,257 [INFO] IPUIPlugin:80 - create IPUIPlugin
2023-05-27 19:13:57,257 [INFO] PluginManager:220 - loadIPPluginJar : add mdma
2023-05-27 19:13:57,268 [INFO] IPUIPlugin:80 - create IPUIPlugin
2023-05-27 19:13:57,269 [INFO] PluginManager:220 - loadIPPluginJar : add nvic
2023-05-27 19:13:57,282 [INFO] IPUIPlugin:80 - create IPUIPlugin
2023-05-27 19:13:57,283 [INFO] PluginManager:220 - loadIPPluginJar : add opamp
2023-05-27 19:13:57,297 [INFO] IPUIPlugin:80 - create IPUIPlugin
2023-05-27 19:13:57,297 [INFO] PluginManager:220 - loadIPPluginJar : add openamp
2023-05-27 19:13:57,310 [INFO] IPUIPlugin:80 - create IPUIPlugin
2023-05-27 19:13:57,310 [INFO] PluginManager:220 - loadIPPluginJar : add pdm2pcm
2023-05-27 19:13:57,334 [INFO] IPUIPlugin:80 - create IPUIPlugin
2023-05-27 19:13:57,344 [INFO] PluginManager:220 - loadIPPluginJar : add plateformsettings
2023-05-27 19:13:57,351 [INFO] IPUIPlugin:80 - create IPUIPlugin
2023-05-27 19:13:57,351 [INFO] PluginManager:220 - loadIPPluginJar : add quadspi
2023-05-27 19:13:57,365 [INFO] IPUIPlugin:80 - create IPUIPlugin
2023-05-27 19:13:57,365 [INFO] PluginManager:220 - loadIPPluginJar : add resmgrutility
2023-05-27 19:13:57,381 [INFO] IPUIPlugin:80 - create IPUIPlugin
2023-05-27 19:13:57,382 [INFO] PluginManager:220 - loadIPPluginJar : add sai
2023-05-27 19:13:57,394 [INFO] IPUIPlugin:80 - create IPUIPlugin
2023-05-27 19:13:57,394 [INFO] PluginManager:220 - loadIPPluginJar : add spi
2023-05-27 19:13:57,419 [INFO] IPUIPlugin:80 - create IPUIPlugin
2023-05-27 19:13:57,419 [INFO] PluginManager:220 - loadIPPluginJar : add stm32_wpan
2023-05-27 19:13:57,430 [INFO] IPUIPlugin:80 - create IPUIPlugin
2023-05-27 19:13:57,430 [INFO] PluginManager:220 - loadIPPluginJar : add tim
2023-05-27 19:13:57,445 [INFO] IPUIPlugin:80 - create IPUIPlugin
2023-05-27 19:13:57,445 [INFO] PluginManager:220 - loadIPPluginJar : add touchsensing
2023-05-27 19:13:57,453 [INFO] IPUIPlugin:80 - create IPUIPlugin
2023-05-27 19:13:57,454 [INFO] PluginManager:220 - loadIPPluginJar : add tracer_emb
2023-05-27 19:13:57,464 [INFO] IPUIPlugin:80 - create IPUIPlugin
2023-05-27 19:13:57,465 [INFO] PluginManager:220 - loadIPPluginJar : add ts
2023-05-27 19:13:57,472 [INFO] IPUIPlugin:80 - create IPUIPlugin
2023-05-27 19:13:57,473 [INFO] PluginManager:220 - loadIPPluginJar : add tsc
2023-05-27 19:13:57,482 [INFO] IPUIPlugin:80 - create IPUIPlugin
2023-05-27 19:13:57,482 [INFO] PluginManager:220 - loadIPPluginJar : add ucpd
2023-05-27 19:13:57,504 [INFO] IPUIPlugin:80 - create IPUIPlugin
2023-05-27 19:13:57,504 [INFO] PluginManager:220 - loadIPPluginJar : add usart
2023-05-27 19:13:57,515 [INFO] IPUIPlugin:80 - create IPUIPlugin
2023-05-27 19:13:57,515 [INFO] PluginManager:220 - loadIPPluginJar : add usbx
2023-05-27 19:13:57,713 [INFO] ThirdPartyUpdaterWithRetryManager:70 - Updater plugin not ready yet. [2/15]
2023-05-27 19:13:57,750 [INFO] CADModel:165 - CPN selected for project level
2023-05-27 19:13:57,751 [INFO] CADModel:114 - Register for checkConnection events
2023-05-27 19:13:57,751 [FATAL] Updater:308 - Updater called before beeing initialized
2023-05-27 19:13:57,751 [ERROR] CADModel:125 - Updater not yet initialized, retry later 
2023-05-27 19:13:58,167 [INFO] CADModel:165 - CPN selected for project level
2023-05-27 19:13:58,167 [INFO] CADModel:114 - Register for checkConnection events
2023-05-27 19:13:58,167 [FATAL] Updater:308 - Updater called before beeing initialized
2023-05-27 19:13:58,168 [ERROR] CADModel:125 - Updater not yet initialized, retry later 
2023-05-27 19:13:58,179 [FATAL] Updater:308 - Updater called before beeing initialized
2023-05-27 19:13:58,673 [FATAL] Updater:308 - Updater called before beeing initialized
2023-05-27 19:13:58,754 [INFO] DbMcusAds:53 - JSON generation date=Thu Sep 30 15:55:09 KST 2021 (1632984909247)
2023-05-27 19:13:58,754 [FATAL] Updater:308 - Updater called before beeing initialized
2023-05-27 19:13:58,942 [WARN] DetailPanel:346 - Failed to get advertising image, set to default
2023-05-27 19:13:59,359 [FATAL] Updater:308 - Updater called before beeing initialized
2023-05-27 19:13:59,365 [FATAL] Updater:308 - Updater called before beeing initialized
2023-05-27 19:13:59,365 [FATAL] Updater:308 - Updater called before beeing initialized
2023-05-27 19:13:59,365 [WARN] DetailPanel:346 - Failed to get advertising image, set to default
2023-05-27 19:13:59,367 [FATAL] Updater:308 - Updater called before beeing initialized
2023-05-27 19:13:59,527 [ERROR] Updater:1120 - MainUpdater not yet initialized. External WinMGr cannot be set.
2023-05-27 19:13:59,539 [INFO] Updater:1056 - Updater Version found : 6.8.1
2023-05-27 19:13:59,596 [INFO] ApplicationProperties:184 - Using Application install path: C:\ST\STM32CubeIDE_1.12.1\STM32CubeIDE\plugins\com.st.stm32cube.common.mx_6.8.1.202304191431
2023-05-27 19:14:00,459 [INFO] MainUpdater:2854 - connection check result : 10
2023-05-27 19:14:00,461 [INFO] MainUpdater:3548 - Updater definition file requires update
2023-05-27 19:14:00,465 [INFO] MainUpdater:283 - Updater Check For Update Now.
2023-05-27 19:14:00,467 [INFO] MicroXplorer:498 - Change Database Version : DB.6.0.81
2023-05-27 19:14:00,684 [INFO] ServerAccessManage:473 - Download File updaters.zip
2023-05-27 19:14:00,714 [WARN] MainUpdater:1187 - Updater busy. Cannot search thirdparties
2023-05-27 19:14:00,715 [INFO] ThirdPartyUpdaterWithRetryManager:96 - Updater plugin is busy. [1/15]
2023-05-27 19:14:00,913 [INFO] FileExtend:240 - Unzip File : updaters.zip
2023-05-27 19:14:00,914 [INFO] FileExtend:255 - Standard Zip Deflate
2023-05-27 19:14:02,033 [INFO] ServerAccessManage:473 - Download File PacksControlFlags.xml
2023-05-27 19:14:02,208 [INFO] ServerAccessManage:473 - Download File cubemx.pidx
2023-05-27 19:14:03,076 [INFO] ServerAccessManage:473 - Download File STMicroelectronics.FP-SNS-FLIGHT1.pdsc
2023-05-27 19:14:03,473 [INFO] ServerAccessManage:473 - Download File STMicroelectronics.FP-SNS-MOTENV1.pdsc
2023-05-27 19:14:03,723 [WARN] MainUpdater:1187 - Updater busy. Cannot search thirdparties
2023-05-27 19:14:03,723 [INFO] ThirdPartyUpdaterWithRetryManager:96 - Updater plugin is busy. [2/15]
2023-05-27 19:14:05,976 [INFO] ServerAccessManage:473 - Download File STMicroelectronics.X-CUBE-AZRTOS-L4.pdsc
2023-05-27 19:14:06,731 [WARN] MainUpdater:1187 - Updater busy. Cannot search thirdparties
2023-05-27 19:14:06,731 [INFO] ThirdPartyUpdaterWithRetryManager:96 - Updater plugin is busy. [3/15]
2023-05-27 19:14:08,350 [ERROR] ServerAccessManage:1096 - Problem, Http access forbiden
2023-05-27 19:14:08,351 [ERROR] ServerAccessManage:651 - Problem, Http access forbiden : RoweBots.I-CUBE-UNISONRTOS.pdsc.
2023-05-27 19:14:08,816 [WARN] PackLoader:240 - Cannot read IP mode file for STMicroelectronics.FP-SNS-FLIGHT1.5.0.1
2023-05-27 19:14:08,839 [ERROR] RealEvaluatedCondition:428 - Found unsupported composite condition: GROUP='STM32_MetaDataManager' CLASS='Data Exchange'
2023-05-27 19:14:08,841 [ERROR] RealEvaluatedCondition:428 - Found unsupported composite condition: CLASS='Data Exchange' GROUP='STM32_MetaDataManager'
2023-05-27 19:14:08,849 [WARN] PackLoader:240 - Cannot read IP mode file for STMicroelectronics.FP-SNS-MOTENV1.4.3.1
2023-05-27 19:14:09,204 [WARN] ConditionMgr:438 - getConditionDescription Invalid condition id : LAN8742 Phy interface Condition cause : null
2023-05-27 19:14:09,207 [WARN] PackLoader:240 - Cannot read IP mode file for STMicroelectronics.X-CUBE-AZRTOS-L4.2.0.0
2023-05-27 19:14:09,216 [WARN] ConditionMgr:1039 - genDependencies : Invalid condition id : LAN8742 Phy interface Condition cause : null
2023-05-27 19:14:09,219 [WARN] ConditionMgr:1039 - genDependencies : Invalid condition id : LAN8742 Phy interface Condition cause : null
2023-05-27 19:14:09,222 [WARN] ConditionMgr:1039 - genDependencies : Invalid condition id : LAN8742 Phy interface Condition cause : null
2023-05-27 19:14:09,239 [INFO] PopulateThirdPartyThread:66 - Ending populate Thread
2023-05-27 19:14:09,254 [INFO] ThirdParty:1030 - CMSIS Pack Vendor :STMicroelectronics X-CUBE-AZRTOS-L4 2.0.0
2023-05-27 19:14:09,254 [INFO] ThirdParty:1030 - CMSIS Pack Vendor :STMicroelectronics FP-SNS-FLIGHT1 5.0.1
2023-05-27 19:14:09,254 [INFO] ThirdParty:1030 - CMSIS Pack Vendor :STMicroelectronics FP-SNS-MOTENV1 4.3.1
2023-05-27 19:14:09,255 [INFO] LoadServerUpdatesThread:373 - End of LoadServerUpdate Thread
2023-05-27 19:14:09,312 [INFO] CheckServerUpdateThread:120 - End of CheckServer Thread
2023-05-27 19:14:09,401 [INFO] MainUpdater:2854 - connection check result : 10
2023-05-27 19:14:09,408 [INFO] MainUpdater:2854 - connection check result : 10
2023-05-27 19:14:09,643 [INFO] MicroXplorer:468 - Change Database Path : 
2023-05-27 19:14:09,643 [INFO] MicroXplorer:498 - Change Database Version : DB.6.0.81
2023-05-27 19:14:09,644 [WARN] ThirdParty:871 - waiting for thirdparty lock release [close project]
2023-05-27 19:14:10,994 [WARN] PackLoader:240 - Cannot read IP mode file for STMicroelectronics.X-CUBE-GNSS1.6.0.0
2023-05-27 19:14:11,076 [WARN] PackLoader:240 - Cannot read IP mode file for STMicroelectronics.X-CUBE-AZRTOS-F4.1.1.0
2023-05-27 19:14:11,276 [WARN] PackLoader:240 - Cannot read IP mode file for STMicroelectronics.X-CUBE-SMBUS.2.1.0
2023-05-27 19:14:11,318 [WARN] PackLoader:240 - Cannot read IP mode file for wolfSSL.I-CUBE-wolfSSL.5.6.0
2023-05-27 19:14:11,381 [WARN] PackLoader:240 - Cannot read IP mode file for STMicroelectronics.X-CUBE-AZRTOS-F7.1.1.0
2023-05-27 19:14:11,632 [WARN] PackLoader:240 - Cannot read IP mode file for STMicroelectronics.X-CUBE-MEMS1.9.6.0
2023-05-27 19:14:12,246 [ERROR] RealEvaluatedCondition:428 - Found unsupported composite condition: GROUP='STM32_MetaDataManager' CLASS='Data Exchange'
2023-05-27 19:14:12,247 [ERROR] RealEvaluatedCondition:428 - Found unsupported composite condition: CLASS='Data Exchange' GROUP='STM32_MetaDataManager'
2023-05-27 19:14:12,251 [WARN] PackLoader:240 - Cannot read IP mode file for STMicroelectronics.FP-SNS-MOTENV1.4.3.0
2023-05-27 19:14:12,286 [WARN] PackLoader:240 - Cannot read IP mode file for STMicroelectronics.FP-SNS-FLIGHT1.5.0.0
2023-05-27 19:14:12,299 [ERROR] RealEvaluatedCondition:428 - Found unsupported composite condition: CLASS='Data Exchange' GROUP='STM32_MetaDataManager'
2023-05-27 19:14:12,300 [ERROR] RealEvaluatedCondition:428 - Found unsupported composite condition: GROUP='STM32_MetaDataManager' CLASS='Data Exchange'
2023-05-27 19:14:12,303 [WARN] PackLoader:240 - Cannot read IP mode file for STMicroelectronics.FP-SNS-MOTENV1.4.3.1
2023-05-27 19:14:12,335 [WARN] PackLoader:240 - Cannot read IP mode file for STMicroelectronics.FP-SNS-FLIGHT1.5.0.1
2023-05-27 19:14:12,354 [WARN] PackLoader:240 - Cannot read IP mode file for STMicroelectronics.X-CUBE-BLE1.6.2.4
2023-05-27 19:14:12,407 [WARN] PackLoader:240 - Cannot read IP mode file for emotas.I-CUBE-CANOPEN.1.1.3
2023-05-27 19:14:12,450 [WARN] PackLoader:240 - Cannot read IP mode file for STMicroelectronics.X-CUBE-BLEMGR.2.0.0
2023-05-27 19:14:12,598 [WARN] ConditionMgr:438 - getConditionDescription Invalid condition id : UX DEVICE CLASS RTOS Condition cause : null
2023-05-27 19:14:12,598 [WARN] ConditionMgr:438 - getConditionDescription Invalid condition id : UX DEVICE CLASS RTOS Condition cause : null
2023-05-27 19:14:12,627 [WARN] PackLoader:240 - Cannot read IP mode file for STMicroelectronics.X-CUBE-AZRTOS-H7.3.1.0
2023-05-27 19:14:12,630 [WARN] ConditionMgr:1039 - genDependencies : Invalid condition id : UX DEVICE CLASS RTOS Condition cause : null
2023-05-27 19:14:12,631 [WARN] ConditionMgr:1039 - genDependencies : Invalid condition id : UX DEVICE CLASS RTOS Condition cause : null
2023-05-27 19:14:12,633 [WARN] ConditionMgr:1039 - genDependencies : Invalid condition id : UX DEVICE CLASS RTOS Condition cause : null
2023-05-27 19:14:12,659 [WARN] ConditionMgr:1039 - genDependencies : Invalid condition id : UX DEVICE CLASS RTOS Condition cause : null
2023-05-27 19:14:12,659 [WARN] ConditionMgr:1039 - genDependencies : Invalid condition id : UX DEVICE CLASS RTOS Condition cause : null
2023-05-27 19:14:12,690 [WARN] PackLoader:240 - Cannot read IP mode file for STMicroelectronics.X-CUBE-DISPLAY.3.0.0
2023-05-27 19:14:12,719 [WARN] PackLoader:240 - Cannot read IP mode file for STMicroelectronics.X-CUBE-NFC7.1.0.0
2023-05-27 19:14:12,760 [WARN] PackLoader:240 - Cannot read IP mode file for STMicroelectronics.X-CUBE-EEPRMA1.4.1.0
2023-05-27 19:14:12,831 [WARN] ConditionMgr:438 - getConditionDescription Invalid condition id : LAN8742 Phy interface Condition cause : null
2023-05-27 19:14:12,833 [WARN] PackLoader:240 - Cannot read IP mode file for STMicroelectronics.X-CUBE-AZRTOS-L4.2.0.0
2023-05-27 19:14:12,835 [WARN] ConditionMgr:1039 - genDependencies : Invalid condition id : LAN8742 Phy interface Condition cause : null
2023-05-27 19:14:12,836 [WARN] ConditionMgr:1039 - genDependencies : Invalid condition id : LAN8742 Phy interface Condition cause : null
2023-05-27 19:14:12,838 [WARN] ConditionMgr:1039 - genDependencies : Invalid condition id : LAN8742 Phy interface Condition cause : null
2023-05-27 19:14:12,862 [WARN] PackLoader:240 - Cannot read IP mode file for WES.I-CUBE-Cesium.1.3.0
2023-05-27 19:14:12,884 [WARN] PackLoader:240 - Cannot read IP mode file for STMicroelectronics.X-CUBE-SFXS2LP1.4.0.0
2023-05-27 19:14:12,915 [WARN] PackLoader:240 - Cannot read IP mode file for STMicroelectronics.X-CUBE-BLE2.3.3.0
2023-05-27 19:14:12,931 [WARN] PackLoader:240 - Cannot read IP mode file for STMicroelectronics.X-CUBE-ISPU.1.1.0
2023-05-27 19:14:12,964 [WARN] PackLoader:240 - Cannot read IP mode file for STMicroelectronics.X-CUBE-FREERTOS.1.0.1
2023-05-27 19:14:12,990 [WARN] PackLoader:240 - Cannot read IP mode file for STMicroelectronics.X-CUBE-TOUCHGFX.4.21.4
2023-05-27 19:14:13,004 [WARN] PackLoader:240 - Cannot read IP mode file for STMicroelectronics.X-CUBE-ALGOBUILD.1.3.0
2023-05-27 19:14:13,042 [WARN] PackLoader:240 - Cannot read IP mode file for STMicroelectronics.X-CUBE-AZRTOS-L5.1.1.0
2023-05-27 19:14:13,108 [WARN] PackLoader:240 - Cannot read IP mode file for STMicroelectronics.X-CUBE-AZRTOS-G0.1.1.0
2023-05-27 19:14:13,126 [WARN] PackLoader:240 - Cannot read IP mode file for STMicroelectronics.X-CUBE-AI.8.0.1
2023-05-27 19:14:13,164 [WARN] PackLoader:240 - Cannot read IP mode file for STMicroelectronics.X-CUBE-SUBG2.5.0.0
2023-05-27 19:14:13,195 [WARN] PackLoader:240 - Cannot read IP mode file for STMicroelectronics.X-CUBE-NFC4.3.0.0
2023-05-27 19:14:13,240 [WARN] PackLoader:240 - Cannot read IP mode file for STMicroelectronics.X-CUBE-AZRTOS-G4.2.0.0
2023-05-27 19:14:13,278 [WARN] PackLoader:240 - Cannot read IP mode file for STMicroelectronics.X-CUBE-TOF1.3.3.0
2023-05-27 19:14:13,362 [WARN] PackLoader:240 - Cannot read IP mode file for STMicroelectronics.FP-ATR-SIGFOX1.3.2.0
2023-05-27 19:14:13,432 [WARN] PackLoader:240 - Cannot read IP mode file for STMicroelectronics.X-CUBE-AZRTOS-L4.1.0.0
2023-05-27 19:14:13,476 [WARN] PackLoader:240 - Cannot read IP mode file for STMicroelectronics.X-CUBE-AZRTOS-WL.1.0.0
2023-05-27 19:14:13,538 [WARN] PackLoader:240 - Cannot read IP mode file for portGmbH.I-Cube-SoM-uGOAL.1.1.0
2023-05-27 19:14:13,558 [WARN] PackLoader:240 - Cannot read IP mode file for STMicroelectronics.X-CUBE-ALS.1.0.1
2023-05-27 19:14:13,597 [WARN] PackLoader:240 - Cannot read IP mode file for STMicroelectronics.X-CUBE-AZRTOS-WB.1.1.0
2023-05-27 19:14:13,685 [WARN] PackLoader:240 - Cannot read IP mode file for SEGGER.I-CUBE-embOS.1.3.1
2023-05-27 19:14:13,851 [WARN] PackLoader:240 - Cannot read IP mode file for STMicroelectronics.FP-ATR-ASTRA1.2.0.0
2023-05-27 19:14:13,854 [INFO] ThirdParty:978 - Integrity check success = true
2023-05-27 19:14:13,854 [INFO] IntegrityCheckThread:100 - exiting critical section [integrity check]
2023-05-27 19:14:13,854 [INFO] IntegrityCheckThread:103 - End integrity checks thread
2023-05-27 19:14:13,855 [INFO] ThirdParty:873 - entering critical section [close project]
2023-05-27 19:14:13,857 [INFO] ThirdParty:883 - exiting critical section [close project]
2023-05-27 19:14:13,865 [INFO] PinOutPanel:1499 - setPackage(No Configuration,No Configuration)
2023-05-27 19:14:13,879 [INFO] UtilMem:75 - Begin LoadConfig() Used Memory: 274095048 Bytes (664797184)
2023-05-27 19:14:13,882 [INFO] MicroXplorer:468 - Change Database Path : 
2023-05-27 19:14:13,883 [INFO] MicroXplorer:498 - Change Database Version : DB.6.0.81
2023-05-27 19:14:13,883 [INFO] OpenFileManager:308 - Change cursor
2023-05-27 19:14:14,147 [INFO] Mcu:1937 - Initializing MCU STM32F103R(8-B)Tx STM32F103RBTx STM32F103RBT6
2023-05-27 19:14:16,942 [INFO] Context:659 - Trying to add GPIOservice into a context  which must be forbidden
2023-05-27 19:14:18,295 [INFO] RtosManager:555 - Registered RTOS mode: class=CMSIS, group=RTOS, mode=CMSIS_V1, owner=FREERTOS
2023-05-27 19:14:18,295 [INFO] RtosManager:555 - Registered RTOS mode: class=CMSIS, group=RTOS2, mode=CMSIS_V2, owner=FREERTOS
2023-05-27 19:14:18,296 [INFO] RtosManager:555 - Registered RTOS mode: class=RTOS, group=Core, mode=CMSIS_V1, owner=FREERTOS
2023-05-27 19:14:18,296 [INFO] RtosManager:555 - Registered RTOS mode: class=RTOS, group=Core, mode=CMSIS_V2, owner=FREERTOS
2023-05-27 19:14:18,297 [WARN] ModelIntegratedComponent:184 - Missing modes for component STMicroelectronics:FreeRTOS:0.0.1:STMicroelectronics:RTOS:FreeRTOS:Core:::10.2.0:
2023-05-27 19:14:18,343 [WARN] ModelIntegratedComponent:63 - No mode defined for component null
2023-05-27 19:14:18,343 [WARN] ModelIntegratedComponent:63 - No mode defined for component null
2023-05-27 19:14:18,344 [WARN] ModelIntegratedComponent:63 - No mode defined for component null
2023-05-27 19:14:18,344 [WARN] ModelIntegratedComponent:63 - No mode defined for component null
2023-05-27 19:14:18,345 [WARN] ModelIntegratedComponent:63 - No mode defined for component null
2023-05-27 19:14:18,345 [WARN] ModelIntegratedComponent:63 - No mode defined for component null
2023-05-27 19:14:18,345 [WARN] ModelIntegratedComponent:63 - No mode defined for component null
2023-05-27 19:14:18,345 [WARN] ModelIntegratedComponent:63 - No mode defined for component null
2023-05-27 19:14:18,346 [WARN] ModelIntegratedComponent:63 - No mode defined for component null
2023-05-27 19:14:18,346 [WARN] ModelIntegratedComponent:63 - No mode defined for component null
2023-05-27 19:14:18,346 [WARN] ModelIntegratedComponent:63 - No mode defined for component null
2023-05-27 19:14:18,346 [WARN] ModelIntegratedComponent:63 - No mode defined for component null
2023-05-27 19:14:18,346 [WARN] ModelIntegratedComponent:63 - No mode defined for component null
2023-05-27 19:14:18,347 [WARN] ModelIntegratedComponent:63 - No mode defined for component null
2023-05-27 19:14:18,347 [WARN] ModelIntegratedComponent:63 - No mode defined for component null
2023-05-27 19:14:18,347 [WARN] ModelIntegratedComponent:63 - No mode defined for component null
2023-05-27 19:14:18,347 [WARN] ModelIntegratedComponent:63 - No mode defined for component null
2023-05-27 19:14:18,348 [WARN] ModelIntegratedComponent:63 - No mode defined for component null
2023-05-27 19:14:18,348 [WARN] ModelIntegratedComponent:63 - No mode defined for component null
2023-05-27 19:14:18,348 [WARN] ModelIntegratedComponent:63 - No mode defined for component null
2023-05-27 19:14:18,348 [WARN] ModelIntegratedComponent:63 - No mode defined for component null
2023-05-27 19:14:18,349 [WARN] ModelIntegratedComponent:63 - No mode defined for component null
2023-05-27 19:14:18,349 [WARN] ModelIntegratedComponent:63 - No mode defined for component null
2023-05-27 19:14:18,349 [WARN] ModelIntegratedComponent:63 - No mode defined for component null
2023-05-27 19:14:18,349 [WARN] ModelIntegratedComponent:63 - No mode defined for component null
2023-05-27 19:14:18,349 [WARN] ModelIntegratedComponent:63 - No mode defined for component null
2023-05-27 19:14:18,349 [WARN] ModelIntegratedComponent:63 - No mode defined for component null
2023-05-27 19:14:18,350 [WARN] ModelIntegratedComponent:63 - No mode defined for component null
2023-05-27 19:14:18,350 [WARN] ModelIntegratedComponent:63 - No mode defined for component null
2023-05-27 19:14:18,350 [WARN] ModelIntegratedComponent:63 - No mode defined for component null
2023-05-27 19:14:18,350 [WARN] ModelIntegratedComponent:63 - No mode defined for component null
2023-05-27 19:14:18,350 [WARN] ModelIntegratedComponent:63 - No mode defined for component null
2023-05-27 19:14:18,350 [WARN] ModelIntegratedComponent:63 - No mode defined for component null
2023-05-27 19:14:18,393 [INFO] ThirdPartyModel:298 - Start build external matchings
2023-05-27 19:14:19,065 [INFO] ThirdPartyModel:316 - End build external matchings
2023-05-27 19:14:19,104 [INFO] ImportTextPane:194 - (OptionalMessage_ERROR) IP (RCC) : Parameter (ADCFreqValue) has invalid value (36000000)
2023-05-27 19:14:19,105 [INFO] ImportTextPane:194 - (OptionalMessage_ERROR) IP (RCC) : Invalid parameter (FamilyName)
2023-05-27 19:14:19,105 [INFO] ImportTextPane:194 - (OptionalMessage_ERROR) IP (RCC) : Parameter (MCOFreq_Value) has invalid value (72000000)
2023-05-27 19:14:19,107 [INFO] ImportTextPane:194 - (OptionalMessage_ERROR) IP (RCC) : Parameter (USBFreq_Value) has invalid value (72000000)
2023-05-27 19:14:20,081 [INFO] UtilMem:75 - End LoadConfig() Used Memory: 183256264 Bytes (664797184)
2023-05-27 19:14:20,372 [INFO] ApiDb:581 - Connected to CubeFinder SQLite database (C:\Users\lch\.stmcufinder\plugins\mcufinder\mcu\cube-finder-db.db)
2023-05-27 19:14:20,723 [INFO] ApiDb:668 - CubeFinder database Data Model version=2.1
2023-05-27 19:14:20,727 [INFO] ApiDb:669 - CubeFinder database Configuration version=3.0.35
2023-05-27 19:14:20,735 [INFO] ApiDb:670 - CubeFinder database generation date=2023-04-03 (1680511692)
2023-05-27 19:14:20,736 [INFO] ApiDb:671 - CubeFinder database FW Pack versions=[FP-ATR-ASTRA1_V2.0.0, STM32Cube_FW_C0_V1.0.1, STM32Cube_FW_F0_V1.11.4, STM32Cube_FW_F3_V1.11.4, STM32Cube_FW_F4_V1.27.1, STM32Cube_FW_F7_V1.17.0, STM32Cube_FW_G0_V1.6.1, STM32Cube_FW_G4_V1.5.1, STM32Cube_FW_H5_V0.5.1, STM32Cube_FW_H5_V1.0.0, STM32Cube_FW_H7_V1.11.0, STM32Cube_FW_L0_V1.12.2, STM32Cube_FW_L5_V1.5.0, STM32Cube_FW_U5_V1.2.0, STM32Cube_FW_WBA_V1.0.0, STM32Cube_FW_WBA_V1.0.0RC1, STM32Cube_FW_WBA_V1.0.0RC3, STM32Cube_FW_WB_V1.15.0RC1, STM32Cube_FW_WB_V1.16.0, STM32Cube_FW_WB_V1.16.0RC2, STM32Cube_FW_WL_V1.3.0, X-CUBE-ALGOBUILD_V1.3.0, X-CUBE-ALS_V1.0.1, X-CUBE-AZRTOS-F4_V1.1.0, X-CUBE-AZRTOS-F7_V1.1.0, X-CUBE-AZRTOS-G0_V1.1.0, X-CUBE-AZRTOS-G4_V1.0.0, X-CUBE-AZRTOS-H7_V3.0.0, X-CUBE-AZRTOS-L4_V1.0.0, X-CUBE-AZRTOS-L5_V1.1.0, X-CUBE-AZRTOS-WB_V1.1.0, X-CUBE-AZRTOS-WL_V1.0.0, X-CUBE-BLE1_V6.2.4, X-CUBE-BLE2_V3.3.0, X-CUBE-BLEMGR_V1.3.0, X-CUBE-EEPRMA1_V4.1.0, X-CUBE-FREERTOS_V1.0.1, X-CUBE-GNSS1_V6.0.0, X-CUBE-MEMS1_V9.1.0, X-CUBE-MEMS1_V9.4.0, X-CUBE-MEMS1_V9.5.0, X-CUBE-NFC4_V3.0.0, X-CUBE-NFC7_V1.0.0, X-CUBE-SFXS2LP1_V4.0.0, X-CUBE-SUBG2_V5.0.0]
2023-05-27 19:14:26,995 [INFO] ApiDb:240 - Found 297 in-development CPN: [B-G473E-ZEST1S, B-WB1M-WPAN1, B-WL5M-SUBG1, NUCLEO-C031C6, NUCLEO-H503RB, NUCLEO-H563ZI, NUCLEO-U545RE-Q, NUCLEO-U5A5ZJ-Q, NUCLEO-WBA52CG, STEVAL-PROTEUS1, STEVAL-STWINBX1, STM320518-EVAL, STM32C0116-DK, STM32C011D6Y3TR, STM32C011D6Y6TR, STM32C011F4P3, STM32C011F4P6, STM32C011F4U3, STM32C011F4U6TR, STM32C011F6P3, STM32C011F6P6, STM32C011F6U3, STM32C011F6U6TR, STM32C011J4M3, STM32C011J4M6, STM32C011J6M3, STM32C011J6M6, STM32C0316-DK, STM32C031C4T3, STM32C031C4T6, STM32C031C4U3, STM32C031C4U6, STM32C031C6T3, STM32C031C6T6, STM32C031C6U3, STM32C031C6U6, STM32C031F4P3, STM32C031F4P6, STM32C031F6P3, STM32C031F6P6, STM32C031G4U3, STM32C031G4U6, STM32C031G6U3, STM32C031G6U6, STM32C031K4T3, STM32C031K4T6, STM32C031K4U3, STM32C031K4U6, STM32C031K6T3, STM32C031K6T6, STM32C031K6U3, STM32C031K6U6, STM32G071K8TXN, STM32G071K8UXN, STM32G081GBU6N, STM32G081KBT6N, STM32G081KBUXN, STM32G0B1CCT6N, STM32G0B1KCT6, STM32G0B1NEY6TR, STM32G0B1RCT6N, STM32G0C1CCT6, STM32G0C1CCT6N, STM32G0C1CCU6N, STM32G0C1CET6N, STM32G0C1CEU6N, STM32G0C1KCT6, STM32G0C1NEY6TR, STM32G0C1RCI6N, STM32G0C1RCT6N, STM32G0C1REI6N, STM32G0C1RET6N, STM32G0C1VCI6, STM32G0C1VEI6, STM32G471CCT6, STM32G471CCU6, STM32G471CET3, STM32G471CET6, STM32G471CEU3, STM32G471CEU6, STM32G471MCT6, STM32G471MET3, STM32G471MET6, STM32G471MEY6TR, STM32G471QCT6, STM32G471QET3, STM32G471RCT6, STM32G471RET3, STM32G471RET6, STM32G471VCH6, STM32G471VCI6, STM32G471VCT6, STM32G471VEH3, STM32G471VEH6, STM32G471VEI3, STM32G471VEI6, STM32G471VET3, STM32G471VET6, STM32G474CCT6, STM32H503CBT6, STM32H503CBU6, STM32H503EBY6TR, STM32H503KBU6, STM32H503RBT6, STM32H562AGI6, STM32H562AII6, STM32H562IGK6, STM32H562IGT6, STM32H562IIK6, STM32H562IIT6, STM32H562RGT6, STM32H562RGV6, STM32H562RIT6, STM32H562RIV6, STM32H562VGT6, STM32H562VIT6, STM32H562ZGT6, STM32H562ZIT6, STM32H563AGI6, STM32H563AII3Q, STM32H563AII6, STM32H563IGK6, STM32H563IGT6, STM32H563IIK3Q, STM32H563IIK6, STM32H563IIT3Q, STM32H563IIT6, STM32H563MIY3QTR, STM32H563RGT6, STM32H563RGV6, STM32H563RIT6, STM32H563RIV6, STM32H563VGT6, STM32H563VIT3Q, STM32H563VIT6, STM32H563ZGT6, STM32H563ZIT3Q, STM32H563ZIT6, STM32H573AII3Q, STM32H573AII6, STM32H573I-DK, STM32H573IIK3Q, STM32H573IIK6, STM32H573IIT3Q, STM32H573IIT6, STM32H573MIY3QTR, STM32H573RIT6, STM32H573RIV6, STM32H573VIT3Q, STM32H573VIT6, STM32H573ZIT3Q, STM32H573ZIT6, STM32L4R5QGI6STR, STM32MP131AAE3, STM32MP131AAF3, STM32MP131AAG3, STM32MP131CAE3, STM32MP131CAF3, STM32MP131CAG3, STM32MP131DAE7, STM32MP131DAF7, STM32MP131DAG7, STM32MP131FAE7, STM32MP131FAF7, STM32MP131FAG7, STM32MP133AAE3, STM32MP133AAF3, STM32MP133AAG3, STM32MP133CAE3, STM32MP133CAF3, STM32MP133CAG3, STM32MP133DAE7, STM32MP133DAF7, STM32MP133DAG7, STM32MP133FAE7, STM32MP133FAF7, STM32MP133FAG7, STM32MP135AAE3, STM32MP135AAF3, STM32MP135AAG3, STM32MP135CAE3, STM32MP135CAF3, STM32MP135CAG3, STM32MP135DAE7, STM32MP135DAF7, STM32MP135DAG7, STM32MP135F-DK, STM32MP135FAE7, STM32MP135FAF7, STM32MP135FAF7T, STM32MP135FAF7U, STM32MP135FAG7, STM32U535CBT6, STM32U535CBT6Q, STM32U535CBU6, STM32U535CBU6Q, STM32U535CCT6, STM32U535CCT6Q, STM32U535CCU6, STM32U535CCU6Q, STM32U535CET6, STM32U535CET6Q, STM32U535CEU6, STM32U535CEU6Q, STM32U535JEY6QTR, STM32U535NCY6QTR, STM32U535NEY6QTR, STM32U535RBI6, STM32U535RBI6Q, STM32U535RBT6, STM32U535RBT6Q, STM32U535RCI6, STM32U535RCI6Q, STM32U535RCT6, STM32U535RCT6Q, STM32U535REI6, STM32U535REI6Q, STM32U535RET6, STM32U535RET6Q, STM32U535VCI6, STM32U535VCI6Q, STM32U535VCT6, STM32U535VCT6Q, STM32U535VEI6, STM32U535VEI6Q, STM32U535VET6, STM32U535VET6Q, STM32U545CET6, STM32U545CET6Q, STM32U545CEU6, STM32U545CEU6Q, STM32U545JEY6QTR, STM32U545NEY6QTR, STM32U545REI6, STM32U545REI6Q, STM32U545RET6, STM32U545RET6Q, STM32U545VEI6, STM32U545VEI6Q, STM32U545VET6, STM32U545VET6Q, STM32U595AIH6, STM32U595AIH6Q, STM32U595AJH6, STM32U595AJH6Q, STM32U595QII6, STM32U595QII6Q, STM32U595QJI6, STM32U595QJI6Q, STM32U595RIT6, STM32U595RIT6Q, STM32U595RJT6, STM32U595RJT6Q, STM32U595VIT6, STM32U595VIT6Q, STM32U595VJT6, STM32U595VJT6Q, STM32U595ZIT6, STM32U595ZIT6Q, STM32U595ZIY6QTR, STM32U595ZJT6, STM32U595ZJT6Q, STM32U595ZJY6QTR, STM32U599BJY6QTR, STM32U599NIH6Q, STM32U599NJH6Q, STM32U599VIT6Q, STM32U599VJT6, STM32U599VJT6Q, STM32U599ZIT6Q, STM32U599ZIY6QTR, STM32U599ZJT6Q, STM32U599ZJY6QTR, STM32U5A5AJH6, STM32U5A5AJH6Q, STM32U5A5QJI6, STM32U5A5QJI6Q, STM32U5A5RJT6, STM32U5A5RJT6Q, STM32U5A5VJT6, STM32U5A5VJT6Q, STM32U5A5ZJT6, STM32U5A5ZJT6Q, STM32U5A5ZJY6QTR, STM32U5A9BJY6QTR, STM32U5A9J-DK, STM32U5A9NJH6Q, STM32U5A9VJT6Q, STM32U5A9ZJT6Q, STM32U5A9ZJY6QTR, STM32WB1MMCH6, STM32WBA52CEU6, STM32WBA52CEU6T, STM32WBA52CGU6, STM32WBA52CGU6T, STM32WL5MOCH6, STM32WL5MOCH6TR]
2023-05-27 19:14:27,002 [INFO] DbMcus:216 - Found 3775 MCUs, 3775 are supported
2023-05-27 19:14:27,004 [INFO] ApiDb:414 - User favorites file not found: C:\Users\lch/.stm32cubeide/favorites.mcus.txt
2023-05-27 19:14:27,004 [INFO] DbMcus:222 - Set 0 / 0 favorites MCUs
2023-05-27 19:14:28,387 [WARN] ThirdParty:833 - waiting for thirdparty lock release [change project]
2023-05-27 19:14:28,388 [INFO] ThirdParty:835 - entering critical section [change project]
2023-05-27 19:14:28,388 [INFO] ThirdParty:1030 - CMSIS Pack Vendor :STMicroelectronics X-CUBE-ISPU 1.1.0
2023-05-27 19:14:28,388 [INFO] ThirdParty:1030 - CMSIS Pack Vendor :STMicroelectronics X-CUBE-GNSS1 6.0.0
2023-05-27 19:14:28,388 [INFO] ThirdParty:1030 - CMSIS Pack Vendor :STMicroelectronics USB_HOST 2.0.0
2023-05-27 19:14:28,388 [INFO] ThirdParty:1030 - CMSIS Pack Vendor :STMicroelectronics X-CUBE-AZRTOS-F4 1.1.0
2023-05-27 19:14:28,388 [INFO] ThirdParty:1030 - CMSIS Pack Vendor :STMicroelectronics LIBJPEG 8.0.0
2023-05-27 19:14:28,389 [INFO] ThirdParty:1030 - CMSIS Pack Vendor :STMicroelectronics X-CUBE-SMBUS 2.1.0
2023-05-27 19:14:28,389 [INFO] ThirdParty:1030 - CMSIS Pack Vendor :wolfSSL I-CUBE-wolfSSL 5.6.0
2023-05-27 19:14:28,389 [INFO] ThirdParty:1030 - CMSIS Pack Vendor :STMicroelectronics USB_DEVICE 3.0.0
2023-05-27 19:14:28,389 [INFO] ThirdParty:1030 - CMSIS Pack Vendor :STMicroelectronics X-CUBE-FREERTOS 1.0.1
2023-05-27 19:14:28,389 [INFO] ThirdParty:1030 - CMSIS Pack Vendor :STMicroelectronics X-CUBE-AZRTOS-F7 1.1.0
2023-05-27 19:14:28,389 [INFO] ThirdParty:1030 - CMSIS Pack Vendor :STMicroelectronics X-CUBE-TOUCHGFX 4.21.4
2023-05-27 19:14:28,389 [INFO] ThirdParty:1030 - CMSIS Pack Vendor :STMicroelectronics USB_DEVICE 2.0.0
2023-05-27 19:14:28,389 [INFO] ThirdParty:1030 - CMSIS Pack Vendor :STMicroelectronics X-CUBE-MEMS1 9.6.0
2023-05-27 19:14:28,390 [INFO] ThirdParty:1030 - CMSIS Pack Vendor :STMicroelectronics FP-SNS-MOTENV1 4.3.0
2023-05-27 19:14:28,390 [INFO] ThirdParty:1030 - CMSIS Pack Vendor :STMicroelectronics FP-SNS-FLIGHT1 5.0.0
2023-05-27 19:14:28,390 [INFO] ThirdParty:1030 - CMSIS Pack Vendor :STMicroelectronics FP-SNS-MOTENV1 4.3.1
2023-05-27 19:14:28,390 [INFO] ThirdParty:1030 - CMSIS Pack Vendor :STMicroelectronics FP-SNS-FLIGHT1 5.0.1
2023-05-27 19:14:28,390 [INFO] ThirdParty:1030 - CMSIS Pack Vendor :STMicroelectronics X-CUBE-ALGOBUILD 1.3.0
2023-05-27 19:14:28,390 [INFO] ThirdParty:1030 - CMSIS Pack Vendor :STMicroelectronics X-CUBE-BLE1 6.2.4
2023-05-27 19:14:28,391 [INFO] ThirdParty:1030 - CMSIS Pack Vendor :STMicroelectronics X-CUBE-AZRTOS-L5 1.1.0
2023-05-27 19:14:28,391 [INFO] ThirdParty:1030 - CMSIS Pack Vendor :STMicroelectronics FreeRTOS 0.0.1
2023-05-27 19:14:28,391 [INFO] ThirdParty:1030 - CMSIS Pack Vendor :emotas I-CUBE-CANOPEN 1.1.3
2023-05-27 19:14:28,391 [INFO] ThirdParty:1030 - CMSIS Pack Vendor :STMicroelectronics X-CUBE-AZRTOS-G0 1.1.0
2023-05-27 19:14:28,391 [INFO] ThirdParty:1030 - CMSIS Pack Vendor :STMicroelectronics X-CUBE-BLEMGR 2.0.0
2023-05-27 19:14:28,392 [INFO] ThirdParty:1030 - CMSIS Pack Vendor :STMicroelectronics X-CUBE-AI 8.0.1
2023-05-27 19:14:28,392 [INFO] ThirdParty:1030 - CMSIS Pack Vendor :STMicroelectronics X-CUBE-SUBG2 5.0.0
2023-05-27 19:14:28,392 [INFO] ThirdParty:1030 - CMSIS Pack Vendor :STMicroelectronics X-CUBE-NFC4 3.0.0
2023-05-27 19:14:28,392 [INFO] ThirdParty:1030 - CMSIS Pack Vendor :STMicroelectronics STM32_WPAN 1.0.0
2023-05-27 19:14:28,392 [INFO] ThirdParty:1030 - CMSIS Pack Vendor :STMicroelectronics lwIP 2.0.3
2023-05-27 19:14:28,392 [INFO] ThirdParty:1030 - CMSIS Pack Vendor :STMicroelectronics USB_HOST 1.0.0
2023-05-27 19:14:28,393 [INFO] ThirdParty:1030 - CMSIS Pack Vendor :STMicroelectronics X-CUBE-AZRTOS-G4 2.0.0
2023-05-27 19:14:28,396 [INFO] ThirdParty:1030 - CMSIS Pack Vendor :STMicroelectronics PDM2PCM 3.1.0
2023-05-27 19:14:28,397 [INFO] ThirdParty:1030 - CMSIS Pack Vendor :STMicroelectronics X-CUBE-AZRTOS-H7 3.1.0
2023-05-27 19:14:28,397 [INFO] ThirdParty:1030 - CMSIS Pack Vendor :STMicroelectronics X-CUBE-TOF1 3.3.0
2023-05-27 19:14:28,397 [INFO] ThirdParty:1030 - CMSIS Pack Vendor :STMicroelectronics PDM2PCM 3.3.0
2023-05-27 19:14:28,398 [INFO] ThirdParty:1030 - CMSIS Pack Vendor :STMicroelectronics X-CUBE-DISPLAY 3.0.0
2023-05-27 19:14:28,398 [INFO] ThirdParty:1030 - CMSIS Pack Vendor :STMicroelectronics FP-ATR-SIGFOX1 3.2.0
2023-05-27 19:14:28,398 [INFO] ThirdParty:1030 - CMSIS Pack Vendor :STMicroelectronics X-CUBE-AZRTOS-L4 1.0.0
2023-05-27 19:14:28,398 [INFO] ThirdParty:1030 - CMSIS Pack Vendor :STMicroelectronics HAL Drivers 0.0.0
2023-05-27 19:14:28,398 [INFO] ThirdParty:1030 - CMSIS Pack Vendor :STMicroelectronics MBEDTLS 2.16.2
2023-05-27 19:14:28,398 [INFO] ThirdParty:1030 - CMSIS Pack Vendor :STMicroelectronics MBEDTLS 2.14.1
2023-05-27 19:14:28,398 [INFO] ThirdParty:1030 - CMSIS Pack Vendor :STMicroelectronics X-CUBE-NFC7 1.0.0
2023-05-27 19:14:28,399 [INFO] ThirdParty:1030 - CMSIS Pack Vendor :STMicroelectronics X-CUBE-AZRTOS-WL 1.0.0
2023-05-27 19:14:28,399 [INFO] ThirdParty:1030 - CMSIS Pack Vendor :STMicroelectronics X-CUBE-EEPRMA1 4.1.0
2023-05-27 19:14:28,399 [INFO] ThirdParty:1030 - CMSIS Pack Vendor :portGmbH I-Cube-SoM-uGOAL 1.1.0
2023-05-27 19:14:28,399 [INFO] ThirdParty:1030 - CMSIS Pack Vendor :STMicroelectronics X-CUBE-ALS 1.0.1
2023-05-27 19:14:28,399 [INFO] ThirdParty:1030 - CMSIS Pack Vendor :STMicroelectronics ThreadX 1.0.0
2023-05-27 19:14:28,399 [INFO] ThirdParty:1030 - CMSIS Pack Vendor :STMicroelectronics X-CUBE-AZRTOS-WB 1.1.0
2023-05-27 19:14:28,399 [INFO] ThirdParty:1030 - CMSIS Pack Vendor :SEGGER I-CUBE-embOS 1.3.1
2023-05-27 19:14:28,400 [INFO] ThirdParty:1030 - CMSIS Pack Vendor :STMicroelectronics USB_DEVICE 1.0.0
2023-05-27 19:14:28,400 [INFO] ThirdParty:1030 - CMSIS Pack Vendor :STMicroelectronics X-CUBE-AZRTOS-L4 2.0.0
2023-05-27 19:14:28,400 [INFO] ThirdParty:1030 - CMSIS Pack Vendor :STMicroelectronics ThreadX 0.0.2
2023-05-27 19:14:28,400 [INFO] ThirdParty:1030 - CMSIS Pack Vendor :WES I-CUBE-Cesium 1.3.0
2023-05-27 19:14:28,401 [INFO] ThirdParty:1030 - CMSIS Pack Vendor :STMicroelectronics FP-ATR-ASTRA1 2.0.0
2023-05-27 19:14:28,401 [INFO] ThirdParty:1030 - CMSIS Pack Vendor :STMicroelectronics lwIP 2.1.2
2023-05-27 19:14:28,401 [INFO] ThirdParty:1030 - CMSIS Pack Vendor :STMicroelectronics X-CUBE-SFXS2LP1 4.0.0
2023-05-27 19:14:28,401 [INFO] ThirdParty:1030 - CMSIS Pack Vendor :STMicroelectronics X-CUBE-BLE2 3.3.0
2023-05-27 19:14:28,401 [INFO] ThirdParty:1030 - CMSIS Pack Vendor :STMicroelectronics PDM2PCM 3.2.0
2023-05-27 19:14:28,401 [INFO] ThirdParty:841 - exiting critical section [change project]
2023-05-27 19:14:29,235 [INFO] PinOutPanel:1499 - setPackage(No Configuration,No Configuration)
2023-05-27 19:14:29,244 [INFO] PinOutPanel:1499 - setPackage(STM32F103RBTx,LQFP64)
2023-05-27 19:14:31,442 [INFO] UtilMem:75 - Before build in PCC Used Memory: 504641824 Bytes (664797184)
2023-05-27 19:14:34,341 [INFO] UtilMem:75 - After build in PCC Used Memory: 356748800 Bytes (664797184)
2023-05-27 19:14:34,440 [INFO] IPUIPlugin:80 - create IPUIPlugin
2023-05-27 19:14:34,441 [INFO] IPUIPlugin:80 - create IPUIPlugin
2023-05-27 19:14:34,441 [INFO] IPUIPlugin:80 - create IPUIPlugin
2023-05-27 19:14:34,441 [INFO] IPUIPlugin:80 - create IPUIPlugin
2023-05-27 19:14:34,442 [INFO] IPUIPlugin:80 - create IPUIPlugin
2023-05-27 19:14:34,442 [INFO] IPUIPlugin:80 - create IPUIPlugin
2023-05-27 19:14:34,442 [INFO] IPUIPlugin:80 - create IPUIPlugin
2023-05-27 19:14:34,442 [INFO] IPUIPlugin:80 - create IPUIPlugin
2023-05-27 19:14:34,443 [INFO] IPUIPlugin:80 - create IPUIPlugin
2023-05-27 19:14:34,443 [INFO] IPUIPlugin:80 - create IPUIPlugin
2023-05-27 19:14:34,443 [INFO] IPUIPlugin:80 - create IPUIPlugin
2023-05-27 19:14:34,444 [INFO] IPUIPlugin:80 - create IPUIPlugin
2023-05-27 19:14:34,444 [INFO] IPUIPlugin:80 - create IPUIPlugin
2023-05-27 19:14:34,445 [INFO] IPUIPlugin:80 - create IPUIPlugin
2023-05-27 19:14:34,445 [INFO] IPUIPlugin:80 - create IPUIPlugin
2023-05-27 19:14:34,449 [INFO] IPUIPlugin:80 - create IPUIPlugin
2023-05-27 19:14:34,449 [INFO] IPUIPlugin:80 - create IPUIPlugin
2023-05-27 19:14:34,449 [INFO] IPUIPlugin:80 - create IPUIPlugin
2023-05-27 19:14:34,450 [INFO] IPUIPlugin:80 - create IPUIPlugin
2023-05-27 19:14:34,451 [INFO] IPUIPlugin:80 - create IPUIPlugin
2023-05-27 19:14:34,452 [INFO] IPUIPlugin:80 - create IPUIPlugin
2023-05-27 19:14:34,453 [INFO] IPUIPlugin:80 - create IPUIPlugin
2023-05-27 19:14:34,454 [INFO] IPUIPlugin:80 - create IPUIPlugin
2023-05-27 19:14:34,455 [INFO] IPUIPlugin:80 - create IPUIPlugin
2023-05-27 19:14:34,456 [INFO] IPUIPlugin:80 - create IPUIPlugin
2023-05-27 19:14:34,457 [INFO] IPUIPlugin:80 - create IPUIPlugin
2023-05-27 19:14:34,458 [INFO] IPUIPlugin:80 - create IPUIPlugin
2023-05-27 19:14:35,498 [INFO] CADModel:165 - CPN selected for project levelSTM32F103RBT6
2023-05-27 19:14:35,498 [INFO] CADModel:114 - Register for checkConnection events
2023-05-27 19:14:35,592 [INFO] OpenFileManager:328 - Restore cursor
2023-05-27 19:46:34,666 [INFO] MainUpdater:2854 - connection check result : 10
2023-05-27 19:46:34,668 [INFO] MainUpdater:2854 - connection check result : 10
2023-05-27 19:46:35,050 [INFO] MicroXplorer:468 - Change Database Path : 
2023-05-27 19:46:35,050 [INFO] MicroXplorer:498 - Change Database Version : DB.6.0.81
2023-05-27 19:46:35,296 [WARN] ThirdParty:871 - waiting for thirdparty lock release [close project]
2023-05-27 19:46:35,296 [INFO] ThirdParty:873 - entering critical section [close project]
2023-05-27 19:46:35,297 [INFO] ThirdParty:883 - exiting critical section [close project]
2023-05-27 19:46:35,300 [INFO] PinOutPanel:1499 - setPackage(No Configuration,No Configuration)
2023-05-27 19:46:35,325 [INFO] UtilMem:75 - Begin LoadConfig() Used Memory: 384333944 Bytes (664797184)
2023-05-27 19:46:35,326 [INFO] MicroXplorer:468 - Change Database Path : 
2023-05-27 19:46:35,326 [INFO] MicroXplorer:498 - Change Database Version : DB.6.0.81
2023-05-27 19:46:35,327 [INFO] OpenFileManager:308 - Change cursor
2023-05-27 19:46:35,414 [INFO] Mcu:1937 - Initializing MCU STM32F103R(8-B)Tx STM32F103RBTx STM32F103RBT6
2023-05-27 19:46:37,313 [INFO] Context:659 - Trying to add GPIOservice into a context  which must be forbidden
2023-05-27 19:46:37,934 [INFO] RtosManager:555 - Registered RTOS mode: class=CMSIS, group=RTOS, mode=CMSIS_V1, owner=FREERTOS
2023-05-27 19:46:37,935 [INFO] RtosManager:555 - Registered RTOS mode: class=CMSIS, group=RTOS2, mode=CMSIS_V2, owner=FREERTOS
2023-05-27 19:46:37,935 [INFO] RtosManager:555 - Registered RTOS mode: class=RTOS, group=Core, mode=CMSIS_V1, owner=FREERTOS
2023-05-27 19:46:37,935 [INFO] RtosManager:555 - Registered RTOS mode: class=RTOS, group=Core, mode=CMSIS_V2, owner=FREERTOS
2023-05-27 19:46:37,935 [WARN] ModelIntegratedComponent:184 - Missing modes for component STMicroelectronics:FreeRTOS:0.0.1:STMicroelectronics:RTOS:FreeRTOS:Core:::10.2.0:
2023-05-27 19:46:37,960 [WARN] ModelIntegratedComponent:63 - No mode defined for component null
2023-05-27 19:46:37,960 [WARN] ModelIntegratedComponent:63 - No mode defined for component null
2023-05-27 19:46:37,960 [WARN] ModelIntegratedComponent:63 - No mode defined for component null
2023-05-27 19:46:37,960 [WARN] ModelIntegratedComponent:63 - No mode defined for component null
2023-05-27 19:46:37,960 [WARN] ModelIntegratedComponent:63 - No mode defined for component null
2023-05-27 19:46:37,960 [WARN] ModelIntegratedComponent:63 - No mode defined for component null
2023-05-27 19:46:37,960 [WARN] ModelIntegratedComponent:63 - No mode defined for component null
2023-05-27 19:46:37,961 [WARN] ModelIntegratedComponent:63 - No mode defined for component null
2023-05-27 19:46:37,961 [WARN] ModelIntegratedComponent:63 - No mode defined for component null
2023-05-27 19:46:37,961 [WARN] ModelIntegratedComponent:63 - No mode defined for component null
2023-05-27 19:46:37,961 [WARN] ModelIntegratedComponent:63 - No mode defined for component null
2023-05-27 19:46:37,961 [WARN] ModelIntegratedComponent:63 - No mode defined for component null
2023-05-27 19:46:37,961 [WARN] ModelIntegratedComponent:63 - No mode defined for component null
2023-05-27 19:46:37,962 [WARN] ModelIntegratedComponent:63 - No mode defined for component null
2023-05-27 19:46:37,962 [WARN] ModelIntegratedComponent:63 - No mode defined for component null
2023-05-27 19:46:37,962 [WARN] ModelIntegratedComponent:63 - No mode defined for component null
2023-05-27 19:46:37,962 [WARN] ModelIntegratedComponent:63 - No mode defined for component null
2023-05-27 19:46:37,962 [WARN] ModelIntegratedComponent:63 - No mode defined for component null
2023-05-27 19:46:37,962 [WARN] ModelIntegratedComponent:63 - No mode defined for component null
2023-05-27 19:46:37,962 [WARN] ModelIntegratedComponent:63 - No mode defined for component null
2023-05-27 19:46:37,963 [WARN] ModelIntegratedComponent:63 - No mode defined for component null
2023-05-27 19:46:37,963 [WARN] ModelIntegratedComponent:63 - No mode defined for component null
2023-05-27 19:46:37,963 [WARN] ModelIntegratedComponent:63 - No mode defined for component null
2023-05-27 19:46:37,963 [WARN] ModelIntegratedComponent:63 - No mode defined for component null
2023-05-27 19:46:37,963 [WARN] ModelIntegratedComponent:63 - No mode defined for component null
2023-05-27 19:46:37,963 [WARN] ModelIntegratedComponent:63 - No mode defined for component null
2023-05-27 19:46:37,963 [WARN] ModelIntegratedComponent:63 - No mode defined for component null
2023-05-27 19:46:37,964 [WARN] ModelIntegratedComponent:63 - No mode defined for component null
2023-05-27 19:46:37,964 [WARN] ModelIntegratedComponent:63 - No mode defined for component null
2023-05-27 19:46:37,964 [WARN] ModelIntegratedComponent:63 - No mode defined for component null
2023-05-27 19:46:37,964 [WARN] ModelIntegratedComponent:63 - No mode defined for component null
2023-05-27 19:46:37,964 [WARN] ModelIntegratedComponent:63 - No mode defined for component null
2023-05-27 19:46:37,964 [WARN] ModelIntegratedComponent:63 - No mode defined for component null
2023-05-27 19:46:37,984 [INFO] ThirdPartyModel:298 - Start build external matchings
2023-05-27 19:46:38,484 [INFO] ThirdPartyModel:316 - End build external matchings
2023-05-27 19:46:38,503 [INFO] ImportTextPane:194 - (OptionalMessage_ERROR) IP (RCC) : Parameter (ADCFreqValue) has invalid value (36000000)
2023-05-27 19:46:38,504 [INFO] ImportTextPane:194 - (OptionalMessage_ERROR) IP (RCC) : Invalid parameter (FamilyName)
2023-05-27 19:46:38,504 [INFO] ImportTextPane:194 - (OptionalMessage_ERROR) IP (RCC) : Parameter (MCOFreq_Value) has invalid value (72000000)
2023-05-27 19:46:38,505 [INFO] ImportTextPane:194 - (OptionalMessage_ERROR) IP (RCC) : Parameter (USBFreq_Value) has invalid value (72000000)
2023-05-27 19:46:38,872 [INFO] UtilMem:75 - End LoadConfig() Used Memory: 537395200 Bytes (664797184)
2023-05-27 19:46:38,948 [WARN] ThirdParty:833 - waiting for thirdparty lock release [change project]
2023-05-27 19:46:38,948 [INFO] ThirdParty:835 - entering critical section [change project]
2023-05-27 19:46:38,949 [INFO] ThirdParty:1030 - CMSIS Pack Vendor :STMicroelectronics X-CUBE-ISPU 1.1.0
2023-05-27 19:46:38,949 [INFO] ThirdParty:1030 - CMSIS Pack Vendor :STMicroelectronics X-CUBE-GNSS1 6.0.0
2023-05-27 19:46:38,949 [INFO] ThirdParty:1030 - CMSIS Pack Vendor :STMicroelectronics USB_HOST 2.0.0
2023-05-27 19:46:38,951 [INFO] ThirdParty:1030 - CMSIS Pack Vendor :STMicroelectronics X-CUBE-AZRTOS-F4 1.1.0
2023-05-27 19:46:38,951 [INFO] ThirdParty:1030 - CMSIS Pack Vendor :STMicroelectronics LIBJPEG 8.0.0
2023-05-27 19:46:38,951 [INFO] ThirdParty:1030 - CMSIS Pack Vendor :STMicroelectronics X-CUBE-SMBUS 2.1.0
2023-05-27 19:46:38,951 [INFO] ThirdParty:1030 - CMSIS Pack Vendor :wolfSSL I-CUBE-wolfSSL 5.6.0
2023-05-27 19:46:38,952 [INFO] ThirdParty:1030 - CMSIS Pack Vendor :STMicroelectronics USB_DEVICE 3.0.0
2023-05-27 19:46:38,952 [INFO] ThirdParty:1030 - CMSIS Pack Vendor :STMicroelectronics X-CUBE-FREERTOS 1.0.1
2023-05-27 19:46:38,952 [INFO] ThirdParty:1030 - CMSIS Pack Vendor :STMicroelectronics X-CUBE-AZRTOS-F7 1.1.0
2023-05-27 19:46:38,952 [INFO] ThirdParty:1030 - CMSIS Pack Vendor :STMicroelectronics X-CUBE-TOUCHGFX 4.21.4
2023-05-27 19:46:38,953 [INFO] ThirdParty:1030 - CMSIS Pack Vendor :STMicroelectronics USB_DEVICE 2.0.0
2023-05-27 19:46:38,953 [INFO] ThirdParty:1030 - CMSIS Pack Vendor :STMicroelectronics X-CUBE-MEMS1 9.6.0
2023-05-27 19:46:38,954 [INFO] ThirdParty:1030 - CMSIS Pack Vendor :STMicroelectronics FP-SNS-MOTENV1 4.3.0
2023-05-27 19:46:38,955 [INFO] ThirdParty:1030 - CMSIS Pack Vendor :STMicroelectronics FP-SNS-FLIGHT1 5.0.0
2023-05-27 19:46:38,956 [INFO] ThirdParty:1030 - CMSIS Pack Vendor :STMicroelectronics FP-SNS-MOTENV1 4.3.1
2023-05-27 19:46:38,956 [INFO] ThirdParty:1030 - CMSIS Pack Vendor :STMicroelectronics FP-SNS-FLIGHT1 5.0.1
2023-05-27 19:46:38,956 [INFO] ThirdParty:1030 - CMSIS Pack Vendor :STMicroelectronics X-CUBE-ALGOBUILD 1.3.0
2023-05-27 19:46:38,956 [INFO] ThirdParty:1030 - CMSIS Pack Vendor :STMicroelectronics X-CUBE-BLE1 6.2.4
2023-05-27 19:46:38,957 [INFO] ThirdParty:1030 - CMSIS Pack Vendor :STMicroelectronics X-CUBE-AZRTOS-L5 1.1.0
2023-05-27 19:46:38,957 [INFO] ThirdParty:1030 - CMSIS Pack Vendor :STMicroelectronics FreeRTOS 0.0.1
2023-05-27 19:46:38,957 [INFO] ThirdParty:1030 - CMSIS Pack Vendor :emotas I-CUBE-CANOPEN 1.1.3
2023-05-27 19:46:38,958 [INFO] ThirdParty:1030 - CMSIS Pack Vendor :STMicroelectronics X-CUBE-AZRTOS-G0 1.1.0
2023-05-27 19:46:38,958 [INFO] ThirdParty:1030 - CMSIS Pack Vendor :STMicroelectronics X-CUBE-BLEMGR 2.0.0
2023-05-27 19:46:38,958 [INFO] ThirdParty:1030 - CMSIS Pack Vendor :STMicroelectronics X-CUBE-AI 8.0.1
2023-05-27 19:46:38,958 [INFO] ThirdParty:1030 - CMSIS Pack Vendor :STMicroelectronics X-CUBE-SUBG2 5.0.0
2023-05-27 19:46:38,959 [INFO] ThirdParty:1030 - CMSIS Pack Vendor :STMicroelectronics X-CUBE-NFC4 3.0.0
2023-05-27 19:46:38,959 [INFO] ThirdParty:1030 - CMSIS Pack Vendor :STMicroelectronics STM32_WPAN 1.0.0
2023-05-27 19:46:38,959 [INFO] ThirdParty:1030 - CMSIS Pack Vendor :STMicroelectronics lwIP 2.0.3
2023-05-27 19:46:38,959 [INFO] ThirdParty:1030 - CMSIS Pack Vendor :STMicroelectronics USB_HOST 1.0.0
2023-05-27 19:46:38,959 [INFO] ThirdParty:1030 - CMSIS Pack Vendor :STMicroelectronics X-CUBE-AZRTOS-G4 2.0.0
2023-05-27 19:46:38,960 [INFO] ThirdParty:1030 - CMSIS Pack Vendor :STMicroelectronics PDM2PCM 3.1.0
2023-05-27 19:46:38,960 [INFO] ThirdParty:1030 - CMSIS Pack Vendor :STMicroelectronics X-CUBE-AZRTOS-H7 3.1.0
2023-05-27 19:46:38,960 [INFO] ThirdParty:1030 - CMSIS Pack Vendor :STMicroelectronics X-CUBE-TOF1 3.3.0
2023-05-27 19:46:38,960 [INFO] ThirdParty:1030 - CMSIS Pack Vendor :STMicroelectronics PDM2PCM 3.3.0
2023-05-27 19:46:38,961 [INFO] ThirdParty:1030 - CMSIS Pack Vendor :STMicroelectronics X-CUBE-DISPLAY 3.0.0
2023-05-27 19:46:38,962 [INFO] ThirdParty:1030 - CMSIS Pack Vendor :STMicroelectronics FP-ATR-SIGFOX1 3.2.0
2023-05-27 19:46:38,962 [INFO] ThirdParty:1030 - CMSIS Pack Vendor :STMicroelectronics X-CUBE-AZRTOS-L4 1.0.0
2023-05-27 19:46:38,963 [INFO] ThirdParty:1030 - CMSIS Pack Vendor :STMicroelectronics HAL Drivers 0.0.0
2023-05-27 19:46:38,963 [INFO] ThirdParty:1030 - CMSIS Pack Vendor :STMicroelectronics MBEDTLS 2.16.2
2023-05-27 19:46:38,963 [INFO] ThirdParty:1030 - CMSIS Pack Vendor :STMicroelectronics MBEDTLS 2.14.1
2023-05-27 19:46:38,963 [INFO] ThirdParty:1030 - CMSIS Pack Vendor :STMicroelectronics X-CUBE-NFC7 1.0.0
2023-05-27 19:46:38,963 [INFO] ThirdParty:1030 - CMSIS Pack Vendor :STMicroelectronics X-CUBE-AZRTOS-WL 1.0.0
2023-05-27 19:46:38,963 [INFO] ThirdParty:1030 - CMSIS Pack Vendor :STMicroelectronics X-CUBE-EEPRMA1 4.1.0
2023-05-27 19:46:38,965 [INFO] ThirdParty:1030 - CMSIS Pack Vendor :portGmbH I-Cube-SoM-uGOAL 1.1.0
2023-05-27 19:46:38,965 [INFO] ThirdParty:1030 - CMSIS Pack Vendor :STMicroelectronics X-CUBE-ALS 1.0.1
2023-05-27 19:46:38,965 [INFO] ThirdParty:1030 - CMSIS Pack Vendor :STMicroelectronics ThreadX 1.0.0
2023-05-27 19:46:38,965 [INFO] ThirdParty:1030 - CMSIS Pack Vendor :STMicroelectronics X-CUBE-AZRTOS-WB 1.1.0
2023-05-27 19:46:38,965 [INFO] ThirdParty:1030 - CMSIS Pack Vendor :SEGGER I-CUBE-embOS 1.3.1
2023-05-27 19:46:38,966 [INFO] ThirdParty:1030 - CMSIS Pack Vendor :STMicroelectronics USB_DEVICE 1.0.0
2023-05-27 19:46:38,966 [INFO] ThirdParty:1030 - CMSIS Pack Vendor :STMicroelectronics X-CUBE-AZRTOS-L4 2.0.0
2023-05-27 19:46:38,966 [INFO] ThirdParty:1030 - CMSIS Pack Vendor :STMicroelectronics ThreadX 0.0.2
2023-05-27 19:46:38,967 [INFO] ThirdParty:1030 - CMSIS Pack Vendor :WES I-CUBE-Cesium 1.3.0
2023-05-27 19:46:38,967 [INFO] ThirdParty:1030 - CMSIS Pack Vendor :STMicroelectronics FP-ATR-ASTRA1 2.0.0
2023-05-27 19:46:38,967 [INFO] ThirdParty:1030 - CMSIS Pack Vendor :STMicroelectronics lwIP 2.1.2
2023-05-27 19:46:38,967 [INFO] ThirdParty:1030 - CMSIS Pack Vendor :STMicroelectronics X-CUBE-SFXS2LP1 4.0.0
2023-05-27 19:46:38,967 [INFO] ThirdParty:1030 - CMSIS Pack Vendor :STMicroelectronics X-CUBE-BLE2 3.3.0
2023-05-27 19:46:38,968 [INFO] ThirdParty:1030 - CMSIS Pack Vendor :STMicroelectronics PDM2PCM 3.2.0
2023-05-27 19:46:38,968 [INFO] ThirdParty:841 - exiting critical section [change project]
2023-05-27 19:46:39,479 [INFO] PinOutPanel:1499 - setPackage(No Configuration,No Configuration)
2023-05-27 19:46:39,482 [INFO] PinOutPanel:1499 - setPackage(STM32F103RBTx,LQFP64)
2023-05-27 19:46:40,068 [INFO] UtilMem:75 - Before build in PCC Used Memory: 317156432 Bytes (664797184)
2023-05-27 19:46:40,667 [INFO] UtilMem:75 - After build in PCC Used Memory: 358051360 Bytes (664797184)
2023-05-27 19:46:40,707 [INFO] IPUIPlugin:80 - create IPUIPlugin
2023-05-27 19:46:40,708 [INFO] IPUIPlugin:80 - create IPUIPlugin
2023-05-27 19:46:40,709 [INFO] IPUIPlugin:80 - create IPUIPlugin
2023-05-27 19:46:40,709 [INFO] IPUIPlugin:80 - create IPUIPlugin
2023-05-27 19:46:40,709 [INFO] IPUIPlugin:80 - create IPUIPlugin
2023-05-27 19:46:40,709 [INFO] IPUIPlugin:80 - create IPUIPlugin
2023-05-27 19:46:40,709 [INFO] IPUIPlugin:80 - create IPUIPlugin
2023-05-27 19:46:40,709 [INFO] IPUIPlugin:80 - create IPUIPlugin
2023-05-27 19:46:40,709 [INFO] IPUIPlugin:80 - create IPUIPlugin
2023-05-27 19:46:40,710 [INFO] IPUIPlugin:80 - create IPUIPlugin
2023-05-27 19:46:40,710 [INFO] IPUIPlugin:80 - create IPUIPlugin
2023-05-27 19:46:40,710 [INFO] IPUIPlugin:80 - create IPUIPlugin
2023-05-27 19:46:40,711 [INFO] IPUIPlugin:80 - create IPUIPlugin
2023-05-27 19:46:40,711 [INFO] IPUIPlugin:80 - create IPUIPlugin
2023-05-27 19:46:40,711 [INFO] IPUIPlugin:80 - create IPUIPlugin
2023-05-27 19:46:40,711 [INFO] IPUIPlugin:80 - create IPUIPlugin
2023-05-27 19:46:40,712 [INFO] IPUIPlugin:80 - create IPUIPlugin
2023-05-27 19:46:40,712 [INFO] IPUIPlugin:80 - create IPUIPlugin
2023-05-27 19:46:40,712 [INFO] IPUIPlugin:80 - create IPUIPlugin
2023-05-27 19:46:40,713 [INFO] IPUIPlugin:80 - create IPUIPlugin
2023-05-27 19:46:40,713 [INFO] IPUIPlugin:80 - create IPUIPlugin
2023-05-27 19:46:40,713 [INFO] IPUIPlugin:80 - create IPUIPlugin
2023-05-27 19:46:40,714 [INFO] IPUIPlugin:80 - create IPUIPlugin
2023-05-27 19:46:40,714 [INFO] IPUIPlugin:80 - create IPUIPlugin
2023-05-27 19:46:40,714 [INFO] IPUIPlugin:80 - create IPUIPlugin
2023-05-27 19:46:40,715 [INFO] IPUIPlugin:80 - create IPUIPlugin
2023-05-27 19:46:40,716 [INFO] IPUIPlugin:80 - create IPUIPlugin
2023-05-27 19:46:40,766 [INFO] CADModel:165 - CPN selected for project levelSTM32F103RBT6
2023-05-27 19:46:40,766 [INFO] CADModel:114 - Register for checkConnection events
2023-05-27 19:46:40,856 [INFO] OpenFileManager:328 - Restore cursor
2023-05-27 20:39:19,284 [INFO] MainUpdater:2854 - connection check result : 10
2023-05-27 20:39:19,284 [INFO] MainUpdater:2854 - connection check result : 10
2023-05-27 20:39:19,335 [INFO] MicroXplorer:468 - Change Database Path : 
2023-05-27 20:39:19,336 [INFO] MicroXplorer:498 - Change Database Version : DB.6.0.81
2023-05-27 20:39:19,379 [WARN] ThirdParty:871 - waiting for thirdparty lock release [close project]
2023-05-27 20:39:19,380 [INFO] ThirdParty:873 - entering critical section [close project]
2023-05-27 20:39:19,380 [INFO] ThirdParty:883 - exiting critical section [close project]
2023-05-27 20:39:19,381 [INFO] PinOutPanel:1499 - setPackage(No Configuration,No Configuration)
2023-05-27 20:39:19,387 [INFO] UtilMem:75 - Begin LoadConfig() Used Memory: 407854768 Bytes (664797184)
2023-05-27 20:39:19,388 [INFO] MicroXplorer:468 - Change Database Path : 
2023-05-27 20:39:19,389 [INFO] MicroXplorer:498 - Change Database Version : DB.6.0.81
2023-05-27 20:39:19,389 [INFO] OpenFileManager:308 - Change cursor
2023-05-27 20:39:19,420 [INFO] Mcu:1937 - Initializing MCU STM32F103R(8-B)Tx STM32F103RBTx STM32F103RBT6
2023-05-27 20:39:20,514 [INFO] Context:659 - Trying to add GPIOservice into a context  which must be forbidden
2023-05-27 20:39:20,846 [INFO] RtosManager:555 - Registered RTOS mode: class=CMSIS, group=RTOS, mode=CMSIS_V1, owner=FREERTOS
2023-05-27 20:39:20,846 [INFO] RtosManager:555 - Registered RTOS mode: class=CMSIS, group=RTOS2, mode=CMSIS_V2, owner=FREERTOS
2023-05-27 20:39:20,846 [INFO] RtosManager:555 - Registered RTOS mode: class=RTOS, group=Core, mode=CMSIS_V1, owner=FREERTOS
2023-05-27 20:39:20,846 [INFO] RtosManager:555 - Registered RTOS mode: class=RTOS, group=Core, mode=CMSIS_V2, owner=FREERTOS
2023-05-27 20:39:20,846 [WARN] ModelIntegratedComponent:184 - Missing modes for component STMicroelectronics:FreeRTOS:0.0.1:STMicroelectronics:RTOS:FreeRTOS:Core:::10.2.0:
2023-05-27 20:39:20,861 [WARN] ModelIntegratedComponent:63 - No mode defined for component null
2023-05-27 20:39:20,861 [WARN] ModelIntegratedComponent:63 - No mode defined for component null
2023-05-27 20:39:20,862 [WARN] ModelIntegratedComponent:63 - No mode defined for component null
2023-05-27 20:39:20,862 [WARN] ModelIntegratedComponent:63 - No mode defined for component null
2023-05-27 20:39:20,862 [WARN] ModelIntegratedComponent:63 - No mode defined for component null
2023-05-27 20:39:20,862 [WARN] ModelIntegratedComponent:63 - No mode defined for component null
2023-05-27 20:39:20,862 [WARN] ModelIntegratedComponent:63 - No mode defined for component null
2023-05-27 20:39:20,862 [WARN] ModelIntegratedComponent:63 - No mode defined for component null
2023-05-27 20:39:20,862 [WARN] ModelIntegratedComponent:63 - No mode defined for component null
2023-05-27 20:39:20,862 [WARN] ModelIntegratedComponent:63 - No mode defined for component null
2023-05-27 20:39:20,862 [WARN] ModelIntegratedComponent:63 - No mode defined for component null
2023-05-27 20:39:20,862 [WARN] ModelIntegratedComponent:63 - No mode defined for component null
2023-05-27 20:39:20,862 [WARN] ModelIntegratedComponent:63 - No mode defined for component null
2023-05-27 20:39:20,862 [WARN] ModelIntegratedComponent:63 - No mode defined for component null
2023-05-27 20:39:20,862 [WARN] ModelIntegratedComponent:63 - No mode defined for component null
2023-05-27 20:39:20,862 [WARN] ModelIntegratedComponent:63 - No mode defined for component null
2023-05-27 20:39:20,863 [WARN] ModelIntegratedComponent:63 - No mode defined for component null
2023-05-27 20:39:20,863 [WARN] ModelIntegratedComponent:63 - No mode defined for component null
2023-05-27 20:39:20,863 [WARN] ModelIntegratedComponent:63 - No mode defined for component null
2023-05-27 20:39:20,863 [WARN] ModelIntegratedComponent:63 - No mode defined for component null
2023-05-27 20:39:20,863 [WARN] ModelIntegratedComponent:63 - No mode defined for component null
2023-05-27 20:39:20,863 [WARN] ModelIntegratedComponent:63 - No mode defined for component null
2023-05-27 20:39:20,863 [WARN] ModelIntegratedComponent:63 - No mode defined for component null
2023-05-27 20:39:20,863 [WARN] ModelIntegratedComponent:63 - No mode defined for component null
2023-05-27 20:39:20,863 [WARN] ModelIntegratedComponent:63 - No mode defined for component null
2023-05-27 20:39:20,863 [WARN] ModelIntegratedComponent:63 - No mode defined for component null
2023-05-27 20:39:20,863 [WARN] ModelIntegratedComponent:63 - No mode defined for component null
2023-05-27 20:39:20,863 [WARN] ModelIntegratedComponent:63 - No mode defined for component null
2023-05-27 20:39:20,863 [WARN] ModelIntegratedComponent:63 - No mode defined for component null
2023-05-27 20:39:20,863 [WARN] ModelIntegratedComponent:63 - No mode defined for component null
2023-05-27 20:39:20,863 [WARN] ModelIntegratedComponent:63 - No mode defined for component null
2023-05-27 20:39:20,863 [WARN] ModelIntegratedComponent:63 - No mode defined for component null
2023-05-27 20:39:20,863 [WARN] ModelIntegratedComponent:63 - No mode defined for component null
2023-05-27 20:39:20,877 [INFO] ThirdPartyModel:298 - Start build external matchings
2023-05-27 20:39:21,219 [INFO] ThirdPartyModel:316 - End build external matchings
2023-05-27 20:39:21,230 [INFO] ImportTextPane:194 - (OptionalMessage_ERROR) IP (RCC) : Parameter (ADCFreqValue) has invalid value (36000000)
2023-05-27 20:39:21,230 [INFO] ImportTextPane:194 - (OptionalMessage_ERROR) IP (RCC) : Invalid parameter (FamilyName)
2023-05-27 20:39:21,230 [INFO] ImportTextPane:194 - (OptionalMessage_ERROR) IP (RCC) : Parameter (MCOFreq_Value) has invalid value (72000000)
2023-05-27 20:39:21,231 [INFO] ImportTextPane:194 - (OptionalMessage_ERROR) IP (RCC) : Parameter (USBFreq_Value) has invalid value (72000000)
2023-05-27 20:39:21,514 [INFO] UtilMem:75 - End LoadConfig() Used Memory: 475809344 Bytes (664797184)
2023-05-27 20:39:21,578 [WARN] ThirdParty:833 - waiting for thirdparty lock release [change project]
2023-05-27 20:39:21,578 [INFO] ThirdParty:835 - entering critical section [change project]
2023-05-27 20:39:21,579 [INFO] ThirdParty:1030 - CMSIS Pack Vendor :STMicroelectronics X-CUBE-ISPU 1.1.0
2023-05-27 20:39:21,579 [INFO] ThirdParty:1030 - CMSIS Pack Vendor :STMicroelectronics X-CUBE-GNSS1 6.0.0
2023-05-27 20:39:21,579 [INFO] ThirdParty:1030 - CMSIS Pack Vendor :STMicroelectronics USB_HOST 2.0.0
2023-05-27 20:39:21,579 [INFO] ThirdParty:1030 - CMSIS Pack Vendor :STMicroelectronics X-CUBE-AZRTOS-F4 1.1.0
2023-05-27 20:39:21,579 [INFO] ThirdParty:1030 - CMSIS Pack Vendor :STMicroelectronics LIBJPEG 8.0.0
2023-05-27 20:39:21,579 [INFO] ThirdParty:1030 - CMSIS Pack Vendor :STMicroelectronics X-CUBE-SMBUS 2.1.0
2023-05-27 20:39:21,579 [INFO] ThirdParty:1030 - CMSIS Pack Vendor :wolfSSL I-CUBE-wolfSSL 5.6.0
2023-05-27 20:39:21,579 [INFO] ThirdParty:1030 - CMSIS Pack Vendor :STMicroelectronics USB_DEVICE 3.0.0
2023-05-27 20:39:21,579 [INFO] ThirdParty:1030 - CMSIS Pack Vendor :STMicroelectronics X-CUBE-FREERTOS 1.0.1
2023-05-27 20:39:21,579 [INFO] ThirdParty:1030 - CMSIS Pack Vendor :STMicroelectronics X-CUBE-AZRTOS-F7 1.1.0
2023-05-27 20:39:21,579 [INFO] ThirdParty:1030 - CMSIS Pack Vendor :STMicroelectronics X-CUBE-TOUCHGFX 4.21.4
2023-05-27 20:39:21,580 [INFO] ThirdParty:1030 - CMSIS Pack Vendor :STMicroelectronics USB_DEVICE 2.0.0
2023-05-27 20:39:21,580 [INFO] ThirdParty:1030 - CMSIS Pack Vendor :STMicroelectronics X-CUBE-MEMS1 9.6.0
2023-05-27 20:39:21,580 [INFO] ThirdParty:1030 - CMSIS Pack Vendor :STMicroelectronics FP-SNS-MOTENV1 4.3.0
2023-05-27 20:39:21,580 [INFO] ThirdParty:1030 - CMSIS Pack Vendor :STMicroelectronics FP-SNS-FLIGHT1 5.0.0
2023-05-27 20:39:21,580 [INFO] ThirdParty:1030 - CMSIS Pack Vendor :STMicroelectronics FP-SNS-MOTENV1 4.3.1
2023-05-27 20:39:21,580 [INFO] ThirdParty:1030 - CMSIS Pack Vendor :STMicroelectronics FP-SNS-FLIGHT1 5.0.1
2023-05-27 20:39:21,580 [INFO] ThirdParty:1030 - CMSIS Pack Vendor :STMicroelectronics X-CUBE-ALGOBUILD 1.3.0
2023-05-27 20:39:21,581 [INFO] ThirdParty:1030 - CMSIS Pack Vendor :STMicroelectronics X-CUBE-BLE1 6.2.4
2023-05-27 20:39:21,581 [INFO] ThirdParty:1030 - CMSIS Pack Vendor :STMicroelectronics X-CUBE-AZRTOS-L5 1.1.0
2023-05-27 20:39:21,581 [INFO] ThirdParty:1030 - CMSIS Pack Vendor :STMicroelectronics FreeRTOS 0.0.1
2023-05-27 20:39:21,581 [INFO] ThirdParty:1030 - CMSIS Pack Vendor :emotas I-CUBE-CANOPEN 1.1.3
2023-05-27 20:39:21,581 [INFO] ThirdParty:1030 - CMSIS Pack Vendor :STMicroelectronics X-CUBE-AZRTOS-G0 1.1.0
2023-05-27 20:39:21,581 [INFO] ThirdParty:1030 - CMSIS Pack Vendor :STMicroelectronics X-CUBE-BLEMGR 2.0.0
2023-05-27 20:39:21,581 [INFO] ThirdParty:1030 - CMSIS Pack Vendor :STMicroelectronics X-CUBE-AI 8.0.1
2023-05-27 20:39:21,581 [INFO] ThirdParty:1030 - CMSIS Pack Vendor :STMicroelectronics X-CUBE-SUBG2 5.0.0
2023-05-27 20:39:21,581 [INFO] ThirdParty:1030 - CMSIS Pack Vendor :STMicroelectronics X-CUBE-NFC4 3.0.0
2023-05-27 20:39:21,581 [INFO] ThirdParty:1030 - CMSIS Pack Vendor :STMicroelectronics STM32_WPAN 1.0.0
2023-05-27 20:39:21,581 [INFO] ThirdParty:1030 - CMSIS Pack Vendor :STMicroelectronics lwIP 2.0.3
2023-05-27 20:39:21,581 [INFO] ThirdParty:1030 - CMSIS Pack Vendor :STMicroelectronics USB_HOST 1.0.0
2023-05-27 20:39:21,581 [INFO] ThirdParty:1030 - CMSIS Pack Vendor :STMicroelectronics X-CUBE-AZRTOS-G4 2.0.0
2023-05-27 20:39:21,582 [INFO] ThirdParty:1030 - CMSIS Pack Vendor :STMicroelectronics PDM2PCM 3.1.0
2023-05-27 20:39:21,582 [INFO] ThirdParty:1030 - CMSIS Pack Vendor :STMicroelectronics X-CUBE-AZRTOS-H7 3.1.0
2023-05-27 20:39:21,582 [INFO] ThirdParty:1030 - CMSIS Pack Vendor :STMicroelectronics X-CUBE-TOF1 3.3.0
2023-05-27 20:39:21,582 [INFO] ThirdParty:1030 - CMSIS Pack Vendor :STMicroelectronics PDM2PCM 3.3.0
2023-05-27 20:39:21,582 [INFO] ThirdParty:1030 - CMSIS Pack Vendor :STMicroelectronics X-CUBE-DISPLAY 3.0.0
2023-05-27 20:39:21,582 [INFO] ThirdParty:1030 - CMSIS Pack Vendor :STMicroelectronics FP-ATR-SIGFOX1 3.2.0
2023-05-27 20:39:21,582 [INFO] ThirdParty:1030 - CMSIS Pack Vendor :STMicroelectronics X-CUBE-AZRTOS-L4 1.0.0
2023-05-27 20:39:21,582 [INFO] ThirdParty:1030 - CMSIS Pack Vendor :STMicroelectronics HAL Drivers 0.0.0
2023-05-27 20:39:21,582 [INFO] ThirdParty:1030 - CMSIS Pack Vendor :STMicroelectronics MBEDTLS 2.16.2
2023-05-27 20:39:21,582 [INFO] ThirdParty:1030 - CMSIS Pack Vendor :STMicroelectronics MBEDTLS 2.14.1
2023-05-27 20:39:21,582 [INFO] ThirdParty:1030 - CMSIS Pack Vendor :STMicroelectronics X-CUBE-NFC7 1.0.0
2023-05-27 20:39:21,582 [INFO] ThirdParty:1030 - CMSIS Pack Vendor :STMicroelectronics X-CUBE-AZRTOS-WL 1.0.0
2023-05-27 20:39:21,582 [INFO] ThirdParty:1030 - CMSIS Pack Vendor :STMicroelectronics X-CUBE-EEPRMA1 4.1.0
2023-05-27 20:39:21,582 [INFO] ThirdParty:1030 - CMSIS Pack Vendor :portGmbH I-Cube-SoM-uGOAL 1.1.0
2023-05-27 20:39:21,583 [INFO] ThirdParty:1030 - CMSIS Pack Vendor :STMicroelectronics X-CUBE-ALS 1.0.1
2023-05-27 20:39:21,583 [INFO] ThirdParty:1030 - CMSIS Pack Vendor :STMicroelectronics ThreadX 1.0.0
2023-05-27 20:39:21,583 [INFO] ThirdParty:1030 - CMSIS Pack Vendor :STMicroelectronics X-CUBE-AZRTOS-WB 1.1.0
2023-05-27 20:39:21,583 [INFO] ThirdParty:1030 - CMSIS Pack Vendor :SEGGER I-CUBE-embOS 1.3.1
2023-05-27 20:39:21,583 [INFO] ThirdParty:1030 - CMSIS Pack Vendor :STMicroelectronics USB_DEVICE 1.0.0
2023-05-27 20:39:21,583 [INFO] ThirdParty:1030 - CMSIS Pack Vendor :STMicroelectronics X-CUBE-AZRTOS-L4 2.0.0
2023-05-27 20:39:21,583 [INFO] ThirdParty:1030 - CMSIS Pack Vendor :STMicroelectronics ThreadX 0.0.2
2023-05-27 20:39:21,583 [INFO] ThirdParty:1030 - CMSIS Pack Vendor :WES I-CUBE-Cesium 1.3.0
2023-05-27 20:39:21,583 [INFO] ThirdParty:1030 - CMSIS Pack Vendor :STMicroelectronics FP-ATR-ASTRA1 2.0.0
2023-05-27 20:39:21,583 [INFO] ThirdParty:1030 - CMSIS Pack Vendor :STMicroelectronics lwIP 2.1.2
2023-05-27 20:39:21,583 [INFO] ThirdParty:1030 - CMSIS Pack Vendor :STMicroelectronics X-CUBE-SFXS2LP1 4.0.0
2023-05-27 20:39:21,583 [INFO] ThirdParty:1030 - CMSIS Pack Vendor :STMicroelectronics X-CUBE-BLE2 3.3.0
2023-05-27 20:39:21,583 [INFO] ThirdParty:1030 - CMSIS Pack Vendor :STMicroelectronics PDM2PCM 3.2.0
2023-05-27 20:39:21,584 [INFO] ThirdParty:841 - exiting critical section [change project]
2023-05-27 20:39:21,784 [INFO] PinOutPanel:1499 - setPackage(No Configuration,No Configuration)
2023-05-27 20:39:21,785 [INFO] PinOutPanel:1499 - setPackage(STM32F103RBTx,LQFP64)
2023-05-27 20:39:22,133 [INFO] UtilMem:75 - Before build in PCC Used Memory: 336803840 Bytes (664797184)
2023-05-27 20:39:22,432 [INFO] UtilMem:75 - After build in PCC Used Memory: 378220544 Bytes (664797184)
2023-05-27 20:39:22,456 [INFO] IPUIPlugin:80 - create IPUIPlugin
2023-05-27 20:39:22,457 [INFO] IPUIPlugin:80 - create IPUIPlugin
2023-05-27 20:39:22,457 [INFO] IPUIPlugin:80 - create IPUIPlugin
2023-05-27 20:39:22,457 [INFO] IPUIPlugin:80 - create IPUIPlugin
2023-05-27 20:39:22,457 [INFO] IPUIPlugin:80 - create IPUIPlugin
2023-05-27 20:39:22,457 [INFO] IPUIPlugin:80 - create IPUIPlugin
2023-05-27 20:39:22,458 [INFO] IPUIPlugin:80 - create IPUIPlugin
2023-05-27 20:39:22,458 [INFO] IPUIPlugin:80 - create IPUIPlugin
2023-05-27 20:39:22,458 [INFO] IPUIPlugin:80 - create IPUIPlugin
2023-05-27 20:39:22,458 [INFO] IPUIPlugin:80 - create IPUIPlugin
2023-05-27 20:39:22,458 [INFO] IPUIPlugin:80 - create IPUIPlugin
2023-05-27 20:39:22,458 [INFO] IPUIPlugin:80 - create IPUIPlugin
2023-05-27 20:39:22,458 [INFO] IPUIPlugin:80 - create IPUIPlugin
2023-05-27 20:39:22,459 [INFO] IPUIPlugin:80 - create IPUIPlugin
2023-05-27 20:39:22,459 [INFO] IPUIPlugin:80 - create IPUIPlugin
2023-05-27 20:39:22,459 [INFO] IPUIPlugin:80 - create IPUIPlugin
2023-05-27 20:39:22,459 [INFO] IPUIPlugin:80 - create IPUIPlugin
2023-05-27 20:39:22,459 [INFO] IPUIPlugin:80 - create IPUIPlugin
2023-05-27 20:39:22,459 [INFO] IPUIPlugin:80 - create IPUIPlugin
2023-05-27 20:39:22,459 [INFO] IPUIPlugin:80 - create IPUIPlugin
2023-05-27 20:39:22,460 [INFO] IPUIPlugin:80 - create IPUIPlugin
2023-05-27 20:39:22,460 [INFO] IPUIPlugin:80 - create IPUIPlugin
2023-05-27 20:39:22,460 [INFO] IPUIPlugin:80 - create IPUIPlugin
2023-05-27 20:39:22,460 [INFO] IPUIPlugin:80 - create IPUIPlugin
2023-05-27 20:39:22,461 [INFO] IPUIPlugin:80 - create IPUIPlugin
2023-05-27 20:39:22,461 [INFO] IPUIPlugin:80 - create IPUIPlugin
2023-05-27 20:39:22,461 [INFO] IPUIPlugin:80 - create IPUIPlugin
2023-05-27 20:39:22,496 [INFO] CADModel:165 - CPN selected for project levelSTM32F103RBT6
2023-05-27 20:39:22,496 [INFO] CADModel:114 - Register for checkConnection events
2023-05-27 20:39:22,574 [INFO] OpenFileManager:328 - Restore cursor
2023-05-27 20:41:38,614 [INFO] UtilMem:75 - End SaveConfig() Used Memory: 452417984 Bytes (664797184)
2023-05-27 20:41:42,434 [INFO] UtilMem:75 - End SaveConfig() Used Memory: 488490160 Bytes (664797184)
2023-05-27 20:41:44,704 [INFO] UtilMem:75 - End SaveConfig() Used Memory: 549403784 Bytes (664797184)
2023-05-27 20:41:45,819 [INFO] BlockDiagram:2759 - set Specific Code input for plugin: NVIC
2023-05-27 20:41:45,819 [INFO] BlockDiagram:2759 - set Specific Code input for plugin: GPIO
2023-05-27 20:41:45,819 [INFO] BlockDiagram:2759 - set Specific Code input for plugin: RCC
2023-05-27 20:41:45,821 [INFO] CodeGenerator:793 - code generatio: config db path: C:\ST\STM32CubeIDE_1.12.1\STM32CubeIDE\plugins\com.st.stm32cube.common.mx_6.8.1.202304191431\\db\
2023-05-27 20:41:46,458 [INFO] CodeEngine:255 - oldGeneratedFile, D:\workspace\GPIO\MXTmpFiles\license.tmp_save
2023-05-27 20:41:47,102 [INFO] CodeEngine:279 - Generated code: D:\workspace\GPIO\MXTmpFiles\license.tmp
2023-05-27 20:41:47,275 [INFO] CodeEngine:255 - oldGeneratedFile, D:\workspace\GPIO\MXTmpFiles\gpio.tmp_save
2023-05-27 20:41:47,544 [INFO] CodeEngine:279 - Generated code: D:\workspace\GPIO\MXTmpFiles\gpio.tmp
2023-05-27 20:41:47,565 [INFO] CodeEngine:255 - oldGeneratedFile, D:\workspace\GPIO\Core\Src\stm32f1xx_it.c_save
2023-05-27 20:41:47,768 [INFO] CodeEngine:279 - Generated code: D:\workspace\GPIO\Core\Src\stm32f1xx_it.c
2023-05-27 20:41:47,777 [INFO] CodeEngine:255 - oldGeneratedFile, D:\workspace\GPIO\Core\Inc\stm32f1xx_it.h_save
2023-05-27 20:41:47,976 [INFO] CodeEngine:279 - Generated code: D:\workspace\GPIO\Core\Inc\stm32f1xx_it.h
2023-05-27 20:41:48,139 [INFO] CodeEngine:255 - oldGeneratedFile, D:\workspace\GPIO\Core\Src\stm32f1xx_hal_msp.c_save
2023-05-27 20:41:48,394 [INFO] CodeEngine:279 - Generated code: D:\workspace\GPIO\Core\Src\stm32f1xx_hal_msp.c
2023-05-27 20:41:48,402 [INFO] CodeEngine:255 - oldGeneratedFile, D:\workspace\GPIO\MXTmpFiles\system.tmp_save
2023-05-27 20:41:48,551 [INFO] CodeEngine:279 - Generated code: D:\workspace\GPIO\MXTmpFiles\system.tmp
2023-05-27 20:41:48,573 [INFO] CodeEngine:311 - oldGeneratedFile, D:\workspace\GPIO\Core\Inc\stm32f1xx_hal_conf.h_save
2023-05-27 20:41:48,734 [INFO] CodeEngine:335 - Generated code: D:\workspace\GPIO\Core\Inc\stm32f1xx_hal_conf.h
2023-05-27 20:41:48,838 [INFO] CodeEngine:255 - oldGeneratedFile, D:\workspace\GPIO\Core\Inc\main.h_save
2023-05-27 20:41:49,022 [INFO] CodeEngine:279 - Generated code: D:\workspace\GPIO\Core\Inc\main.h
2023-05-27 20:41:49,039 [INFO] CodeEngine:255 - oldGeneratedFile, D:\workspace\GPIO\Core\Src\main.c_save
2023-05-27 20:41:49,419 [INFO] CodeEngine:279 - Generated code: D:\workspace\GPIO\Core\Src\main.c
2023-05-27 20:41:51,014 [INFO] ProjectBuilder:2996 - Time for Copy HAL[1] : 392mS.
2023-05-27 20:41:51,036 [INFO] ProjectBuilder:4304 - Project Generator version: 3.19.2
2023-05-27 20:41:52,122 [INFO] ConfigFileManager:1483 - The Die is : DIE410
2023-05-27 20:41:52,148 [INFO] ApiDbMcu:507 - Load IP Config File for FATFS
2023-05-27 20:41:52,191 [INFO] ApiDbMcu:507 - Load IP Config File for FREERTOS
2023-05-27 20:41:52,204 [INFO] ApiDbMcu:507 - Load IP Config File for USB_DEVICE
2023-05-27 20:41:53,789 [INFO] LogOutputStream:77 - [STDOUT_REDIRECT] 
2023-05-27 20:41:55,609 [INFO] ProjectBuilder:4505 - Time for Generating toolchain IDE Files: 4571mS.
2023-05-27 20:41:55,611 [INFO] ProjectBuilder:2867 - Time for Copy CMSIS : 1mS.
2023-05-27 20:41:55,614 [INFO] ProjectBuilder:2867 - Time for Copy CMSIS : 0mS.
2023-05-27 20:52:13,633 [INFO] Activator:176 - 


2023-05-27 20:52:13,636 [INFO] Activator:177 - !SESSION log4j initialized
2023-05-27 20:52:23,815 [INFO] LogOutputStream:77 - [STDOUT_REDIRECT] 
2023-05-27 20:52:46,963 [ERROR] LogOutputStream:75 - [STDERR_REDIRECT] SLF4J: Failed to load class "org.slf4j.impl.StaticLoggerBinder".
2023-05-27 20:52:46,964 [ERROR] LogOutputStream:75 - [STDERR_REDIRECT] SLF4J: Defaulting to no-operation (NOP) logger implementation
2023-05-27 20:52:46,967 [ERROR] LogOutputStream:75 - [STDERR_REDIRECT] SLF4J: See http://www.slf4j.org/codes.html#StaticLoggerBinder for further details.
