2023-05-28 08:45:33,644 [INFO] Activator:176 - 


2023-05-28 08:45:33,655 [INFO] Activator:177 - !SESSION log4j initialized
2023-05-28 08:45:48,408 [INFO] LogOutputStream:77 - [STDOUT_REDIRECT] 
2023-05-28 08:46:13,858 [ERROR] LogOutputStream:75 - [STDERR_REDIRECT] SLF4J: Failed to load class "org.slf4j.impl.StaticLoggerBinder".
2023-05-28 08:46:13,860 [ERROR] LogOutputStream:75 - [STDERR_REDIRECT] SLF4J: Defaulting to no-operation (NOP) logger implementation
2023-05-28 08:46:13,867 [ERROR] LogOutputStream:75 - [STDERR_REDIRECT] SLF4J: See http://www.slf4j.org/codes.html#StaticLoggerBinder for further details.
2023-05-28 08:48:17,442 [INFO] ApplicationProperties:184 - Using Application install path: C:\ST\STM32CubeIDE_1.12.1\STM32CubeIDE\plugins\com.st.stm32cube.common.mx_6.8.1.202304191431
2023-05-28 08:48:17,523 [INFO] DbMcusXml:78 - Set database path to: C:\ST\STM32CubeIDE_1.12.1\STM32CubeIDE\plugins\com.st.stm32cube.common.mx_6.8.1.202304191431\\db\/mcu/
2023-05-28 08:48:17,525 [INFO] ApiDb:274 - Set plugin database path to: C:\ST\STM32CubeIDE_1.12.1\STM32CubeIDE\plugins\com.st.stm32cube.common.mx_6.8.1.202304191431\\db\/plugins/boardmanager/
2023-05-28 08:48:17,532 [WARN] ApiDb:259 - Overriding images path with different value:  => C:\ST\STM32CubeIDE_1.12.1\STM32CubeIDE\plugins\com.st.stm32cube.common.mx_6.8.1.202304191431\\db\/plugins/mcufinder/images/
2023-05-28 08:48:17,587 [INFO] ApiDb:250 - Set database path to: C:\Users\lch\.stmcufinder\plugins\mcufinder//mcu/
2023-05-28 08:48:17,598 [INFO] DbMcusAds:125 - Set database path to: C:\Users\lch\.stmcufinder\plugins\mcufinder//mcu/
2023-05-28 08:48:17,627 [INFO] CrossReferenceDbSqlite:203 - Set database path to: C:\Users\lch\.stmcufinder\plugins\mcufinder//mcu/cs/
2023-05-28 08:48:18,025 [INFO] RulesReader:64 - Compatibility file has been processed (293 Rules)
2023-05-28 08:48:18,225 [INFO] DbMcusXml:78 - Set database path to: C:\ST\STM32CubeIDE_1.12.1\STM32CubeIDE\plugins\com.st.stm32cube.common.mx_6.8.1.202304191431\\db\/mcu/
2023-05-28 08:48:18,225 [INFO] ApiDb:274 - Set plugin database path to: C:\ST\STM32CubeIDE_1.12.1\STM32CubeIDE\plugins\com.st.stm32cube.common.mx_6.8.1.202304191431\\db\/plugins/boardmanager/
2023-05-28 08:48:18,226 [INFO] ApiDb:261 - Set plugin images path to: C:\ST\STM32CubeIDE_1.12.1\STM32CubeIDE\plugins\com.st.stm32cube.common.mx_6.8.1.202304191431\\db\/plugins/mcufinder/images/
2023-05-28 08:48:18,226 [WARN] DbFile:41 - Overriding database path with different value: C:\Users\lch\.stmcufinder\plugins\mcufinder/ => C:\Users\lch\.stmcufinder\plugins\mcufinder
2023-05-28 08:48:18,227 [INFO] ApiDb:250 - Set database path to: C:\Users\lch\.stmcufinder\plugins\mcufinder//mcu/
2023-05-28 08:48:18,227 [WARN] DbFile:41 - Overriding database path with different value: C:\Users\lch\.stmcufinder\plugins\mcufinder/ => C:\Users\lch\.stmcufinder\plugins\mcufinder
2023-05-28 08:48:18,227 [INFO] DbMcusAds:125 - Set database path to: C:\Users\lch\.stmcufinder\plugins\mcufinder//mcu/
2023-05-28 08:48:18,227 [WARN] DbFile:41 - Overriding database path with different value: C:\Users\lch\.stmcufinder\plugins\mcufinder/ => C:\Users\lch\.stmcufinder\plugins\mcufinder
2023-05-28 08:48:18,227 [WARN] DbFile:41 - Overriding database path with different value: C:\Users\lch\.stmcufinder\plugins\mcufinder/ => C:\Users\lch\.stmcufinder\plugins\mcufinder
2023-05-28 08:48:18,228 [INFO] CrossReferenceDbSqlite:203 - Set database path to: C:\Users\lch\.stmcufinder\plugins\mcufinder//mcu/cs/
2023-05-28 08:48:18,411 [INFO] MainPanel:253 - HeapMemory: 452984832
2023-05-28 08:48:18,632 [INFO] DbMcusXml:78 - Set database path to: C:\ST\STM32CubeIDE_1.12.1\STM32CubeIDE\plugins\com.st.stm32cube.common.mx_6.8.1.202304191431\\db\/mcu/
2023-05-28 08:48:18,632 [INFO] ApiDb:274 - Set plugin database path to: C:\ST\STM32CubeIDE_1.12.1\STM32CubeIDE\plugins\com.st.stm32cube.common.mx_6.8.1.202304191431\\db\/plugins/boardmanager/
2023-05-28 08:48:18,633 [INFO] ApiDb:261 - Set plugin images path to: C:\ST\STM32CubeIDE_1.12.1\STM32CubeIDE\plugins\com.st.stm32cube.common.mx_6.8.1.202304191431\\db\/plugins/mcufinder/images/
2023-05-28 08:48:18,634 [WARN] DbFile:41 - Overriding database path with different value: C:\Users\lch\.stmcufinder\plugins\mcufinder/ => C:\Users\lch\.stmcufinder\plugins\mcufinder
2023-05-28 08:48:18,635 [INFO] ApiDb:250 - Set database path to: C:\Users\lch\.stmcufinder\plugins\mcufinder//mcu/
2023-05-28 08:48:18,635 [WARN] DbFile:41 - Overriding database path with different value: C:\Users\lch\.stmcufinder\plugins\mcufinder/ => C:\Users\lch\.stmcufinder\plugins\mcufinder
2023-05-28 08:48:18,635 [INFO] DbMcusAds:125 - Set database path to: C:\Users\lch\.stmcufinder\plugins\mcufinder//mcu/
2023-05-28 08:48:18,636 [WARN] DbFile:41 - Overriding database path with different value: C:\Users\lch\.stmcufinder\plugins\mcufinder/ => C:\Users\lch\.stmcufinder\plugins\mcufinder
2023-05-28 08:48:18,636 [WARN] DbFile:41 - Overriding database path with different value: C:\Users\lch\.stmcufinder\plugins\mcufinder/ => C:\Users\lch\.stmcufinder\plugins\mcufinder
2023-05-28 08:48:18,637 [INFO] CrossReferenceDbSqlite:203 - Set database path to: C:\Users\lch\.stmcufinder\plugins\mcufinder//mcu/cs/
2023-05-28 08:48:18,676 [INFO] ApplicationProperties:184 - Using Application install path: C:\ST\STM32CubeIDE_1.12.1\STM32CubeIDE\plugins\com.st.stm32cube.common.mx_6.8.1.202304191431
2023-05-28 08:48:18,680 [INFO] PluginManage:196 - Search for loadable plugins [exclusion list=, ]
2023-05-28 08:48:18,687 [INFO] PluginManage:310 - Check plugin analytics
2023-05-28 08:48:19,284 [INFO] AnalyticsPlugin:253 - Accepted Software Licenses: 
2023-05-28 08:48:19,285 [INFO] AnalyticsPlugin:255 - Accepted CMSIS Pack Licenses: 
2023-05-28 08:48:19,286 [INFO] AnalyticsPlugin:257 - Accepted Firmware Licenses: 
2023-05-28 08:48:19,311 [INFO] PluginManage:359 - Loaded plugin analytics (category:tool,tabindex:-1)
2023-05-28 08:48:19,334 [INFO] PluginManage:310 - Check plugin cadmodel
2023-05-28 08:48:19,357 [INFO] CADModel:105 - Init CAD model plugin
2023-05-28 08:48:19,358 [INFO] PluginManage:359 - Loaded plugin cadmodel (category:power,tabindex:5)
2023-05-28 08:48:19,358 [INFO] PluginManage:310 - Check plugin clock
2023-05-28 08:48:19,415 [INFO] PluginManage:359 - Loaded plugin clock (category:base,tabindex:2)
2023-05-28 08:48:19,416 [INFO] PluginManage:310 - Check plugin ddr
2023-05-28 08:48:19,424 [INFO] PluginManage:359 - Loaded plugin ddr (category:tool,tabindex:6)
2023-05-28 08:48:19,424 [INFO] PluginManage:310 - Check plugin filemanager
2023-05-28 08:48:19,825 [INFO] PluginManage:359 - Loaded plugin filemanager (category:base,tabindex:10)
2023-05-28 08:48:19,826 [INFO] PluginManage:310 - Check plugin ipmanager
2023-05-28 08:48:19,847 [INFO] PluginManage:359 - Loaded plugin ipmanager (category:base,tabindex:5)
2023-05-28 08:48:19,848 [INFO] PluginManage:310 - Check plugin lpbam
2023-05-28 08:48:19,895 [INFO] PluginManage:359 - Loaded plugin lpbam (category:base,tabindex:0)
2023-05-28 08:48:19,895 [INFO] PluginManage:310 - Check plugin pinoutandconfiguration
2023-05-28 08:48:19,920 [INFO] PluginManage:359 - Loaded plugin pinoutandconfiguration (category:base,tabindex:1)
2023-05-28 08:48:19,920 [INFO] PluginManage:310 - Check plugin pinoutconfig
2023-05-28 08:48:20,133 [WARN] SupportedApi:132 - Cannot load RTOS API schema: s4s-elt-must-match.1: The content of 'definitions' must match (annotation?, (simpleType | complexType)?, (unique | key | keyref)*)). A problem was found starting at: attribute.
2023-05-28 08:48:20,455 [INFO] PluginManage:359 - Loaded plugin pinoutconfig (category:base,tabindex:0)
2023-05-28 08:48:20,455 [INFO] PluginManage:310 - Check plugin power
2023-05-28 08:48:20,491 [INFO] PluginManage:359 - Loaded plugin power (category:power,tabindex:4)
2023-05-28 08:48:20,492 [INFO] PluginManage:310 - Check plugin projectmanager
2023-05-28 08:48:20,525 [INFO] PluginManage:359 - Loaded plugin projectmanager (category:projectmanager,tabindex:3)
2023-05-28 08:48:20,525 [INFO] PluginManage:310 - Check plugin thirdparty
2023-05-28 08:48:20,915 [WARN] IntegrityCheckThread:84 - waiting for thirdparty lock release [integrity check]
2023-05-28 08:48:20,916 [INFO] PluginManage:359 - Loaded plugin thirdparty (category:base,tabindex:-1)
2023-05-28 08:48:20,916 [INFO] PluginManage:310 - Check plugin tools
2023-05-28 08:48:20,918 [INFO] IntegrityCheckThread:86 - entering critical section [integrity check]
2023-05-28 08:48:20,921 [INFO] ThirdPartyUpdaterWithRetryManager:70 - Updater plugin not ready yet. [1/15]
2023-05-28 08:48:20,925 [INFO] PluginManage:359 - Loaded plugin tools (category:base,tabindex:7)
2023-05-28 08:48:20,926 [INFO] PluginManage:310 - Check plugin tutovideos
2023-05-28 08:48:21,424 [INFO] PluginManage:359 - Loaded plugin tutovideos (category:base,tabindex:-1)
2023-05-28 08:48:21,425 [INFO] PluginManage:310 - Check plugin updater
2023-05-28 08:48:21,467 [INFO] PluginManage:359 - Loaded plugin updater (category:base,tabindex:12)
2023-05-28 08:48:21,468 [INFO] PluginManage:283 - PluginManage : Loaded plugins [15]
2023-05-28 08:48:22,228 [INFO] PinOutPanel:1499 - setPackage(No Configuration,No Configuration)
2023-05-28 08:48:22,453 [INFO] CADModel:165 - CPN selected for project level
2023-05-28 08:48:22,453 [INFO] CADModel:114 - Register for checkConnection events
2023-05-28 08:48:22,522 [INFO] IPUIPlugin:80 - create IPUIPlugin
2023-05-28 08:48:22,523 [INFO] PluginManager:220 - loadIPPluginJar : add adc
2023-05-28 08:48:22,533 [INFO] IPUIPlugin:80 - create IPUIPlugin
2023-05-28 08:48:22,534 [INFO] PluginManager:220 - loadIPPluginJar : add aes
2023-05-28 08:48:22,543 [INFO] IPUIPlugin:80 - create IPUIPlugin
2023-05-28 08:48:22,544 [INFO] PluginManager:220 - loadIPPluginJar : add can
2023-05-28 08:48:22,552 [INFO] IPUIPlugin:80 - create IPUIPlugin
2023-05-28 08:48:22,553 [INFO] PluginManager:220 - loadIPPluginJar : add comp
2023-05-28 08:48:22,563 [INFO] IPUIPlugin:80 - create IPUIPlugin
2023-05-28 08:48:22,564 [INFO] PluginManager:220 - loadIPPluginJar : add cryp
2023-05-28 08:48:22,573 [INFO] IPUIPlugin:80 - create IPUIPlugin
2023-05-28 08:48:22,573 [INFO] PluginManager:220 - loadIPPluginJar : add dfsdm
2023-05-28 08:48:22,589 [INFO] IPUIPlugin:80 - create IPUIPlugin
2023-05-28 08:48:22,590 [INFO] PluginManager:220 - loadIPPluginJar : add dma
2023-05-28 08:48:22,602 [INFO] IPUIPlugin:80 - create IPUIPlugin
2023-05-28 08:48:22,602 [INFO] PluginManager:220 - loadIPPluginJar : add dma3
2023-05-28 08:48:22,610 [INFO] IPUIPlugin:80 - create IPUIPlugin
2023-05-28 08:48:22,610 [INFO] PluginManager:220 - loadIPPluginJar : add fatfs
2023-05-28 08:48:22,628 [INFO] IPUIPlugin:80 - create IPUIPlugin
2023-05-28 08:48:22,629 [INFO] PluginManager:220 - loadIPPluginJar : add fmc
2023-05-28 08:48:22,653 [INFO] IPUIPlugin:80 - create IPUIPlugin
2023-05-28 08:48:22,654 [INFO] PluginManager:220 - loadIPPluginJar : add freertos
2023-05-28 08:48:22,660 [INFO] IPUIPlugin:80 - create IPUIPlugin
2023-05-28 08:48:22,661 [INFO] PluginManager:220 - loadIPPluginJar : add genericplugin
2023-05-28 08:48:22,672 [INFO] IPUIPlugin:80 - create IPUIPlugin
2023-05-28 08:48:22,672 [INFO] PluginManager:220 - loadIPPluginJar : add gfxmmu
2023-05-28 08:48:22,690 [INFO] IPUIPlugin:80 - create IPUIPlugin
2023-05-28 08:48:22,690 [INFO] PluginManager:220 - loadIPPluginJar : add gic
2023-05-28 08:48:22,708 [INFO] IPUIPlugin:80 - create IPUIPlugin
2023-05-28 08:48:22,708 [INFO] PluginManager:220 - loadIPPluginJar : add gpio
2023-05-28 08:48:22,722 [INFO] IPUIPlugin:80 - create IPUIPlugin
2023-05-28 08:48:22,722 [INFO] PluginManager:220 - loadIPPluginJar : add gtzc
2023-05-28 08:48:22,730 [INFO] IPUIPlugin:80 - create IPUIPlugin
2023-05-28 08:48:22,731 [INFO] PluginManager:220 - loadIPPluginJar : add hash
2023-05-28 08:48:22,743 [INFO] IPUIPlugin:80 - create IPUIPlugin
2023-05-28 08:48:22,743 [INFO] PluginManager:220 - loadIPPluginJar : add i2c
2023-05-28 08:48:22,754 [INFO] IPUIPlugin:80 - create IPUIPlugin
2023-05-28 08:48:22,755 [INFO] PluginManager:220 - loadIPPluginJar : add i2s
2023-05-28 08:48:22,766 [INFO] IPUIPlugin:80 - create IPUIPlugin
2023-05-28 08:48:22,766 [INFO] PluginManager:220 - loadIPPluginJar : add i3c
2023-05-28 08:48:22,775 [INFO] IPUIPlugin:80 - create IPUIPlugin
2023-05-28 08:48:22,775 [INFO] PluginManager:220 - loadIPPluginJar : add ipddr
2023-05-28 08:48:22,797 [INFO] IPUIPlugin:80 - create IPUIPlugin
2023-05-28 08:48:22,797 [INFO] PluginManager:220 - loadIPPluginJar : add linkedlist
2023-05-28 08:48:22,806 [INFO] IPUIPlugin:80 - create IPUIPlugin
2023-05-28 08:48:22,807 [INFO] PluginManager:220 - loadIPPluginJar : add lorawan
2023-05-28 08:48:22,813 [INFO] IPUIPlugin:80 - create IPUIPlugin
2023-05-28 08:48:22,813 [INFO] PluginManager:220 - loadIPPluginJar : add ltdc
2023-05-28 08:48:22,830 [INFO] IPUIPlugin:80 - create IPUIPlugin
2023-05-28 08:48:22,830 [INFO] PluginManager:220 - loadIPPluginJar : add mdma
2023-05-28 08:48:22,840 [INFO] IPUIPlugin:80 - create IPUIPlugin
2023-05-28 08:48:22,842 [INFO] PluginManager:220 - loadIPPluginJar : add nvic
2023-05-28 08:48:22,852 [INFO] IPUIPlugin:80 - create IPUIPlugin
2023-05-28 08:48:22,852 [INFO] PluginManager:220 - loadIPPluginJar : add opamp
2023-05-28 08:48:22,868 [INFO] IPUIPlugin:80 - create IPUIPlugin
2023-05-28 08:48:22,868 [INFO] PluginManager:220 - loadIPPluginJar : add openamp
2023-05-28 08:48:22,884 [INFO] IPUIPlugin:80 - create IPUIPlugin
2023-05-28 08:48:22,885 [INFO] PluginManager:220 - loadIPPluginJar : add pdm2pcm
2023-05-28 08:48:22,910 [INFO] IPUIPlugin:80 - create IPUIPlugin
2023-05-28 08:48:22,918 [INFO] PluginManager:220 - loadIPPluginJar : add plateformsettings
2023-05-28 08:48:22,924 [INFO] IPUIPlugin:80 - create IPUIPlugin
2023-05-28 08:48:22,925 [INFO] PluginManager:220 - loadIPPluginJar : add quadspi
2023-05-28 08:48:22,939 [INFO] IPUIPlugin:80 - create IPUIPlugin
2023-05-28 08:48:22,939 [INFO] PluginManager:220 - loadIPPluginJar : add resmgrutility
2023-05-28 08:48:22,949 [INFO] IPUIPlugin:80 - create IPUIPlugin
2023-05-28 08:48:22,949 [INFO] PluginManager:220 - loadIPPluginJar : add sai
2023-05-28 08:48:22,958 [INFO] IPUIPlugin:80 - create IPUIPlugin
2023-05-28 08:48:22,959 [INFO] PluginManager:220 - loadIPPluginJar : add spi
2023-05-28 08:48:22,978 [INFO] IPUIPlugin:80 - create IPUIPlugin
2023-05-28 08:48:22,979 [INFO] PluginManager:220 - loadIPPluginJar : add stm32_wpan
2023-05-28 08:48:22,987 [INFO] IPUIPlugin:80 - create IPUIPlugin
2023-05-28 08:48:22,987 [INFO] PluginManager:220 - loadIPPluginJar : add tim
2023-05-28 08:48:23,001 [INFO] IPUIPlugin:80 - create IPUIPlugin
2023-05-28 08:48:23,001 [INFO] PluginManager:220 - loadIPPluginJar : add touchsensing
2023-05-28 08:48:23,010 [INFO] IPUIPlugin:80 - create IPUIPlugin
2023-05-28 08:48:23,010 [INFO] PluginManager:220 - loadIPPluginJar : add tracer_emb
2023-05-28 08:48:23,018 [INFO] IPUIPlugin:80 - create IPUIPlugin
2023-05-28 08:48:23,019 [INFO] PluginManager:220 - loadIPPluginJar : add ts
2023-05-28 08:48:23,026 [INFO] IPUIPlugin:80 - create IPUIPlugin
2023-05-28 08:48:23,027 [INFO] PluginManager:220 - loadIPPluginJar : add tsc
2023-05-28 08:48:23,035 [INFO] IPUIPlugin:80 - create IPUIPlugin
2023-05-28 08:48:23,035 [INFO] PluginManager:220 - loadIPPluginJar : add ucpd
2023-05-28 08:48:23,046 [INFO] IPUIPlugin:80 - create IPUIPlugin
2023-05-28 08:48:23,046 [INFO] PluginManager:220 - loadIPPluginJar : add usart
2023-05-28 08:48:23,058 [INFO] IPUIPlugin:80 - create IPUIPlugin
2023-05-28 08:48:23,058 [INFO] PluginManager:220 - loadIPPluginJar : add usbx
2023-05-28 08:48:23,273 [INFO] CADModel:165 - CPN selected for project level
2023-05-28 08:48:23,273 [INFO] CADModel:114 - Register for checkConnection events
2023-05-28 08:48:23,274 [FATAL] Updater:308 - Updater called before beeing initialized
2023-05-28 08:48:23,274 [ERROR] CADModel:125 - Updater not yet initialized, retry later 
2023-05-28 08:48:23,722 [INFO] CADModel:165 - CPN selected for project level
2023-05-28 08:48:23,724 [INFO] CADModel:114 - Register for checkConnection events
2023-05-28 08:48:23,724 [FATAL] Updater:308 - Updater called before beeing initialized
2023-05-28 08:48:23,724 [ERROR] CADModel:125 - Updater not yet initialized, retry later 
2023-05-28 08:48:23,733 [FATAL] Updater:308 - Updater called before beeing initialized
2023-05-28 08:48:23,994 [INFO] ThirdPartyUpdaterWithRetryManager:70 - Updater plugin not ready yet. [2/15]
2023-05-28 08:48:24,321 [FATAL] Updater:308 - Updater called before beeing initialized
2023-05-28 08:48:24,342 [INFO] DbMcusAds:53 - JSON generation date=Thu Sep 30 15:55:09 KST 2021 (1632984909247)
2023-05-28 08:48:24,342 [FATAL] Updater:308 - Updater called before beeing initialized
2023-05-28 08:48:24,460 [WARN] DetailPanel:346 - Failed to get advertising image, set to default
2023-05-28 08:48:24,927 [FATAL] Updater:308 - Updater called before beeing initialized
2023-05-28 08:48:24,934 [FATAL] Updater:308 - Updater called before beeing initialized
2023-05-28 08:48:24,934 [FATAL] Updater:308 - Updater called before beeing initialized
2023-05-28 08:48:24,934 [WARN] DetailPanel:346 - Failed to get advertising image, set to default
2023-05-28 08:48:24,937 [FATAL] Updater:308 - Updater called before beeing initialized
2023-05-28 08:48:25,088 [ERROR] Updater:1120 - MainUpdater not yet initialized. External WinMGr cannot be set.
2023-05-28 08:48:25,096 [INFO] Updater:1056 - Updater Version found : 6.8.1
2023-05-28 08:48:25,145 [INFO] ApplicationProperties:184 - Using Application install path: C:\ST\STM32CubeIDE_1.12.1\STM32CubeIDE\plugins\com.st.stm32cube.common.mx_6.8.1.202304191431
2023-05-28 08:48:25,535 [INFO] MainUpdater:2854 - connection check result : 10
2023-05-28 08:48:25,537 [INFO] MainUpdater:283 - Updater Check For Update Now.
2023-05-28 08:48:25,539 [INFO] MicroXplorer:498 - Change Database Version : DB.6.0.81
2023-05-28 08:48:26,516 [INFO] MainUpdater:2854 - connection check result : 10
2023-05-28 08:48:26,523 [INFO] CheckServerUpdateThread:120 - End of CheckServer Thread
2023-05-28 08:48:26,548 [INFO] MainUpdater:2854 - connection check result : 10
2023-05-28 08:48:26,692 [INFO] MicroXplorer:468 - Change Database Path : 
2023-05-28 08:48:26,714 [INFO] MicroXplorer:498 - Change Database Version : DB.6.0.81
2023-05-28 08:48:26,719 [WARN] ThirdParty:871 - waiting for thirdparty lock release [close project]
2023-05-28 08:48:28,106 [WARN] PackLoader:240 - Cannot read IP mode file for STMicroelectronics.X-CUBE-GNSS1.6.0.0
2023-05-28 08:48:28,202 [WARN] PackLoader:240 - Cannot read IP mode file for STMicroelectronics.X-CUBE-AZRTOS-F4.1.1.0
2023-05-28 08:48:28,234 [WARN] PackLoader:240 - Cannot read IP mode file for STMicroelectronics.X-CUBE-SMBUS.2.1.0
2023-05-28 08:48:28,258 [WARN] PackLoader:240 - Cannot read IP mode file for wolfSSL.I-CUBE-wolfSSL.5.6.0
2023-05-28 08:48:28,310 [WARN] PackLoader:240 - Cannot read IP mode file for STMicroelectronics.X-CUBE-AZRTOS-F7.1.1.0
2023-05-28 08:48:28,507 [WARN] PackLoader:240 - Cannot read IP mode file for STMicroelectronics.X-CUBE-MEMS1.9.6.0
2023-05-28 08:48:29,434 [ERROR] RealEvaluatedCondition:428 - Found unsupported composite condition: GROUP='STM32_MetaDataManager' CLASS='Data Exchange'
2023-05-28 08:48:29,434 [ERROR] RealEvaluatedCondition:428 - Found unsupported composite condition: GROUP='STM32_MetaDataManager' CLASS='Data Exchange'
2023-05-28 08:48:29,442 [WARN] PackLoader:240 - Cannot read IP mode file for STMicroelectronics.FP-SNS-MOTENV1.4.3.0
2023-05-28 08:48:29,549 [WARN] PackLoader:240 - Cannot read IP mode file for STMicroelectronics.FP-SNS-FLIGHT1.5.0.0
2023-05-28 08:48:29,661 [ERROR] RealEvaluatedCondition:428 - Found unsupported composite condition: CLASS='Data Exchange' GROUP='STM32_MetaDataManager'
2023-05-28 08:48:29,661 [ERROR] RealEvaluatedCondition:428 - Found unsupported composite condition: CLASS='Data Exchange' GROUP='STM32_MetaDataManager'
2023-05-28 08:48:29,664 [WARN] PackLoader:240 - Cannot read IP mode file for STMicroelectronics.FP-SNS-MOTENV1.4.3.1
2023-05-28 08:48:29,732 [WARN] PackLoader:240 - Cannot read IP mode file for STMicroelectronics.FP-SNS-FLIGHT1.5.0.1
2023-05-28 08:48:29,856 [WARN] PackLoader:240 - Cannot read IP mode file for STMicroelectronics.X-CUBE-BLE1.6.2.4
2023-05-28 08:48:29,938 [WARN] PackLoader:240 - Cannot read IP mode file for emotas.I-CUBE-CANOPEN.1.1.3
2023-05-28 08:48:30,064 [WARN] PackLoader:240 - Cannot read IP mode file for STMicroelectronics.X-CUBE-BLEMGR.2.0.0
2023-05-28 08:48:30,160 [WARN] ConditionMgr:438 - getConditionDescription Invalid condition id : UX DEVICE CLASS RTOS Condition cause : null
2023-05-28 08:48:30,160 [WARN] ConditionMgr:438 - getConditionDescription Invalid condition id : UX DEVICE CLASS RTOS Condition cause : null
2023-05-28 08:48:30,184 [WARN] PackLoader:240 - Cannot read IP mode file for STMicroelectronics.X-CUBE-AZRTOS-H7.3.1.0
2023-05-28 08:48:30,186 [WARN] ConditionMgr:1039 - genDependencies : Invalid condition id : UX DEVICE CLASS RTOS Condition cause : null
2023-05-28 08:48:30,188 [WARN] ConditionMgr:1039 - genDependencies : Invalid condition id : UX DEVICE CLASS RTOS Condition cause : null
2023-05-28 08:48:30,189 [WARN] ConditionMgr:1039 - genDependencies : Invalid condition id : UX DEVICE CLASS RTOS Condition cause : null
2023-05-28 08:48:30,195 [WARN] ConditionMgr:1039 - genDependencies : Invalid condition id : UX DEVICE CLASS RTOS Condition cause : null
2023-05-28 08:48:30,195 [WARN] ConditionMgr:1039 - genDependencies : Invalid condition id : UX DEVICE CLASS RTOS Condition cause : null
2023-05-28 08:48:30,246 [WARN] PackLoader:240 - Cannot read IP mode file for STMicroelectronics.X-CUBE-DISPLAY.3.0.0
2023-05-28 08:48:30,273 [WARN] PackLoader:240 - Cannot read IP mode file for STMicroelectronics.X-CUBE-NFC7.1.0.0
2023-05-28 08:48:30,293 [WARN] PackLoader:240 - Cannot read IP mode file for STMicroelectronics.X-CUBE-EEPRMA1.4.1.0
2023-05-28 08:48:30,422 [WARN] ConditionMgr:438 - getConditionDescription Invalid condition id : LAN8742 Phy interface Condition cause : null
2023-05-28 08:48:30,425 [WARN] PackLoader:240 - Cannot read IP mode file for STMicroelectronics.X-CUBE-AZRTOS-L4.2.0.0
2023-05-28 08:48:30,428 [WARN] ConditionMgr:1039 - genDependencies : Invalid condition id : LAN8742 Phy interface Condition cause : null
2023-05-28 08:48:30,429 [WARN] ConditionMgr:1039 - genDependencies : Invalid condition id : LAN8742 Phy interface Condition cause : null
2023-05-28 08:48:30,432 [WARN] ConditionMgr:1039 - genDependencies : Invalid condition id : LAN8742 Phy interface Condition cause : null
2023-05-28 08:48:30,526 [WARN] PackLoader:240 - Cannot read IP mode file for WES.I-CUBE-Cesium.1.3.0
2023-05-28 08:48:30,606 [WARN] PackLoader:240 - Cannot read IP mode file for STMicroelectronics.X-CUBE-SFXS2LP1.4.0.0
2023-05-28 08:48:30,633 [WARN] PackLoader:240 - Cannot read IP mode file for STMicroelectronics.X-CUBE-BLE2.3.3.0
2023-05-28 08:48:30,648 [WARN] PackLoader:240 - Cannot read IP mode file for STMicroelectronics.X-CUBE-ISPU.1.1.0
2023-05-28 08:48:30,663 [WARN] PackLoader:240 - Cannot read IP mode file for STMicroelectronics.X-CUBE-FREERTOS.1.0.1
2023-05-28 08:48:30,677 [WARN] PackLoader:240 - Cannot read IP mode file for STMicroelectronics.X-CUBE-TOUCHGFX.4.21.4
2023-05-28 08:48:30,690 [WARN] PackLoader:240 - Cannot read IP mode file for STMicroelectronics.X-CUBE-ALGOBUILD.1.3.0
2023-05-28 08:48:30,755 [WARN] PackLoader:240 - Cannot read IP mode file for STMicroelectronics.X-CUBE-AZRTOS-L5.1.1.0
2023-05-28 08:48:30,825 [WARN] PackLoader:240 - Cannot read IP mode file for STMicroelectronics.X-CUBE-AZRTOS-G0.1.1.0
2023-05-28 08:48:30,843 [WARN] PackLoader:240 - Cannot read IP mode file for STMicroelectronics.X-CUBE-AI.8.0.1
2023-05-28 08:48:30,870 [WARN] PackLoader:240 - Cannot read IP mode file for STMicroelectronics.X-CUBE-SUBG2.5.0.0
2023-05-28 08:48:30,903 [WARN] PackLoader:240 - Cannot read IP mode file for STMicroelectronics.X-CUBE-NFC4.3.0.0
2023-05-28 08:48:30,950 [WARN] PackLoader:240 - Cannot read IP mode file for STMicroelectronics.X-CUBE-AZRTOS-G4.2.0.0
2023-05-28 08:48:30,995 [WARN] PackLoader:240 - Cannot read IP mode file for STMicroelectronics.X-CUBE-TOF1.3.3.0
2023-05-28 08:48:31,035 [WARN] PackLoader:240 - Cannot read IP mode file for STMicroelectronics.FP-ATR-SIGFOX1.3.2.0
2023-05-28 08:48:31,072 [WARN] PackLoader:240 - Cannot read IP mode file for STMicroelectronics.X-CUBE-AZRTOS-L4.1.0.0
2023-05-28 08:48:31,101 [WARN] PackLoader:240 - Cannot read IP mode file for STMicroelectronics.X-CUBE-AZRTOS-WL.1.0.0
2023-05-28 08:48:31,135 [WARN] PackLoader:240 - Cannot read IP mode file for portGmbH.I-Cube-SoM-uGOAL.1.1.0
2023-05-28 08:48:31,148 [WARN] PackLoader:240 - Cannot read IP mode file for STMicroelectronics.X-CUBE-ALS.1.0.1
2023-05-28 08:48:31,187 [WARN] PackLoader:240 - Cannot read IP mode file for STMicroelectronics.X-CUBE-AZRTOS-WB.1.1.0
2023-05-28 08:48:31,298 [WARN] PackLoader:240 - Cannot read IP mode file for SEGGER.I-CUBE-embOS.1.3.1
2023-05-28 08:48:31,569 [WARN] PackLoader:240 - Cannot read IP mode file for STMicroelectronics.FP-ATR-ASTRA1.2.0.0
2023-05-28 08:48:31,571 [INFO] ThirdParty:978 - Integrity check success = true
2023-05-28 08:48:31,571 [INFO] IntegrityCheckThread:100 - exiting critical section [integrity check]
2023-05-28 08:48:31,572 [INFO] ThirdParty:873 - entering critical section [close project]
2023-05-28 08:48:31,574 [INFO] ThirdParty:883 - exiting critical section [close project]
2023-05-28 08:48:31,583 [INFO] IntegrityCheckThread:103 - End integrity checks thread
2023-05-28 08:48:31,600 [INFO] PinOutPanel:1499 - setPackage(No Configuration,No Configuration)
2023-05-28 08:48:31,610 [INFO] UtilMem:75 - Begin LoadConfig() Used Memory: 428497792 Bytes (452984832)
2023-05-28 08:48:31,612 [INFO] MicroXplorer:468 - Change Database Path : 
2023-05-28 08:48:31,613 [INFO] MicroXplorer:498 - Change Database Version : DB.6.0.81
2023-05-28 08:48:31,614 [INFO] OpenFileManager:308 - Change cursor
2023-05-28 08:48:31,800 [INFO] Mcu:1937 - Initializing MCU STM32F103R(8-B)Tx STM32F103RBTx STM32F103RBT6
2023-05-28 08:48:34,238 [INFO] Context:659 - Trying to add GPIOservice into a context  which must be forbidden
2023-05-28 08:48:35,539 [INFO] RtosManager:555 - Registered RTOS mode: class=CMSIS, group=RTOS, mode=CMSIS_V1, owner=FREERTOS
2023-05-28 08:48:35,540 [INFO] RtosManager:555 - Registered RTOS mode: class=CMSIS, group=RTOS2, mode=CMSIS_V2, owner=FREERTOS
2023-05-28 08:48:35,540 [INFO] RtosManager:555 - Registered RTOS mode: class=RTOS, group=Core, mode=CMSIS_V1, owner=FREERTOS
2023-05-28 08:48:35,540 [INFO] RtosManager:555 - Registered RTOS mode: class=RTOS, group=Core, mode=CMSIS_V2, owner=FREERTOS
2023-05-28 08:48:35,541 [WARN] ModelIntegratedComponent:184 - Missing modes for component STMicroelectronics:FreeRTOS:0.0.1:STMicroelectronics:RTOS:FreeRTOS:Core:::10.2.0:
2023-05-28 08:48:35,577 [WARN] ModelIntegratedComponent:63 - No mode defined for component null
2023-05-28 08:48:35,577 [WARN] ModelIntegratedComponent:63 - No mode defined for component null
2023-05-28 08:48:35,577 [WARN] ModelIntegratedComponent:63 - No mode defined for component null
2023-05-28 08:48:35,577 [WARN] ModelIntegratedComponent:63 - No mode defined for component null
2023-05-28 08:48:35,578 [WARN] ModelIntegratedComponent:63 - No mode defined for component null
2023-05-28 08:48:35,578 [WARN] ModelIntegratedComponent:63 - No mode defined for component null
2023-05-28 08:48:35,578 [WARN] ModelIntegratedComponent:63 - No mode defined for component null
2023-05-28 08:48:35,578 [WARN] ModelIntegratedComponent:63 - No mode defined for component null
2023-05-28 08:48:35,578 [WARN] ModelIntegratedComponent:63 - No mode defined for component null
2023-05-28 08:48:35,578 [WARN] ModelIntegratedComponent:63 - No mode defined for component null
2023-05-28 08:48:35,578 [WARN] ModelIntegratedComponent:63 - No mode defined for component null
2023-05-28 08:48:35,579 [WARN] ModelIntegratedComponent:63 - No mode defined for component null
2023-05-28 08:48:35,579 [WARN] ModelIntegratedComponent:63 - No mode defined for component null
2023-05-28 08:48:35,579 [WARN] ModelIntegratedComponent:63 - No mode defined for component null
2023-05-28 08:48:35,579 [WARN] ModelIntegratedComponent:63 - No mode defined for component null
2023-05-28 08:48:35,579 [WARN] ModelIntegratedComponent:63 - No mode defined for component null
2023-05-28 08:48:35,579 [WARN] ModelIntegratedComponent:63 - No mode defined for component null
2023-05-28 08:48:35,579 [WARN] ModelIntegratedComponent:63 - No mode defined for component null
2023-05-28 08:48:35,580 [WARN] ModelIntegratedComponent:63 - No mode defined for component null
2023-05-28 08:48:35,580 [WARN] ModelIntegratedComponent:63 - No mode defined for component null
2023-05-28 08:48:35,580 [WARN] ModelIntegratedComponent:63 - No mode defined for component null
2023-05-28 08:48:35,580 [WARN] ModelIntegratedComponent:63 - No mode defined for component null
2023-05-28 08:48:35,580 [WARN] ModelIntegratedComponent:63 - No mode defined for component null
2023-05-28 08:48:35,580 [WARN] ModelIntegratedComponent:63 - No mode defined for component null
2023-05-28 08:48:35,580 [WARN] ModelIntegratedComponent:63 - No mode defined for component null
2023-05-28 08:48:35,581 [WARN] ModelIntegratedComponent:63 - No mode defined for component null
2023-05-28 08:48:35,581 [WARN] ModelIntegratedComponent:63 - No mode defined for component null
2023-05-28 08:48:35,581 [WARN] ModelIntegratedComponent:63 - No mode defined for component null
2023-05-28 08:48:35,581 [WARN] ModelIntegratedComponent:63 - No mode defined for component null
2023-05-28 08:48:35,581 [WARN] ModelIntegratedComponent:63 - No mode defined for component null
2023-05-28 08:48:35,581 [WARN] ModelIntegratedComponent:63 - No mode defined for component null
2023-05-28 08:48:35,581 [WARN] ModelIntegratedComponent:63 - No mode defined for component null
2023-05-28 08:48:35,582 [WARN] ModelIntegratedComponent:63 - No mode defined for component null
2023-05-28 08:48:35,660 [INFO] ThirdPartyModel:298 - Start build external matchings
2023-05-28 08:48:36,194 [INFO] ThirdPartyModel:316 - End build external matchings
2023-05-28 08:48:36,266 [INFO] ImportTextPane:194 - (OptionalMessage_ERROR) IP (RCC) : Parameter (ADCFreqValue) has invalid value (36000000)
2023-05-28 08:48:36,268 [INFO] ImportTextPane:194 - (OptionalMessage_ERROR) IP (RCC) : Invalid parameter (FamilyName)
2023-05-28 08:48:36,269 [INFO] ImportTextPane:194 - (OptionalMessage_ERROR) IP (RCC) : Parameter (MCOFreq_Value) has invalid value (72000000)
2023-05-28 08:48:36,273 [INFO] ImportTextPane:194 - (OptionalMessage_ERROR) IP (RCC) : Parameter (USBFreq_Value) has invalid value (72000000)
2023-05-28 08:48:36,795 [INFO] UtilMem:75 - End LoadConfig() Used Memory: 433019728 Bytes (452984832)
2023-05-28 08:48:37,226 [INFO] ApiDb:581 - Connected to CubeFinder SQLite database (C:\Users\lch\.stmcufinder\plugins\mcufinder\mcu\cube-finder-db.db)
2023-05-28 08:48:37,393 [INFO] ApiDb:668 - CubeFinder database Data Model version=2.1
2023-05-28 08:48:37,393 [INFO] ApiDb:669 - CubeFinder database Configuration version=3.0.35
2023-05-28 08:48:37,393 [INFO] ApiDb:670 - CubeFinder database generation date=2023-04-03 (1680511692)
2023-05-28 08:48:37,393 [INFO] ApiDb:671 - CubeFinder database FW Pack versions=[FP-ATR-ASTRA1_V2.0.0, STM32Cube_FW_C0_V1.0.1, STM32Cube_FW_F0_V1.11.4, STM32Cube_FW_F3_V1.11.4, STM32Cube_FW_F4_V1.27.1, STM32Cube_FW_F7_V1.17.0, STM32Cube_FW_G0_V1.6.1, STM32Cube_FW_G4_V1.5.1, STM32Cube_FW_H5_V0.5.1, STM32Cube_FW_H5_V1.0.0, STM32Cube_FW_H7_V1.11.0, STM32Cube_FW_L0_V1.12.2, STM32Cube_FW_L5_V1.5.0, STM32Cube_FW_U5_V1.2.0, STM32Cube_FW_WBA_V1.0.0, STM32Cube_FW_WBA_V1.0.0RC1, STM32Cube_FW_WBA_V1.0.0RC3, STM32Cube_FW_WB_V1.15.0RC1, STM32Cube_FW_WB_V1.16.0, STM32Cube_FW_WB_V1.16.0RC2, STM32Cube_FW_WL_V1.3.0, X-CUBE-ALGOBUILD_V1.3.0, X-CUBE-ALS_V1.0.1, X-CUBE-AZRTOS-F4_V1.1.0, X-CUBE-AZRTOS-F7_V1.1.0, X-CUBE-AZRTOS-G0_V1.1.0, X-CUBE-AZRTOS-G4_V1.0.0, X-CUBE-AZRTOS-H7_V3.0.0, X-CUBE-AZRTOS-L4_V1.0.0, X-CUBE-AZRTOS-L5_V1.1.0, X-CUBE-AZRTOS-WB_V1.1.0, X-CUBE-AZRTOS-WL_V1.0.0, X-CUBE-BLE1_V6.2.4, X-CUBE-BLE2_V3.3.0, X-CUBE-BLEMGR_V1.3.0, X-CUBE-EEPRMA1_V4.1.0, X-CUBE-FREERTOS_V1.0.1, X-CUBE-GNSS1_V6.0.0, X-CUBE-MEMS1_V9.1.0, X-CUBE-MEMS1_V9.4.0, X-CUBE-MEMS1_V9.5.0, X-CUBE-NFC4_V3.0.0, X-CUBE-NFC7_V1.0.0, X-CUBE-SFXS2LP1_V4.0.0, X-CUBE-SUBG2_V5.0.0]
2023-05-28 08:48:42,634 [INFO] ApiDb:240 - Found 297 in-development CPN: [B-G473E-ZEST1S, B-WB1M-WPAN1, B-WL5M-SUBG1, NUCLEO-C031C6, NUCLEO-H503RB, NUCLEO-H563ZI, NUCLEO-U545RE-Q, NUCLEO-U5A5ZJ-Q, NUCLEO-WBA52CG, STEVAL-PROTEUS1, STEVAL-STWINBX1, STM320518-EVAL, STM32C0116-DK, STM32C011D6Y3TR, STM32C011D6Y6TR, STM32C011F4P3, STM32C011F4P6, STM32C011F4U3, STM32C011F4U6TR, STM32C011F6P3, STM32C011F6P6, STM32C011F6U3, STM32C011F6U6TR, STM32C011J4M3, STM32C011J4M6, STM32C011J6M3, STM32C011J6M6, STM32C0316-DK, STM32C031C4T3, STM32C031C4T6, STM32C031C4U3, STM32C031C4U6, STM32C031C6T3, STM32C031C6T6, STM32C031C6U3, STM32C031C6U6, STM32C031F4P3, STM32C031F4P6, STM32C031F6P3, STM32C031F6P6, STM32C031G4U3, STM32C031G4U6, STM32C031G6U3, STM32C031G6U6, STM32C031K4T3, STM32C031K4T6, STM32C031K4U3, STM32C031K4U6, STM32C031K6T3, STM32C031K6T6, STM32C031K6U3, STM32C031K6U6, STM32G071K8TXN, STM32G071K8UXN, STM32G081GBU6N, STM32G081KBT6N, STM32G081KBUXN, STM32G0B1CCT6N, STM32G0B1KCT6, STM32G0B1NEY6TR, STM32G0B1RCT6N, STM32G0C1CCT6, STM32G0C1CCT6N, STM32G0C1CCU6N, STM32G0C1CET6N, STM32G0C1CEU6N, STM32G0C1KCT6, STM32G0C1NEY6TR, STM32G0C1RCI6N, STM32G0C1RCT6N, STM32G0C1REI6N, STM32G0C1RET6N, STM32G0C1VCI6, STM32G0C1VEI6, STM32G471CCT6, STM32G471CCU6, STM32G471CET3, STM32G471CET6, STM32G471CEU3, STM32G471CEU6, STM32G471MCT6, STM32G471MET3, STM32G471MET6, STM32G471MEY6TR, STM32G471QCT6, STM32G471QET3, STM32G471RCT6, STM32G471RET3, STM32G471RET6, STM32G471VCH6, STM32G471VCI6, STM32G471VCT6, STM32G471VEH3, STM32G471VEH6, STM32G471VEI3, STM32G471VEI6, STM32G471VET3, STM32G471VET6, STM32G474CCT6, STM32H503CBT6, STM32H503CBU6, STM32H503EBY6TR, STM32H503KBU6, STM32H503RBT6, STM32H562AGI6, STM32H562AII6, STM32H562IGK6, STM32H562IGT6, STM32H562IIK6, STM32H562IIT6, STM32H562RGT6, STM32H562RGV6, STM32H562RIT6, STM32H562RIV6, STM32H562VGT6, STM32H562VIT6, STM32H562ZGT6, STM32H562ZIT6, STM32H563AGI6, STM32H563AII3Q, STM32H563AII6, STM32H563IGK6, STM32H563IGT6, STM32H563IIK3Q, STM32H563IIK6, STM32H563IIT3Q, STM32H563IIT6, STM32H563MIY3QTR, STM32H563RGT6, STM32H563RGV6, STM32H563RIT6, STM32H563RIV6, STM32H563VGT6, STM32H563VIT3Q, STM32H563VIT6, STM32H563ZGT6, STM32H563ZIT3Q, STM32H563ZIT6, STM32H573AII3Q, STM32H573AII6, STM32H573I-DK, STM32H573IIK3Q, STM32H573IIK6, STM32H573IIT3Q, STM32H573IIT6, STM32H573MIY3QTR, STM32H573RIT6, STM32H573RIV6, STM32H573VIT3Q, STM32H573VIT6, STM32H573ZIT3Q, STM32H573ZIT6, STM32L4R5QGI6STR, STM32MP131AAE3, STM32MP131AAF3, STM32MP131AAG3, STM32MP131CAE3, STM32MP131CAF3, STM32MP131CAG3, STM32MP131DAE7, STM32MP131DAF7, STM32MP131DAG7, STM32MP131FAE7, STM32MP131FAF7, STM32MP131FAG7, STM32MP133AAE3, STM32MP133AAF3, STM32MP133AAG3, STM32MP133CAE3, STM32MP133CAF3, STM32MP133CAG3, STM32MP133DAE7, STM32MP133DAF7, STM32MP133DAG7, STM32MP133FAE7, STM32MP133FAF7, STM32MP133FAG7, STM32MP135AAE3, STM32MP135AAF3, STM32MP135AAG3, STM32MP135CAE3, STM32MP135CAF3, STM32MP135CAG3, STM32MP135DAE7, STM32MP135DAF7, STM32MP135DAG7, STM32MP135F-DK, STM32MP135FAE7, STM32MP135FAF7, STM32MP135FAF7T, STM32MP135FAF7U, STM32MP135FAG7, STM32U535CBT6, STM32U535CBT6Q, STM32U535CBU6, STM32U535CBU6Q, STM32U535CCT6, STM32U535CCT6Q, STM32U535CCU6, STM32U535CCU6Q, STM32U535CET6, STM32U535CET6Q, STM32U535CEU6, STM32U535CEU6Q, STM32U535JEY6QTR, STM32U535NCY6QTR, STM32U535NEY6QTR, STM32U535RBI6, STM32U535RBI6Q, STM32U535RBT6, STM32U535RBT6Q, STM32U535RCI6, STM32U535RCI6Q, STM32U535RCT6, STM32U535RCT6Q, STM32U535REI6, STM32U535REI6Q, STM32U535RET6, STM32U535RET6Q, STM32U535VCI6, STM32U535VCI6Q, STM32U535VCT6, STM32U535VCT6Q, STM32U535VEI6, STM32U535VEI6Q, STM32U535VET6, STM32U535VET6Q, STM32U545CET6, STM32U545CET6Q, STM32U545CEU6, STM32U545CEU6Q, STM32U545JEY6QTR, STM32U545NEY6QTR, STM32U545REI6, STM32U545REI6Q, STM32U545RET6, STM32U545RET6Q, STM32U545VEI6, STM32U545VEI6Q, STM32U545VET6, STM32U545VET6Q, STM32U595AIH6, STM32U595AIH6Q, STM32U595AJH6, STM32U595AJH6Q, STM32U595QII6, STM32U595QII6Q, STM32U595QJI6, STM32U595QJI6Q, STM32U595RIT6, STM32U595RIT6Q, STM32U595RJT6, STM32U595RJT6Q, STM32U595VIT6, STM32U595VIT6Q, STM32U595VJT6, STM32U595VJT6Q, STM32U595ZIT6, STM32U595ZIT6Q, STM32U595ZIY6QTR, STM32U595ZJT6, STM32U595ZJT6Q, STM32U595ZJY6QTR, STM32U599BJY6QTR, STM32U599NIH6Q, STM32U599NJH6Q, STM32U599VIT6Q, STM32U599VJT6, STM32U599VJT6Q, STM32U599ZIT6Q, STM32U599ZIY6QTR, STM32U599ZJT6Q, STM32U599ZJY6QTR, STM32U5A5AJH6, STM32U5A5AJH6Q, STM32U5A5QJI6, STM32U5A5QJI6Q, STM32U5A5RJT6, STM32U5A5RJT6Q, STM32U5A5VJT6, STM32U5A5VJT6Q, STM32U5A5ZJT6, STM32U5A5ZJT6Q, STM32U5A5ZJY6QTR, STM32U5A9BJY6QTR, STM32U5A9J-DK, STM32U5A9NJH6Q, STM32U5A9VJT6Q, STM32U5A9ZJT6Q, STM32U5A9ZJY6QTR, STM32WB1MMCH6, STM32WBA52CEU6, STM32WBA52CEU6T, STM32WBA52CGU6, STM32WBA52CGU6T, STM32WL5MOCH6, STM32WL5MOCH6TR]
2023-05-28 08:48:42,640 [INFO] DbMcus:216 - Found 3775 MCUs, 3775 are supported
2023-05-28 08:48:42,641 [INFO] ApiDb:414 - User favorites file not found: C:\Users\lch/.stm32cubeide/favorites.mcus.txt
2023-05-28 08:48:42,641 [INFO] DbMcus:222 - Set 0 / 0 favorites MCUs
2023-05-28 08:48:43,590 [WARN] ThirdParty:833 - waiting for thirdparty lock release [change project]
2023-05-28 08:48:43,590 [INFO] ThirdParty:835 - entering critical section [change project]
2023-05-28 08:48:43,591 [INFO] ThirdParty:1030 - CMSIS Pack Vendor :STMicroelectronics X-CUBE-ISPU 1.1.0
2023-05-28 08:48:43,591 [INFO] ThirdParty:1030 - CMSIS Pack Vendor :STMicroelectronics X-CUBE-GNSS1 6.0.0
2023-05-28 08:48:43,591 [INFO] ThirdParty:1030 - CMSIS Pack Vendor :STMicroelectronics USB_HOST 2.0.0
2023-05-28 08:48:43,591 [INFO] ThirdParty:1030 - CMSIS Pack Vendor :STMicroelectronics X-CUBE-AZRTOS-F4 1.1.0
2023-05-28 08:48:43,591 [INFO] ThirdParty:1030 - CMSIS Pack Vendor :STMicroelectronics LIBJPEG 8.0.0
2023-05-28 08:48:43,591 [INFO] ThirdParty:1030 - CMSIS Pack Vendor :STMicroelectronics X-CUBE-SMBUS 2.1.0
2023-05-28 08:48:43,591 [INFO] ThirdParty:1030 - CMSIS Pack Vendor :wolfSSL I-CUBE-wolfSSL 5.6.0
2023-05-28 08:48:43,592 [INFO] ThirdParty:1030 - CMSIS Pack Vendor :STMicroelectronics USB_DEVICE 3.0.0
2023-05-28 08:48:43,592 [INFO] ThirdParty:1030 - CMSIS Pack Vendor :STMicroelectronics X-CUBE-FREERTOS 1.0.1
2023-05-28 08:48:43,592 [INFO] ThirdParty:1030 - CMSIS Pack Vendor :STMicroelectronics X-CUBE-AZRTOS-F7 1.1.0
2023-05-28 08:48:43,592 [INFO] ThirdParty:1030 - CMSIS Pack Vendor :STMicroelectronics X-CUBE-TOUCHGFX 4.21.4
2023-05-28 08:48:43,592 [INFO] ThirdParty:1030 - CMSIS Pack Vendor :STMicroelectronics USB_DEVICE 2.0.0
2023-05-28 08:48:43,593 [INFO] ThirdParty:1030 - CMSIS Pack Vendor :STMicroelectronics X-CUBE-MEMS1 9.6.0
2023-05-28 08:48:43,593 [INFO] ThirdParty:1030 - CMSIS Pack Vendor :STMicroelectronics FP-SNS-MOTENV1 4.3.0
2023-05-28 08:48:43,593 [INFO] ThirdParty:1030 - CMSIS Pack Vendor :STMicroelectronics FP-SNS-FLIGHT1 5.0.0
2023-05-28 08:48:43,593 [INFO] ThirdParty:1030 - CMSIS Pack Vendor :STMicroelectronics FP-SNS-MOTENV1 4.3.1
2023-05-28 08:48:43,593 [INFO] ThirdParty:1030 - CMSIS Pack Vendor :STMicroelectronics FP-SNS-FLIGHT1 5.0.1
2023-05-28 08:48:43,594 [INFO] ThirdParty:1030 - CMSIS Pack Vendor :STMicroelectronics X-CUBE-ALGOBUILD 1.3.0
2023-05-28 08:48:43,594 [INFO] ThirdParty:1030 - CMSIS Pack Vendor :STMicroelectronics X-CUBE-BLE1 6.2.4
2023-05-28 08:48:43,594 [INFO] ThirdParty:1030 - CMSIS Pack Vendor :STMicroelectronics X-CUBE-AZRTOS-L5 1.1.0
2023-05-28 08:48:43,594 [INFO] ThirdParty:1030 - CMSIS Pack Vendor :STMicroelectronics FreeRTOS 0.0.1
2023-05-28 08:48:43,594 [INFO] ThirdParty:1030 - CMSIS Pack Vendor :emotas I-CUBE-CANOPEN 1.1.3
2023-05-28 08:48:43,594 [INFO] ThirdParty:1030 - CMSIS Pack Vendor :STMicroelectronics X-CUBE-AZRTOS-G0 1.1.0
2023-05-28 08:48:43,594 [INFO] ThirdParty:1030 - CMSIS Pack Vendor :STMicroelectronics X-CUBE-BLEMGR 2.0.0
2023-05-28 08:48:43,595 [INFO] ThirdParty:1030 - CMSIS Pack Vendor :STMicroelectronics X-CUBE-AI 8.0.1
2023-05-28 08:48:43,595 [INFO] ThirdParty:1030 - CMSIS Pack Vendor :STMicroelectronics X-CUBE-SUBG2 5.0.0
2023-05-28 08:48:43,595 [INFO] ThirdParty:1030 - CMSIS Pack Vendor :STMicroelectronics X-CUBE-NFC4 3.0.0
2023-05-28 08:48:43,595 [INFO] ThirdParty:1030 - CMSIS Pack Vendor :STMicroelectronics STM32_WPAN 1.0.0
2023-05-28 08:48:43,595 [INFO] ThirdParty:1030 - CMSIS Pack Vendor :STMicroelectronics lwIP 2.0.3
2023-05-28 08:48:43,595 [INFO] ThirdParty:1030 - CMSIS Pack Vendor :STMicroelectronics USB_HOST 1.0.0
2023-05-28 08:48:43,595 [INFO] ThirdParty:1030 - CMSIS Pack Vendor :STMicroelectronics X-CUBE-AZRTOS-G4 2.0.0
2023-05-28 08:48:43,596 [INFO] ThirdParty:1030 - CMSIS Pack Vendor :STMicroelectronics PDM2PCM 3.1.0
2023-05-28 08:48:43,596 [INFO] ThirdParty:1030 - CMSIS Pack Vendor :STMicroelectronics X-CUBE-AZRTOS-H7 3.1.0
2023-05-28 08:48:43,596 [INFO] ThirdParty:1030 - CMSIS Pack Vendor :STMicroelectronics X-CUBE-TOF1 3.3.0
2023-05-28 08:48:43,596 [INFO] ThirdParty:1030 - CMSIS Pack Vendor :STMicroelectronics PDM2PCM 3.3.0
2023-05-28 08:48:43,596 [INFO] ThirdParty:1030 - CMSIS Pack Vendor :STMicroelectronics X-CUBE-DISPLAY 3.0.0
2023-05-28 08:48:43,596 [INFO] ThirdParty:1030 - CMSIS Pack Vendor :STMicroelectronics FP-ATR-SIGFOX1 3.2.0
2023-05-28 08:48:43,597 [INFO] ThirdParty:1030 - CMSIS Pack Vendor :STMicroelectronics X-CUBE-AZRTOS-L4 1.0.0
2023-05-28 08:48:43,597 [INFO] ThirdParty:1030 - CMSIS Pack Vendor :STMicroelectronics HAL Drivers 0.0.0
2023-05-28 08:48:43,597 [INFO] ThirdParty:1030 - CMSIS Pack Vendor :STMicroelectronics MBEDTLS 2.16.2
2023-05-28 08:48:43,597 [INFO] ThirdParty:1030 - CMSIS Pack Vendor :STMicroelectronics MBEDTLS 2.14.1
2023-05-28 08:48:43,597 [INFO] ThirdParty:1030 - CMSIS Pack Vendor :STMicroelectronics X-CUBE-NFC7 1.0.0
2023-05-28 08:48:43,597 [INFO] ThirdParty:1030 - CMSIS Pack Vendor :STMicroelectronics X-CUBE-AZRTOS-WL 1.0.0
2023-05-28 08:48:43,598 [INFO] ThirdParty:1030 - CMSIS Pack Vendor :STMicroelectronics X-CUBE-EEPRMA1 4.1.0
2023-05-28 08:48:43,598 [INFO] ThirdParty:1030 - CMSIS Pack Vendor :portGmbH I-Cube-SoM-uGOAL 1.1.0
2023-05-28 08:48:43,598 [INFO] ThirdParty:1030 - CMSIS Pack Vendor :STMicroelectronics X-CUBE-ALS 1.0.1
2023-05-28 08:48:43,598 [INFO] ThirdParty:1030 - CMSIS Pack Vendor :STMicroelectronics ThreadX 1.0.0
2023-05-28 08:48:43,598 [INFO] ThirdParty:1030 - CMSIS Pack Vendor :STMicroelectronics X-CUBE-AZRTOS-WB 1.1.0
2023-05-28 08:48:43,598 [INFO] ThirdParty:1030 - CMSIS Pack Vendor :SEGGER I-CUBE-embOS 1.3.1
2023-05-28 08:48:43,598 [INFO] ThirdParty:1030 - CMSIS Pack Vendor :STMicroelectronics USB_DEVICE 1.0.0
2023-05-28 08:48:43,599 [INFO] ThirdParty:1030 - CMSIS Pack Vendor :STMicroelectronics X-CUBE-AZRTOS-L4 2.0.0
2023-05-28 08:48:43,599 [INFO] ThirdParty:1030 - CMSIS Pack Vendor :STMicroelectronics ThreadX 0.0.2
2023-05-28 08:48:43,599 [INFO] ThirdParty:1030 - CMSIS Pack Vendor :WES I-CUBE-Cesium 1.3.0
2023-05-28 08:48:43,599 [INFO] ThirdParty:1030 - CMSIS Pack Vendor :STMicroelectronics FP-ATR-ASTRA1 2.0.0
2023-05-28 08:48:43,599 [INFO] ThirdParty:1030 - CMSIS Pack Vendor :STMicroelectronics lwIP 2.1.2
2023-05-28 08:48:43,599 [INFO] ThirdParty:1030 - CMSIS Pack Vendor :STMicroelectronics X-CUBE-SFXS2LP1 4.0.0
2023-05-28 08:48:43,600 [INFO] ThirdParty:1030 - CMSIS Pack Vendor :STMicroelectronics X-CUBE-BLE2 3.3.0
2023-05-28 08:48:43,600 [INFO] ThirdParty:1030 - CMSIS Pack Vendor :STMicroelectronics PDM2PCM 3.2.0
2023-05-28 08:48:43,600 [INFO] ThirdParty:841 - exiting critical section [change project]
2023-05-28 08:48:44,771 [INFO] PinOutPanel:1499 - setPackage(No Configuration,No Configuration)
2023-05-28 08:48:44,775 [INFO] PinOutPanel:1499 - setPackage(STM32F103RBTx,LQFP64)
2023-05-28 08:48:47,379 [INFO] UtilMem:75 - Before build in PCC Used Memory: 430863824 Bytes (490733568)
2023-05-28 08:48:50,498 [INFO] UtilMem:75 - After build in PCC Used Memory: 454595200 Bytes (490733568)
2023-05-28 08:48:50,616 [INFO] IPUIPlugin:80 - create IPUIPlugin
2023-05-28 08:48:50,620 [INFO] IPUIPlugin:80 - create IPUIPlugin
2023-05-28 08:48:50,620 [INFO] IPUIPlugin:80 - create IPUIPlugin
2023-05-28 08:48:50,621 [INFO] IPUIPlugin:80 - create IPUIPlugin
2023-05-28 08:48:50,621 [INFO] IPUIPlugin:80 - create IPUIPlugin
2023-05-28 08:48:50,621 [INFO] IPUIPlugin:80 - create IPUIPlugin
2023-05-28 08:48:50,621 [INFO] IPUIPlugin:80 - create IPUIPlugin
2023-05-28 08:48:50,622 [INFO] IPUIPlugin:80 - create IPUIPlugin
2023-05-28 08:48:50,622 [INFO] IPUIPlugin:80 - create IPUIPlugin
2023-05-28 08:48:50,622 [INFO] IPUIPlugin:80 - create IPUIPlugin
2023-05-28 08:48:50,623 [INFO] IPUIPlugin:80 - create IPUIPlugin
2023-05-28 08:48:50,623 [INFO] IPUIPlugin:80 - create IPUIPlugin
2023-05-28 08:48:50,624 [INFO] IPUIPlugin:80 - create IPUIPlugin
2023-05-28 08:48:50,625 [INFO] IPUIPlugin:80 - create IPUIPlugin
2023-05-28 08:48:50,625 [INFO] IPUIPlugin:80 - create IPUIPlugin
2023-05-28 08:48:50,625 [INFO] IPUIPlugin:80 - create IPUIPlugin
2023-05-28 08:48:50,626 [INFO] IPUIPlugin:80 - create IPUIPlugin
2023-05-28 08:48:50,626 [INFO] IPUIPlugin:80 - create IPUIPlugin
2023-05-28 08:48:50,627 [INFO] IPUIPlugin:80 - create IPUIPlugin
2023-05-28 08:48:50,627 [INFO] IPUIPlugin:80 - create IPUIPlugin
2023-05-28 08:48:50,628 [INFO] IPUIPlugin:80 - create IPUIPlugin
2023-05-28 08:48:50,628 [INFO] IPUIPlugin:80 - create IPUIPlugin
2023-05-28 08:48:50,629 [INFO] IPUIPlugin:80 - create IPUIPlugin
2023-05-28 08:48:50,629 [INFO] IPUIPlugin:80 - create IPUIPlugin
2023-05-28 08:48:50,630 [INFO] IPUIPlugin:80 - create IPUIPlugin
2023-05-28 08:48:50,631 [INFO] IPUIPlugin:80 - create IPUIPlugin
2023-05-28 08:48:50,631 [INFO] IPUIPlugin:80 - create IPUIPlugin
2023-05-28 08:48:51,597 [INFO] CADModel:165 - CPN selected for project levelSTM32F103RBT6
2023-05-28 08:48:51,618 [INFO] CADModel:114 - Register for checkConnection events
2023-05-28 08:48:51,731 [INFO] OpenFileManager:328 - Restore cursor
2023-05-28 08:53:09,265 [INFO] UtilMem:75 - End SaveConfig() Used Memory: 463289848 Bytes (596639744)
2023-05-28 08:53:33,991 [INFO] Gpio:273 - dependency for GPIO [RCC]
2023-05-28 09:06:40,871 [INFO] NvicIntPanel:101 - NVIC parent = com.st.microxplorer.plugins.ip.nvic.MultiNvicIntPanel[,2,28,706x601,layout=javax.swing.BoxLayout,alignmentX=0.0,alignmentY=0.0,border=,flags=9,maximumSize=,minimumSize=,preferredSize=]
2023-05-28 09:06:42,944 [INFO] Gpio:273 - dependency for GPIO [RCC]
2023-05-28 09:06:43,778 [INFO] Gpio:273 - dependency for GPIO [RCC]
2023-05-28 09:08:18,042 [INFO] UtilMem:75 - End SaveConfig() Used Memory: 485722016 Bytes (596639744)
2023-05-28 09:08:19,871 [INFO] UtilMem:75 - End SaveConfig() Used Memory: 505466096 Bytes (596639744)
2023-05-28 09:08:24,063 [INFO] UtilMem:75 - End SaveConfig() Used Memory: 492119520 Bytes (596639744)
2023-05-28 09:08:26,026 [INFO] BlockDiagram:2759 - set Specific Code input for plugin: NVIC
2023-05-28 09:08:26,027 [INFO] BlockDiagram:2759 - set Specific Code input for plugin: GPIO
2023-05-28 09:08:26,027 [INFO] BlockDiagram:2759 - set Specific Code input for plugin: RCC
2023-05-28 09:08:26,030 [INFO] CodeGenerator:793 - code generatio: config db path: C:\ST\STM32CubeIDE_1.12.1\STM32CubeIDE\plugins\com.st.stm32cube.common.mx_6.8.1.202304191431\\db\
2023-05-28 09:08:27,487 [INFO] CodeEngine:255 - oldGeneratedFile, D:\workspace\GPIO\MXTmpFiles\license.tmp_save
2023-05-28 09:08:28,923 [INFO] CodeEngine:279 - Generated code: D:\workspace\GPIO\MXTmpFiles\license.tmp
2023-05-28 09:08:29,210 [INFO] CodeEngine:255 - oldGeneratedFile, D:\workspace\GPIO\MXTmpFiles\gpio.tmp_save
2023-05-28 09:08:29,591 [INFO] CodeEngine:279 - Generated code: D:\workspace\GPIO\MXTmpFiles\gpio.tmp
2023-05-28 09:08:29,647 [INFO] CodeEngine:255 - oldGeneratedFile, D:\workspace\GPIO\Core\Src\stm32f1xx_it.c_save
2023-05-28 09:08:30,220 [INFO] CodeEngine:279 - Generated code: D:\workspace\GPIO\Core\Src\stm32f1xx_it.c
2023-05-28 09:08:30,235 [INFO] CodeEngine:255 - oldGeneratedFile, D:\workspace\GPIO\Core\Inc\stm32f1xx_it.h_save
2023-05-28 09:08:30,494 [INFO] CodeEngine:279 - Generated code: D:\workspace\GPIO\Core\Inc\stm32f1xx_it.h
2023-05-28 09:08:30,749 [INFO] CodeEngine:255 - oldGeneratedFile, D:\workspace\GPIO\Core\Src\stm32f1xx_hal_msp.c_save
2023-05-28 09:08:31,185 [INFO] CodeEngine:279 - Generated code: D:\workspace\GPIO\Core\Src\stm32f1xx_hal_msp.c
2023-05-28 09:08:31,197 [INFO] CodeEngine:255 - oldGeneratedFile, D:\workspace\GPIO\MXTmpFiles\system.tmp_save
2023-05-28 09:08:31,495 [INFO] CodeEngine:279 - Generated code: D:\workspace\GPIO\MXTmpFiles\system.tmp
2023-05-28 09:08:31,552 [INFO] CodeEngine:311 - oldGeneratedFile, D:\workspace\GPIO\Core\Inc\stm32f1xx_hal_conf.h_save
2023-05-28 09:08:31,840 [INFO] CodeEngine:335 - Generated code: D:\workspace\GPIO\Core\Inc\stm32f1xx_hal_conf.h
2023-05-28 09:08:32,005 [INFO] CodeEngine:255 - oldGeneratedFile, D:\workspace\GPIO\Core\Inc\main.h_save
2023-05-28 09:08:32,383 [INFO] CodeEngine:279 - Generated code: D:\workspace\GPIO\Core\Inc\main.h
2023-05-28 09:08:32,431 [INFO] CodeEngine:255 - oldGeneratedFile, D:\workspace\GPIO\Core\Src\main.c_save
2023-05-28 09:08:32,858 [INFO] CodeEngine:279 - Generated code: D:\workspace\GPIO\Core\Src\main.c
2023-05-28 09:08:35,175 [INFO] ProjectBuilder:2996 - Time for Copy HAL[1] : 710mS.
2023-05-28 09:08:35,238 [INFO] ProjectBuilder:4304 - Project Generator version: 3.19.2
2023-05-28 09:08:36,284 [INFO] ConfigFileManager:1483 - The Die is : DIE410
2023-05-28 09:08:36,338 [INFO] ApiDbMcu:507 - Load IP Config File for FATFS
2023-05-28 09:08:36,380 [INFO] ApiDbMcu:507 - Load IP Config File for FREERTOS
2023-05-28 09:08:36,395 [INFO] ApiDbMcu:507 - Load IP Config File for USB_DEVICE
2023-05-28 09:08:38,760 [INFO] LogOutputStream:77 - [STDOUT_REDIRECT] 
2023-05-28 09:08:42,558 [INFO] ProjectBuilder:4505 - Time for Generating toolchain IDE Files: 7316mS.
2023-05-28 09:08:42,561 [INFO] ProjectBuilder:2867 - Time for Copy CMSIS : 1mS.
2023-05-28 09:08:42,565 [INFO] ProjectBuilder:2867 - Time for Copy CMSIS : 0mS.
2023-05-28 15:29:55,566 [INFO] MainUpdater:2854 - connection check result : 10
2023-05-28 15:29:55,568 [INFO] MainUpdater:2854 - connection check result : 10
2023-05-28 15:29:55,785 [INFO] MicroXplorer:468 - Change Database Path : 
2023-05-28 15:29:55,786 [INFO] MicroXplorer:498 - Change Database Version : DB.6.0.81
2023-05-28 15:29:55,963 [WARN] ThirdParty:871 - waiting for thirdparty lock release [close project]
2023-05-28 15:29:55,963 [INFO] ThirdParty:873 - entering critical section [close project]
2023-05-28 15:29:55,963 [INFO] ThirdParty:883 - exiting critical section [close project]
2023-05-28 15:29:55,967 [INFO] PinOutPanel:1499 - setPackage(No Configuration,No Configuration)
2023-05-28 15:29:55,987 [INFO] UtilMem:75 - Begin LoadConfig() Used Memory: 193353464 Bytes (580911104)
2023-05-28 15:29:55,989 [INFO] MicroXplorer:468 - Change Database Path : 
2023-05-28 15:29:55,990 [INFO] MicroXplorer:498 - Change Database Version : DB.6.0.81
2023-05-28 15:29:55,990 [INFO] OpenFileManager:308 - Change cursor
2023-05-28 15:29:56,093 [INFO] RulesReader:64 - Compatibility file has been processed (293 Rules)
2023-05-28 15:29:56,120 [INFO] Mcu:1937 - Initializing MCU STM32F103R(8-B)Tx STM32F103RBTx STM32F103RBT6
2023-05-28 15:29:58,365 [INFO] Context:659 - Trying to add GPIOservice into a context  which must be forbidden
2023-05-28 15:29:59,320 [INFO] RtosManager:555 - Registered RTOS mode: class=CMSIS, group=RTOS, mode=CMSIS_V1, owner=FREERTOS
2023-05-28 15:29:59,320 [INFO] RtosManager:555 - Registered RTOS mode: class=CMSIS, group=RTOS2, mode=CMSIS_V2, owner=FREERTOS
2023-05-28 15:29:59,320 [INFO] RtosManager:555 - Registered RTOS mode: class=RTOS, group=Core, mode=CMSIS_V1, owner=FREERTOS
2023-05-28 15:29:59,321 [INFO] RtosManager:555 - Registered RTOS mode: class=RTOS, group=Core, mode=CMSIS_V2, owner=FREERTOS
2023-05-28 15:29:59,321 [WARN] ModelIntegratedComponent:184 - Missing modes for component STMicroelectronics:FreeRTOS:0.0.1:STMicroelectronics:RTOS:FreeRTOS:Core:::10.2.0:
2023-05-28 15:29:59,353 [WARN] ModelIntegratedComponent:63 - No mode defined for component null
2023-05-28 15:29:59,353 [WARN] ModelIntegratedComponent:63 - No mode defined for component null
2023-05-28 15:29:59,354 [WARN] ModelIntegratedComponent:63 - No mode defined for component null
2023-05-28 15:29:59,354 [WARN] ModelIntegratedComponent:63 - No mode defined for component null
2023-05-28 15:29:59,354 [WARN] ModelIntegratedComponent:63 - No mode defined for component null
2023-05-28 15:29:59,354 [WARN] ModelIntegratedComponent:63 - No mode defined for component null
2023-05-28 15:29:59,354 [WARN] ModelIntegratedComponent:63 - No mode defined for component null
2023-05-28 15:29:59,354 [WARN] ModelIntegratedComponent:63 - No mode defined for component null
2023-05-28 15:29:59,355 [WARN] ModelIntegratedComponent:63 - No mode defined for component null
2023-05-28 15:29:59,355 [WARN] ModelIntegratedComponent:63 - No mode defined for component null
2023-05-28 15:29:59,355 [WARN] ModelIntegratedComponent:63 - No mode defined for component null
2023-05-28 15:29:59,355 [WARN] ModelIntegratedComponent:63 - No mode defined for component null
2023-05-28 15:29:59,355 [WARN] ModelIntegratedComponent:63 - No mode defined for component null
2023-05-28 15:29:59,355 [WARN] ModelIntegratedComponent:63 - No mode defined for component null
2023-05-28 15:29:59,355 [WARN] ModelIntegratedComponent:63 - No mode defined for component null
2023-05-28 15:29:59,356 [WARN] ModelIntegratedComponent:63 - No mode defined for component null
2023-05-28 15:29:59,356 [WARN] ModelIntegratedComponent:63 - No mode defined for component null
2023-05-28 15:29:59,356 [WARN] ModelIntegratedComponent:63 - No mode defined for component null
2023-05-28 15:29:59,356 [WARN] ModelIntegratedComponent:63 - No mode defined for component null
2023-05-28 15:29:59,356 [WARN] ModelIntegratedComponent:63 - No mode defined for component null
2023-05-28 15:29:59,356 [WARN] ModelIntegratedComponent:63 - No mode defined for component null
2023-05-28 15:29:59,356 [WARN] ModelIntegratedComponent:63 - No mode defined for component null
2023-05-28 15:29:59,356 [WARN] ModelIntegratedComponent:63 - No mode defined for component null
2023-05-28 15:29:59,357 [WARN] ModelIntegratedComponent:63 - No mode defined for component null
2023-05-28 15:29:59,357 [WARN] ModelIntegratedComponent:63 - No mode defined for component null
2023-05-28 15:29:59,357 [WARN] ModelIntegratedComponent:63 - No mode defined for component null
2023-05-28 15:29:59,357 [WARN] ModelIntegratedComponent:63 - No mode defined for component null
2023-05-28 15:29:59,357 [WARN] ModelIntegratedComponent:63 - No mode defined for component null
2023-05-28 15:29:59,357 [WARN] ModelIntegratedComponent:63 - No mode defined for component null
2023-05-28 15:29:59,358 [WARN] ModelIntegratedComponent:63 - No mode defined for component null
2023-05-28 15:29:59,358 [WARN] ModelIntegratedComponent:63 - No mode defined for component null
2023-05-28 15:29:59,358 [WARN] ModelIntegratedComponent:63 - No mode defined for component null
2023-05-28 15:29:59,358 [WARN] ModelIntegratedComponent:63 - No mode defined for component null
2023-05-28 15:29:59,380 [INFO] ThirdPartyModel:298 - Start build external matchings
2023-05-28 15:29:59,917 [INFO] ThirdPartyModel:316 - End build external matchings
2023-05-28 15:29:59,943 [INFO] ImportTextPane:194 - (OptionalMessage_ERROR) IP (RCC) : Parameter (ADCFreqValue) has invalid value (36000000)
2023-05-28 15:29:59,943 [INFO] ImportTextPane:194 - (OptionalMessage_ERROR) IP (RCC) : Invalid parameter (FamilyName)
2023-05-28 15:29:59,943 [INFO] ImportTextPane:194 - (OptionalMessage_ERROR) IP (RCC) : Parameter (MCOFreq_Value) has invalid value (72000000)
2023-05-28 15:29:59,944 [INFO] ImportTextPane:194 - (OptionalMessage_ERROR) IP (RCC) : Parameter (USBFreq_Value) has invalid value (72000000)
2023-05-28 15:30:00,453 [INFO] UtilMem:75 - End LoadConfig() Used Memory: 204899008 Bytes (580911104)
2023-05-28 15:30:00,573 [WARN] ThirdParty:833 - waiting for thirdparty lock release [change project]
2023-05-28 15:30:00,573 [INFO] ThirdParty:835 - entering critical section [change project]
2023-05-28 15:30:00,574 [INFO] ThirdParty:1030 - CMSIS Pack Vendor :STMicroelectronics X-CUBE-ISPU 1.1.0
2023-05-28 15:30:00,574 [INFO] ThirdParty:1030 - CMSIS Pack Vendor :STMicroelectronics X-CUBE-GNSS1 6.0.0
2023-05-28 15:30:00,574 [INFO] ThirdParty:1030 - CMSIS Pack Vendor :STMicroelectronics USB_HOST 2.0.0
2023-05-28 15:30:00,575 [INFO] ThirdParty:1030 - CMSIS Pack Vendor :STMicroelectronics X-CUBE-AZRTOS-F4 1.1.0
2023-05-28 15:30:00,576 [INFO] ThirdParty:1030 - CMSIS Pack Vendor :STMicroelectronics LIBJPEG 8.0.0
2023-05-28 15:30:00,577 [INFO] ThirdParty:1030 - CMSIS Pack Vendor :STMicroelectronics X-CUBE-SMBUS 2.1.0
2023-05-28 15:30:00,577 [INFO] ThirdParty:1030 - CMSIS Pack Vendor :wolfSSL I-CUBE-wolfSSL 5.6.0
2023-05-28 15:30:00,577 [INFO] ThirdParty:1030 - CMSIS Pack Vendor :STMicroelectronics USB_DEVICE 3.0.0
2023-05-28 15:30:00,577 [INFO] ThirdParty:1030 - CMSIS Pack Vendor :STMicroelectronics X-CUBE-FREERTOS 1.0.1
2023-05-28 15:30:00,578 [INFO] ThirdParty:1030 - CMSIS Pack Vendor :STMicroelectronics X-CUBE-AZRTOS-F7 1.1.0
2023-05-28 15:30:00,578 [INFO] ThirdParty:1030 - CMSIS Pack Vendor :STMicroelectronics X-CUBE-TOUCHGFX 4.21.4
2023-05-28 15:30:00,578 [INFO] ThirdParty:1030 - CMSIS Pack Vendor :STMicroelectronics USB_DEVICE 2.0.0
2023-05-28 15:30:00,578 [INFO] ThirdParty:1030 - CMSIS Pack Vendor :STMicroelectronics X-CUBE-MEMS1 9.6.0
2023-05-28 15:30:00,578 [INFO] ThirdParty:1030 - CMSIS Pack Vendor :STMicroelectronics FP-SNS-MOTENV1 4.3.0
2023-05-28 15:30:00,578 [INFO] ThirdParty:1030 - CMSIS Pack Vendor :STMicroelectronics FP-SNS-FLIGHT1 5.0.0
2023-05-28 15:30:00,579 [INFO] ThirdParty:1030 - CMSIS Pack Vendor :STMicroelectronics FP-SNS-MOTENV1 4.3.1
2023-05-28 15:30:00,579 [INFO] ThirdParty:1030 - CMSIS Pack Vendor :STMicroelectronics FP-SNS-FLIGHT1 5.0.1
2023-05-28 15:30:00,579 [INFO] ThirdParty:1030 - CMSIS Pack Vendor :STMicroelectronics X-CUBE-ALGOBUILD 1.3.0
2023-05-28 15:30:00,579 [INFO] ThirdParty:1030 - CMSIS Pack Vendor :STMicroelectronics X-CUBE-BLE1 6.2.4
2023-05-28 15:30:00,579 [INFO] ThirdParty:1030 - CMSIS Pack Vendor :STMicroelectronics X-CUBE-AZRTOS-L5 1.1.0
2023-05-28 15:30:00,579 [INFO] ThirdParty:1030 - CMSIS Pack Vendor :STMicroelectronics FreeRTOS 0.0.1
2023-05-28 15:30:00,579 [INFO] ThirdParty:1030 - CMSIS Pack Vendor :emotas I-CUBE-CANOPEN 1.1.3
2023-05-28 15:30:00,580 [INFO] ThirdParty:1030 - CMSIS Pack Vendor :STMicroelectronics X-CUBE-AZRTOS-G0 1.1.0
2023-05-28 15:30:00,581 [INFO] ThirdParty:1030 - CMSIS Pack Vendor :STMicroelectronics X-CUBE-BLEMGR 2.0.0
2023-05-28 15:30:00,581 [INFO] ThirdParty:1030 - CMSIS Pack Vendor :STMicroelectronics X-CUBE-AI 8.0.1
2023-05-28 15:30:00,581 [INFO] ThirdParty:1030 - CMSIS Pack Vendor :STMicroelectronics X-CUBE-SUBG2 5.0.0
2023-05-28 15:30:00,581 [INFO] ThirdParty:1030 - CMSIS Pack Vendor :STMicroelectronics X-CUBE-NFC4 3.0.0
2023-05-28 15:30:00,581 [INFO] ThirdParty:1030 - CMSIS Pack Vendor :STMicroelectronics STM32_WPAN 1.0.0
2023-05-28 15:30:00,581 [INFO] ThirdParty:1030 - CMSIS Pack Vendor :STMicroelectronics lwIP 2.0.3
2023-05-28 15:30:00,581 [INFO] ThirdParty:1030 - CMSIS Pack Vendor :STMicroelectronics USB_HOST 1.0.0
2023-05-28 15:30:00,581 [INFO] ThirdParty:1030 - CMSIS Pack Vendor :STMicroelectronics X-CUBE-AZRTOS-G4 2.0.0
2023-05-28 15:30:00,581 [INFO] ThirdParty:1030 - CMSIS Pack Vendor :STMicroelectronics PDM2PCM 3.1.0
2023-05-28 15:30:00,582 [INFO] ThirdParty:1030 - CMSIS Pack Vendor :STMicroelectronics X-CUBE-AZRTOS-H7 3.1.0
2023-05-28 15:30:00,582 [INFO] ThirdParty:1030 - CMSIS Pack Vendor :STMicroelectronics X-CUBE-TOF1 3.3.0
2023-05-28 15:30:00,582 [INFO] ThirdParty:1030 - CMSIS Pack Vendor :STMicroelectronics PDM2PCM 3.3.0
2023-05-28 15:30:00,582 [INFO] ThirdParty:1030 - CMSIS Pack Vendor :STMicroelectronics X-CUBE-DISPLAY 3.0.0
2023-05-28 15:30:00,583 [INFO] ThirdParty:1030 - CMSIS Pack Vendor :STMicroelectronics FP-ATR-SIGFOX1 3.2.0
2023-05-28 15:30:00,583 [INFO] ThirdParty:1030 - CMSIS Pack Vendor :STMicroelectronics X-CUBE-AZRTOS-L4 1.0.0
2023-05-28 15:30:00,583 [INFO] ThirdParty:1030 - CMSIS Pack Vendor :STMicroelectronics HAL Drivers 0.0.0
2023-05-28 15:30:00,583 [INFO] ThirdParty:1030 - CMSIS Pack Vendor :STMicroelectronics MBEDTLS 2.16.2
2023-05-28 15:30:00,583 [INFO] ThirdParty:1030 - CMSIS Pack Vendor :STMicroelectronics MBEDTLS 2.14.1
2023-05-28 15:30:00,583 [INFO] ThirdParty:1030 - CMSIS Pack Vendor :STMicroelectronics X-CUBE-NFC7 1.0.0
2023-05-28 15:30:00,583 [INFO] ThirdParty:1030 - CMSIS Pack Vendor :STMicroelectronics X-CUBE-AZRTOS-WL 1.0.0
2023-05-28 15:30:00,583 [INFO] ThirdParty:1030 - CMSIS Pack Vendor :STMicroelectronics X-CUBE-EEPRMA1 4.1.0
2023-05-28 15:30:00,584 [INFO] ThirdParty:1030 - CMSIS Pack Vendor :portGmbH I-Cube-SoM-uGOAL 1.1.0
2023-05-28 15:30:00,584 [INFO] ThirdParty:1030 - CMSIS Pack Vendor :STMicroelectronics X-CUBE-ALS 1.0.1
2023-05-28 15:30:00,584 [INFO] ThirdParty:1030 - CMSIS Pack Vendor :STMicroelectronics ThreadX 1.0.0
2023-05-28 15:30:00,584 [INFO] ThirdParty:1030 - CMSIS Pack Vendor :STMicroelectronics X-CUBE-AZRTOS-WB 1.1.0
2023-05-28 15:30:00,584 [INFO] ThirdParty:1030 - CMSIS Pack Vendor :SEGGER I-CUBE-embOS 1.3.1
2023-05-28 15:30:00,584 [INFO] ThirdParty:1030 - CMSIS Pack Vendor :STMicroelectronics USB_DEVICE 1.0.0
2023-05-28 15:30:00,584 [INFO] ThirdParty:1030 - CMSIS Pack Vendor :STMicroelectronics X-CUBE-AZRTOS-L4 2.0.0
2023-05-28 15:30:00,584 [INFO] ThirdParty:1030 - CMSIS Pack Vendor :STMicroelectronics ThreadX 0.0.2
2023-05-28 15:30:00,585 [INFO] ThirdParty:1030 - CMSIS Pack Vendor :WES I-CUBE-Cesium 1.3.0
2023-05-28 15:30:00,585 [INFO] ThirdParty:1030 - CMSIS Pack Vendor :STMicroelectronics FP-ATR-ASTRA1 2.0.0
2023-05-28 15:30:00,585 [INFO] ThirdParty:1030 - CMSIS Pack Vendor :STMicroelectronics lwIP 2.1.2
2023-05-28 15:30:00,585 [INFO] ThirdParty:1030 - CMSIS Pack Vendor :STMicroelectronics X-CUBE-SFXS2LP1 4.0.0
2023-05-28 15:30:00,585 [INFO] ThirdParty:1030 - CMSIS Pack Vendor :STMicroelectronics X-CUBE-BLE2 3.3.0
2023-05-28 15:30:00,585 [INFO] ThirdParty:1030 - CMSIS Pack Vendor :STMicroelectronics PDM2PCM 3.2.0
2023-05-28 15:30:00,585 [INFO] ThirdParty:841 - exiting critical section [change project]
2023-05-28 15:30:00,995 [INFO] PinOutPanel:1499 - setPackage(No Configuration,No Configuration)
2023-05-28 15:30:00,998 [INFO] PinOutPanel:1499 - setPackage(STM32F103RBTx,LQFP64)
2023-05-28 15:30:02,033 [INFO] UtilMem:75 - Before build in PCC Used Memory: 229119168 Bytes (580911104)
2023-05-28 15:30:02,731 [INFO] UtilMem:75 - After build in PCC Used Memory: 272110784 Bytes (580911104)
2023-05-28 15:30:02,777 [INFO] IPUIPlugin:80 - create IPUIPlugin
2023-05-28 15:30:02,777 [INFO] IPUIPlugin:80 - create IPUIPlugin
2023-05-28 15:30:02,778 [INFO] IPUIPlugin:80 - create IPUIPlugin
2023-05-28 15:30:02,778 [INFO] IPUIPlugin:80 - create IPUIPlugin
2023-05-28 15:30:02,778 [INFO] IPUIPlugin:80 - create IPUIPlugin
2023-05-28 15:30:02,778 [INFO] IPUIPlugin:80 - create IPUIPlugin
2023-05-28 15:30:02,779 [INFO] IPUIPlugin:80 - create IPUIPlugin
2023-05-28 15:30:02,779 [INFO] IPUIPlugin:80 - create IPUIPlugin
2023-05-28 15:30:02,779 [INFO] IPUIPlugin:80 - create IPUIPlugin
2023-05-28 15:30:02,779 [INFO] IPUIPlugin:80 - create IPUIPlugin
2023-05-28 15:30:02,780 [INFO] IPUIPlugin:80 - create IPUIPlugin
2023-05-28 15:30:02,780 [INFO] IPUIPlugin:80 - create IPUIPlugin
2023-05-28 15:30:02,781 [INFO] IPUIPlugin:80 - create IPUIPlugin
2023-05-28 15:30:02,781 [INFO] IPUIPlugin:80 - create IPUIPlugin
2023-05-28 15:30:02,781 [INFO] IPUIPlugin:80 - create IPUIPlugin
2023-05-28 15:30:02,782 [INFO] IPUIPlugin:80 - create IPUIPlugin
2023-05-28 15:30:02,783 [INFO] IPUIPlugin:80 - create IPUIPlugin
2023-05-28 15:30:02,783 [INFO] IPUIPlugin:80 - create IPUIPlugin
2023-05-28 15:30:02,784 [INFO] IPUIPlugin:80 - create IPUIPlugin
2023-05-28 15:30:02,784 [INFO] IPUIPlugin:80 - create IPUIPlugin
2023-05-28 15:30:02,785 [INFO] IPUIPlugin:80 - create IPUIPlugin
2023-05-28 15:30:02,785 [INFO] IPUIPlugin:80 - create IPUIPlugin
2023-05-28 15:30:02,786 [INFO] IPUIPlugin:80 - create IPUIPlugin
2023-05-28 15:30:02,786 [INFO] IPUIPlugin:80 - create IPUIPlugin
2023-05-28 15:30:02,787 [INFO] IPUIPlugin:80 - create IPUIPlugin
2023-05-28 15:30:02,788 [INFO] IPUIPlugin:80 - create IPUIPlugin
2023-05-28 15:30:02,788 [INFO] IPUIPlugin:80 - create IPUIPlugin
2023-05-28 15:30:02,840 [INFO] CADModel:165 - CPN selected for project levelSTM32F103RBT6
2023-05-28 15:30:02,840 [INFO] CADModel:114 - Register for checkConnection events
2023-05-28 15:30:02,926 [INFO] OpenFileManager:328 - Restore cursor
2023-05-28 15:41:33,713 [INFO] UtilMem:75 - End SaveConfig() Used Memory: 285003232 Bytes (580911104)
2023-05-28 15:41:35,357 [INFO] UtilMem:75 - End SaveConfig() Used Memory: 219018328 Bytes (580911104)
2023-05-28 15:41:37,919 [INFO] UtilMem:75 - End SaveConfig() Used Memory: 202425272 Bytes (580911104)
2023-05-28 15:41:38,592 [INFO] BlockDiagram:2759 - set Specific Code input for plugin: NVIC
2023-05-28 15:41:38,593 [INFO] BlockDiagram:2759 - set Specific Code input for plugin: USART
2023-05-28 15:41:38,593 [INFO] BlockDiagram:2759 - set Specific Code input for plugin: GPIO
2023-05-28 15:41:38,593 [INFO] BlockDiagram:2759 - set Specific Code input for plugin: RCC
2023-05-28 15:41:38,595 [INFO] CodeGenerator:793 - code generatio: config db path: C:\ST\STM32CubeIDE_1.12.1\STM32CubeIDE\plugins\com.st.stm32cube.common.mx_6.8.1.202304191431\\db\
2023-05-28 15:41:39,434 [INFO] CodeEngine:255 - oldGeneratedFile, D:\workspace\GPIO\MXTmpFiles\license.tmp_save
2023-05-28 15:41:39,840 [INFO] CodeEngine:279 - Generated code: D:\workspace\GPIO\MXTmpFiles\license.tmp
2023-05-28 15:41:40,344 [INFO] CodeEngine:255 - oldGeneratedFile, D:\workspace\GPIO\MXTmpFiles\gpio.tmp_save
2023-05-28 15:41:40,622 [INFO] CodeEngine:279 - Generated code: D:\workspace\GPIO\MXTmpFiles\gpio.tmp
2023-05-28 15:41:40,908 [INFO] CodeEngine:255 - oldGeneratedFile, D:\workspace\GPIO\Core\Src\stm32f1xx_it.c_save
2023-05-28 15:41:41,580 [INFO] CodeEngine:279 - Generated code: D:\workspace\GPIO\Core\Src\stm32f1xx_it.c
2023-05-28 15:41:41,611 [INFO] CodeEngine:255 - oldGeneratedFile, D:\workspace\GPIO\Core\Inc\stm32f1xx_it.h_save
2023-05-28 15:41:41,832 [INFO] CodeEngine:279 - Generated code: D:\workspace\GPIO\Core\Inc\stm32f1xx_it.h
2023-05-28 15:41:41,904 [INFO] CodeEngine:255 - oldGeneratedFile, D:\workspace\GPIO\Core\Src\stm32f1xx_hal_msp.c_save
2023-05-28 15:41:42,379 [INFO] CodeEngine:279 - Generated code: D:\workspace\GPIO\Core\Src\stm32f1xx_hal_msp.c
2023-05-28 15:41:42,390 [INFO] CodeEngine:255 - oldGeneratedFile, D:\workspace\GPIO\MXTmpFiles\system.tmp_save
2023-05-28 15:41:42,641 [INFO] CodeEngine:279 - Generated code: D:\workspace\GPIO\MXTmpFiles\system.tmp
2023-05-28 15:41:42,669 [INFO] CodeEngine:311 - oldGeneratedFile, D:\workspace\GPIO\Core\Inc\stm32f1xx_hal_conf.h_save
2023-05-28 15:41:42,916 [INFO] CodeEngine:335 - Generated code: D:\workspace\GPIO\Core\Inc\stm32f1xx_hal_conf.h
2023-05-28 15:41:42,990 [INFO] CodeEngine:255 - oldGeneratedFile, D:\workspace\GPIO\Core\Inc\main.h_save
2023-05-28 15:41:43,308 [INFO] CodeEngine:279 - Generated code: D:\workspace\GPIO\Core\Inc\main.h
2023-05-28 15:41:43,321 [INFO] CodeEngine:255 - oldGeneratedFile, D:\workspace\GPIO\Core\Src\main.c_save
2023-05-28 15:41:43,673 [INFO] CodeEngine:279 - Generated code: D:\workspace\GPIO\Core\Src\main.c
2023-05-28 15:41:45,418 [INFO] ProjectBuilder:2996 - Time for Copy HAL[1] : 538mS.
2023-05-28 15:41:45,430 [INFO] ProjectBuilder:4304 - Project Generator version: 3.19.2
2023-05-28 15:41:46,288 [INFO] ConfigFileManager:1483 - The Die is : DIE410
2023-05-28 15:41:46,295 [INFO] ApiDbMcu:507 - Load IP Config File for FATFS
2023-05-28 15:41:46,307 [INFO] ApiDbMcu:507 - Load IP Config File for FREERTOS
2023-05-28 15:41:46,320 [INFO] ApiDbMcu:507 - Load IP Config File for USB_DEVICE
2023-05-28 15:41:50,583 [INFO] ProjectBuilder:4505 - Time for Generating toolchain IDE Files: 5153mS.
2023-05-28 15:41:50,586 [INFO] ProjectBuilder:2867 - Time for Copy CMSIS : 1mS.
2023-05-28 15:41:50,592 [INFO] ProjectBuilder:2867 - Time for Copy CMSIS : 0mS.
2023-05-28 15:53:48,731 [INFO] MainUpdater:2854 - connection check result : 10
2023-05-28 15:53:48,732 [INFO] MainUpdater:2854 - connection check result : 10
2023-05-28 15:53:48,830 [INFO] MicroXplorer:468 - Change Database Path : 
2023-05-28 15:53:48,830 [INFO] MicroXplorer:498 - Change Database Version : DB.6.0.81
2023-05-28 15:53:48,889 [WARN] ThirdParty:871 - waiting for thirdparty lock release [close project]
2023-05-28 15:53:48,890 [INFO] ThirdParty:873 - entering critical section [close project]
2023-05-28 15:53:48,890 [INFO] ThirdParty:883 - exiting critical section [close project]
2023-05-28 15:53:48,893 [INFO] PinOutPanel:1499 - setPackage(No Configuration,No Configuration)
2023-05-28 15:53:48,904 [INFO] UtilMem:75 - Begin LoadConfig() Used Memory: 303552352 Bytes (603979776)
2023-05-28 15:53:48,905 [INFO] MicroXplorer:468 - Change Database Path : 
2023-05-28 15:53:48,905 [INFO] MicroXplorer:498 - Change Database Version : DB.6.0.81
2023-05-28 15:53:48,906 [INFO] OpenFileManager:308 - Change cursor
2023-05-28 15:53:49,092 [INFO] RulesReader:64 - Compatibility file has been processed (293 Rules)
2023-05-28 15:53:49,287 [INFO] Mcu:1937 - Initializing MCU STM32F103R(8-B)Tx STM32F103RBTx STM32F103RBT6
2023-05-28 15:53:53,123 [INFO] Context:659 - Trying to add GPIOservice into a context  which must be forbidden
2023-05-28 15:53:53,711 [INFO] RtosManager:555 - Registered RTOS mode: class=CMSIS, group=RTOS, mode=CMSIS_V1, owner=FREERTOS
2023-05-28 15:53:53,711 [INFO] RtosManager:555 - Registered RTOS mode: class=CMSIS, group=RTOS2, mode=CMSIS_V2, owner=FREERTOS
2023-05-28 15:53:53,712 [INFO] RtosManager:555 - Registered RTOS mode: class=RTOS, group=Core, mode=CMSIS_V1, owner=FREERTOS
2023-05-28 15:53:53,712 [INFO] RtosManager:555 - Registered RTOS mode: class=RTOS, group=Core, mode=CMSIS_V2, owner=FREERTOS
2023-05-28 15:53:53,712 [WARN] ModelIntegratedComponent:184 - Missing modes for component STMicroelectronics:FreeRTOS:0.0.1:STMicroelectronics:RTOS:FreeRTOS:Core:::10.2.0:
2023-05-28 15:53:53,742 [WARN] ModelIntegratedComponent:63 - No mode defined for component null
2023-05-28 15:53:53,742 [WARN] ModelIntegratedComponent:63 - No mode defined for component null
2023-05-28 15:53:53,742 [WARN] ModelIntegratedComponent:63 - No mode defined for component null
2023-05-28 15:53:53,742 [WARN] ModelIntegratedComponent:63 - No mode defined for component null
2023-05-28 15:53:53,743 [WARN] ModelIntegratedComponent:63 - No mode defined for component null
2023-05-28 15:53:53,743 [WARN] ModelIntegratedComponent:63 - No mode defined for component null
2023-05-28 15:53:53,743 [WARN] ModelIntegratedComponent:63 - No mode defined for component null
2023-05-28 15:53:53,743 [WARN] ModelIntegratedComponent:63 - No mode defined for component null
2023-05-28 15:53:53,743 [WARN] ModelIntegratedComponent:63 - No mode defined for component null
2023-05-28 15:53:53,743 [WARN] ModelIntegratedComponent:63 - No mode defined for component null
2023-05-28 15:53:53,743 [WARN] ModelIntegratedComponent:63 - No mode defined for component null
2023-05-28 15:53:53,744 [WARN] ModelIntegratedComponent:63 - No mode defined for component null
2023-05-28 15:53:53,744 [WARN] ModelIntegratedComponent:63 - No mode defined for component null
2023-05-28 15:53:53,744 [WARN] ModelIntegratedComponent:63 - No mode defined for component null
2023-05-28 15:53:53,744 [WARN] ModelIntegratedComponent:63 - No mode defined for component null
2023-05-28 15:53:53,744 [WARN] ModelIntegratedComponent:63 - No mode defined for component null
2023-05-28 15:53:53,744 [WARN] ModelIntegratedComponent:63 - No mode defined for component null
2023-05-28 15:53:53,744 [WARN] ModelIntegratedComponent:63 - No mode defined for component null
2023-05-28 15:53:53,744 [WARN] ModelIntegratedComponent:63 - No mode defined for component null
2023-05-28 15:53:53,745 [WARN] ModelIntegratedComponent:63 - No mode defined for component null
2023-05-28 15:53:53,745 [WARN] ModelIntegratedComponent:63 - No mode defined for component null
2023-05-28 15:53:53,745 [WARN] ModelIntegratedComponent:63 - No mode defined for component null
2023-05-28 15:53:53,745 [WARN] ModelIntegratedComponent:63 - No mode defined for component null
2023-05-28 15:53:53,745 [WARN] ModelIntegratedComponent:63 - No mode defined for component null
2023-05-28 15:53:53,746 [WARN] ModelIntegratedComponent:63 - No mode defined for component null
2023-05-28 15:53:53,746 [WARN] ModelIntegratedComponent:63 - No mode defined for component null
2023-05-28 15:53:53,746 [WARN] ModelIntegratedComponent:63 - No mode defined for component null
2023-05-28 15:53:53,746 [WARN] ModelIntegratedComponent:63 - No mode defined for component null
2023-05-28 15:53:53,746 [WARN] ModelIntegratedComponent:63 - No mode defined for component null
2023-05-28 15:53:53,746 [WARN] ModelIntegratedComponent:63 - No mode defined for component null
2023-05-28 15:53:53,746 [WARN] ModelIntegratedComponent:63 - No mode defined for component null
2023-05-28 15:53:53,746 [WARN] ModelIntegratedComponent:63 - No mode defined for component null
2023-05-28 15:53:53,747 [WARN] ModelIntegratedComponent:63 - No mode defined for component null
2023-05-28 15:53:53,794 [INFO] ThirdPartyModel:298 - Start build external matchings
2023-05-28 15:53:54,515 [INFO] ThirdPartyModel:316 - End build external matchings
2023-05-28 15:53:54,597 [INFO] ImportTextPane:194 - (OptionalMessage_ERROR) IP (RCC) : Parameter (ADCFreqValue) has invalid value (36000000)
2023-05-28 15:53:54,597 [INFO] ImportTextPane:194 - (OptionalMessage_ERROR) IP (RCC) : Invalid parameter (FamilyName)
2023-05-28 15:53:54,598 [INFO] ImportTextPane:194 - (OptionalMessage_ERROR) IP (RCC) : Parameter (MCOFreq_Value) has invalid value (72000000)
2023-05-28 15:53:54,598 [INFO] ImportTextPane:194 - (OptionalMessage_ERROR) IP (RCC) : Parameter (USBFreq_Value) has invalid value (72000000)
2023-05-28 15:53:55,100 [INFO] UtilMem:75 - End LoadConfig() Used Memory: 258007232 Bytes (603979776)
2023-05-28 15:53:55,217 [WARN] ThirdParty:833 - waiting for thirdparty lock release [change project]
2023-05-28 15:53:55,218 [INFO] ThirdParty:835 - entering critical section [change project]
2023-05-28 15:53:55,218 [INFO] ThirdParty:1030 - CMSIS Pack Vendor :STMicroelectronics X-CUBE-ISPU 1.1.0
2023-05-28 15:53:55,219 [INFO] ThirdParty:1030 - CMSIS Pack Vendor :STMicroelectronics X-CUBE-GNSS1 6.0.0
2023-05-28 15:53:55,219 [INFO] ThirdParty:1030 - CMSIS Pack Vendor :STMicroelectronics USB_HOST 2.0.0
2023-05-28 15:53:55,219 [INFO] ThirdParty:1030 - CMSIS Pack Vendor :STMicroelectronics X-CUBE-AZRTOS-F4 1.1.0
2023-05-28 15:53:55,220 [INFO] ThirdParty:1030 - CMSIS Pack Vendor :STMicroelectronics LIBJPEG 8.0.0
2023-05-28 15:53:55,220 [INFO] ThirdParty:1030 - CMSIS Pack Vendor :STMicroelectronics X-CUBE-SMBUS 2.1.0
2023-05-28 15:53:55,220 [INFO] ThirdParty:1030 - CMSIS Pack Vendor :wolfSSL I-CUBE-wolfSSL 5.6.0
2023-05-28 15:53:55,220 [INFO] ThirdParty:1030 - CMSIS Pack Vendor :STMicroelectronics USB_DEVICE 3.0.0
2023-05-28 15:53:55,221 [INFO] ThirdParty:1030 - CMSIS Pack Vendor :STMicroelectronics X-CUBE-FREERTOS 1.0.1
2023-05-28 15:53:55,221 [INFO] ThirdParty:1030 - CMSIS Pack Vendor :STMicroelectronics X-CUBE-AZRTOS-F7 1.1.0
2023-05-28 15:53:55,221 [INFO] ThirdParty:1030 - CMSIS Pack Vendor :STMicroelectronics X-CUBE-TOUCHGFX 4.21.4
2023-05-28 15:53:55,221 [INFO] ThirdParty:1030 - CMSIS Pack Vendor :STMicroelectronics USB_DEVICE 2.0.0
2023-05-28 15:53:55,221 [INFO] ThirdParty:1030 - CMSIS Pack Vendor :STMicroelectronics X-CUBE-MEMS1 9.6.0
2023-05-28 15:53:55,221 [INFO] ThirdParty:1030 - CMSIS Pack Vendor :STMicroelectronics FP-SNS-MOTENV1 4.3.0
2023-05-28 15:53:55,221 [INFO] ThirdParty:1030 - CMSIS Pack Vendor :STMicroelectronics FP-SNS-FLIGHT1 5.0.0
2023-05-28 15:53:55,221 [INFO] ThirdParty:1030 - CMSIS Pack Vendor :STMicroelectronics FP-SNS-MOTENV1 4.3.1
2023-05-28 15:53:55,222 [INFO] ThirdParty:1030 - CMSIS Pack Vendor :STMicroelectronics FP-SNS-FLIGHT1 5.0.1
2023-05-28 15:53:55,222 [INFO] ThirdParty:1030 - CMSIS Pack Vendor :STMicroelectronics X-CUBE-ALGOBUILD 1.3.0
2023-05-28 15:53:55,222 [INFO] ThirdParty:1030 - CMSIS Pack Vendor :STMicroelectronics X-CUBE-BLE1 6.2.4
2023-05-28 15:53:55,222 [INFO] ThirdParty:1030 - CMSIS Pack Vendor :STMicroelectronics X-CUBE-AZRTOS-L5 1.1.0
2023-05-28 15:53:55,222 [INFO] ThirdParty:1030 - CMSIS Pack Vendor :STMicroelectronics FreeRTOS 0.0.1
2023-05-28 15:53:55,222 [INFO] ThirdParty:1030 - CMSIS Pack Vendor :emotas I-CUBE-CANOPEN 1.1.3
2023-05-28 15:53:55,222 [INFO] ThirdParty:1030 - CMSIS Pack Vendor :STMicroelectronics X-CUBE-AZRTOS-G0 1.1.0
2023-05-28 15:53:55,222 [INFO] ThirdParty:1030 - CMSIS Pack Vendor :STMicroelectronics X-CUBE-BLEMGR 2.0.0
2023-05-28 15:53:55,223 [INFO] ThirdParty:1030 - CMSIS Pack Vendor :STMicroelectronics X-CUBE-AI 8.0.1
2023-05-28 15:53:55,223 [INFO] ThirdParty:1030 - CMSIS Pack Vendor :STMicroelectronics X-CUBE-SUBG2 5.0.0
2023-05-28 15:53:55,223 [INFO] ThirdParty:1030 - CMSIS Pack Vendor :STMicroelectronics X-CUBE-NFC4 3.0.0
2023-05-28 15:53:55,223 [INFO] ThirdParty:1030 - CMSIS Pack Vendor :STMicroelectronics STM32_WPAN 1.0.0
2023-05-28 15:53:55,223 [INFO] ThirdParty:1030 - CMSIS Pack Vendor :STMicroelectronics lwIP 2.0.3
2023-05-28 15:53:55,223 [INFO] ThirdParty:1030 - CMSIS Pack Vendor :STMicroelectronics USB_HOST 1.0.0
2023-05-28 15:53:55,223 [INFO] ThirdParty:1030 - CMSIS Pack Vendor :STMicroelectronics X-CUBE-AZRTOS-G4 2.0.0
2023-05-28 15:53:55,224 [INFO] ThirdParty:1030 - CMSIS Pack Vendor :STMicroelectronics PDM2PCM 3.1.0
2023-05-28 15:53:55,224 [INFO] ThirdParty:1030 - CMSIS Pack Vendor :STMicroelectronics X-CUBE-AZRTOS-H7 3.1.0
2023-05-28 15:53:55,224 [INFO] ThirdParty:1030 - CMSIS Pack Vendor :STMicroelectronics X-CUBE-TOF1 3.3.0
2023-05-28 15:53:55,224 [INFO] ThirdParty:1030 - CMSIS Pack Vendor :STMicroelectronics PDM2PCM 3.3.0
2023-05-28 15:53:55,224 [INFO] ThirdParty:1030 - CMSIS Pack Vendor :STMicroelectronics X-CUBE-DISPLAY 3.0.0
2023-05-28 15:53:55,225 [INFO] ThirdParty:1030 - CMSIS Pack Vendor :STMicroelectronics FP-ATR-SIGFOX1 3.2.0
2023-05-28 15:53:55,225 [INFO] ThirdParty:1030 - CMSIS Pack Vendor :STMicroelectronics X-CUBE-AZRTOS-L4 1.0.0
2023-05-28 15:53:55,225 [INFO] ThirdParty:1030 - CMSIS Pack Vendor :STMicroelectronics HAL Drivers 0.0.0
2023-05-28 15:53:55,225 [INFO] ThirdParty:1030 - CMSIS Pack Vendor :STMicroelectronics MBEDTLS 2.16.2
2023-05-28 15:53:55,225 [INFO] ThirdParty:1030 - CMSIS Pack Vendor :STMicroelectronics MBEDTLS 2.14.1
2023-05-28 15:53:55,226 [INFO] ThirdParty:1030 - CMSIS Pack Vendor :STMicroelectronics X-CUBE-NFC7 1.0.0
2023-05-28 15:53:55,226 [INFO] ThirdParty:1030 - CMSIS Pack Vendor :STMicroelectronics X-CUBE-AZRTOS-WL 1.0.0
2023-05-28 15:53:55,226 [INFO] ThirdParty:1030 - CMSIS Pack Vendor :STMicroelectronics X-CUBE-EEPRMA1 4.1.0
2023-05-28 15:53:55,226 [INFO] ThirdParty:1030 - CMSIS Pack Vendor :portGmbH I-Cube-SoM-uGOAL 1.1.0
2023-05-28 15:53:55,226 [INFO] ThirdParty:1030 - CMSIS Pack Vendor :STMicroelectronics X-CUBE-ALS 1.0.1
2023-05-28 15:53:55,227 [INFO] ThirdParty:1030 - CMSIS Pack Vendor :STMicroelectronics ThreadX 1.0.0
2023-05-28 15:53:55,227 [INFO] ThirdParty:1030 - CMSIS Pack Vendor :STMicroelectronics X-CUBE-AZRTOS-WB 1.1.0
2023-05-28 15:53:55,227 [INFO] ThirdParty:1030 - CMSIS Pack Vendor :SEGGER I-CUBE-embOS 1.3.1
2023-05-28 15:53:55,227 [INFO] ThirdParty:1030 - CMSIS Pack Vendor :STMicroelectronics USB_DEVICE 1.0.0
2023-05-28 15:53:55,227 [INFO] ThirdParty:1030 - CMSIS Pack Vendor :STMicroelectronics X-CUBE-AZRTOS-L4 2.0.0
2023-05-28 15:53:55,227 [INFO] ThirdParty:1030 - CMSIS Pack Vendor :STMicroelectronics ThreadX 0.0.2
2023-05-28 15:53:55,228 [INFO] ThirdParty:1030 - CMSIS Pack Vendor :WES I-CUBE-Cesium 1.3.0
2023-05-28 15:53:55,228 [INFO] ThirdParty:1030 - CMSIS Pack Vendor :STMicroelectronics FP-ATR-ASTRA1 2.0.0
2023-05-28 15:53:55,228 [INFO] ThirdParty:1030 - CMSIS Pack Vendor :STMicroelectronics lwIP 2.1.2
2023-05-28 15:53:55,228 [INFO] ThirdParty:1030 - CMSIS Pack Vendor :STMicroelectronics X-CUBE-SFXS2LP1 4.0.0
2023-05-28 15:53:55,228 [INFO] ThirdParty:1030 - CMSIS Pack Vendor :STMicroelectronics X-CUBE-BLE2 3.3.0
2023-05-28 15:53:55,231 [INFO] ThirdParty:1030 - CMSIS Pack Vendor :STMicroelectronics PDM2PCM 3.2.0
2023-05-28 15:53:55,231 [INFO] ThirdParty:841 - exiting critical section [change project]
2023-05-28 15:53:55,550 [INFO] PinOutPanel:1499 - setPackage(No Configuration,No Configuration)
2023-05-28 15:53:55,553 [INFO] PinOutPanel:1499 - setPackage(STM32F103RBTx,LQFP64)
2023-05-28 15:53:56,194 [INFO] UtilMem:75 - Before build in PCC Used Memory: 272796448 Bytes (603979776)
2023-05-28 15:53:56,976 [INFO] UtilMem:75 - After build in PCC Used Memory: 314954016 Bytes (603979776)
2023-05-28 15:53:57,022 [INFO] IPUIPlugin:80 - create IPUIPlugin
2023-05-28 15:53:57,022 [INFO] IPUIPlugin:80 - create IPUIPlugin
2023-05-28 15:53:57,023 [INFO] IPUIPlugin:80 - create IPUIPlugin
2023-05-28 15:53:57,024 [INFO] IPUIPlugin:80 - create IPUIPlugin
2023-05-28 15:53:57,024 [INFO] IPUIPlugin:80 - create IPUIPlugin
2023-05-28 15:53:57,024 [INFO] IPUIPlugin:80 - create IPUIPlugin
2023-05-28 15:53:57,025 [INFO] IPUIPlugin:80 - create IPUIPlugin
2023-05-28 15:53:57,025 [INFO] IPUIPlugin:80 - create IPUIPlugin
2023-05-28 15:53:57,032 [INFO] IPUIPlugin:80 - create IPUIPlugin
2023-05-28 15:53:57,032 [INFO] IPUIPlugin:80 - create IPUIPlugin
2023-05-28 15:53:57,033 [INFO] IPUIPlugin:80 - create IPUIPlugin
2023-05-28 15:53:57,034 [INFO] IPUIPlugin:80 - create IPUIPlugin
2023-05-28 15:53:57,034 [INFO] IPUIPlugin:80 - create IPUIPlugin
2023-05-28 15:53:57,035 [INFO] IPUIPlugin:80 - create IPUIPlugin
2023-05-28 15:53:57,035 [INFO] IPUIPlugin:80 - create IPUIPlugin
2023-05-28 15:53:57,036 [INFO] IPUIPlugin:80 - create IPUIPlugin
2023-05-28 15:53:57,036 [INFO] IPUIPlugin:80 - create IPUIPlugin
2023-05-28 15:53:57,037 [INFO] IPUIPlugin:80 - create IPUIPlugin
2023-05-28 15:53:57,037 [INFO] IPUIPlugin:80 - create IPUIPlugin
2023-05-28 15:53:57,039 [INFO] IPUIPlugin:80 - create IPUIPlugin
2023-05-28 15:53:57,039 [INFO] IPUIPlugin:80 - create IPUIPlugin
2023-05-28 15:53:57,039 [INFO] IPUIPlugin:80 - create IPUIPlugin
2023-05-28 15:53:57,039 [INFO] IPUIPlugin:80 - create IPUIPlugin
2023-05-28 15:53:57,040 [INFO] IPUIPlugin:80 - create IPUIPlugin
2023-05-28 15:53:57,041 [INFO] IPUIPlugin:80 - create IPUIPlugin
2023-05-28 15:53:57,041 [INFO] IPUIPlugin:80 - create IPUIPlugin
2023-05-28 15:53:57,042 [INFO] IPUIPlugin:80 - create IPUIPlugin
2023-05-28 15:53:57,138 [INFO] CADModel:165 - CPN selected for project levelSTM32F103RBT6
2023-05-28 15:53:57,138 [INFO] CADModel:114 - Register for checkConnection events
2023-05-28 15:53:57,265 [INFO] OpenFileManager:328 - Restore cursor
