2023-06-03 19:03:04,745 [INFO] MainUpdater:2854 - connection check result : 10
2023-06-03 19:03:04,759 [INFO] MainUpdater:2854 - connection check result : 10
2023-06-03 19:03:04,836 [INFO] MicroXplorer:468 - Change Database Path : 
2023-06-03 19:03:04,837 [INFO] MicroXplorer:498 - Change Database Version : DB.6.0.81
2023-06-03 19:03:04,911 [WARN] ThirdParty:871 - waiting for thirdparty lock release [close project]
2023-06-03 19:03:04,911 [INFO] ThirdParty:873 - entering critical section [close project]
2023-06-03 19:03:04,911 [INFO] ThirdParty:883 - exiting critical section [close project]
2023-06-03 19:03:04,914 [INFO] PinOutPanel:1499 - setPackage(No Configuration,No Configuration)
2023-06-03 19:03:04,929 [INFO] UtilMem:75 - Begin LoadConfig() Used Memory: 449881000 Bytes (620756992)
2023-06-03 19:03:04,930 [INFO] MicroXplorer:468 - Change Database Path : 
2023-06-03 19:03:04,931 [INFO] MicroXplorer:498 - Change Database Version : DB.6.0.81
2023-06-03 19:03:04,931 [INFO] OpenFileManager:308 - Change cursor
2023-06-03 19:03:04,969 [INFO] RulesReader:64 - Compatibility file has been processed (293 Rules)
2023-06-03 19:03:04,987 [INFO] Mcu:1937 - Initializing MCU STM32F103R(8-B)Tx STM32F103RBTx STM32F103RBT6
2023-06-03 19:03:06,704 [INFO] Context:659 - Trying to add GPIOservice into a context  which must be forbidden
2023-06-03 19:03:07,116 [INFO] RtosManager:555 - Registered RTOS mode: class=CMSIS, group=RTOS, mode=CMSIS_V1, owner=FREERTOS
2023-06-03 19:03:07,116 [INFO] RtosManager:555 - Registered RTOS mode: class=CMSIS, group=RTOS2, mode=CMSIS_V2, owner=FREERTOS
2023-06-03 19:03:07,119 [INFO] RtosManager:555 - Registered RTOS mode: class=RTOS, group=Core, mode=CMSIS_V1, owner=FREERTOS
2023-06-03 19:03:07,119 [INFO] RtosManager:555 - Registered RTOS mode: class=RTOS, group=Core, mode=CMSIS_V2, owner=FREERTOS
2023-06-03 19:03:07,120 [WARN] ModelIntegratedComponent:184 - Missing modes for component STMicroelectronics:FreeRTOS:0.0.1:STMicroelectronics:RTOS:FreeRTOS:Core:::10.2.0:
2023-06-03 19:03:07,137 [WARN] ModelIntegratedComponent:63 - No mode defined for component null
2023-06-03 19:03:07,137 [WARN] ModelIntegratedComponent:63 - No mode defined for component null
2023-06-03 19:03:07,138 [WARN] ModelIntegratedComponent:63 - No mode defined for component null
2023-06-03 19:03:07,138 [WARN] ModelIntegratedComponent:63 - No mode defined for component null
2023-06-03 19:03:07,138 [WARN] ModelIntegratedComponent:63 - No mode defined for component null
2023-06-03 19:03:07,138 [WARN] ModelIntegratedComponent:63 - No mode defined for component null
2023-06-03 19:03:07,138 [WARN] ModelIntegratedComponent:63 - No mode defined for component null
2023-06-03 19:03:07,138 [WARN] ModelIntegratedComponent:63 - No mode defined for component null
2023-06-03 19:03:07,138 [WARN] ModelIntegratedComponent:63 - No mode defined for component null
2023-06-03 19:03:07,139 [WARN] ModelIntegratedComponent:63 - No mode defined for component null
2023-06-03 19:03:07,139 [WARN] ModelIntegratedComponent:63 - No mode defined for component null
2023-06-03 19:03:07,139 [WARN] ModelIntegratedComponent:63 - No mode defined for component null
2023-06-03 19:03:07,139 [WARN] ModelIntegratedComponent:63 - No mode defined for component null
2023-06-03 19:03:07,139 [WARN] ModelIntegratedComponent:63 - No mode defined for component null
2023-06-03 19:03:07,139 [WARN] ModelIntegratedComponent:63 - No mode defined for component null
2023-06-03 19:03:07,139 [WARN] ModelIntegratedComponent:63 - No mode defined for component null
2023-06-03 19:03:07,139 [WARN] ModelIntegratedComponent:63 - No mode defined for component null
2023-06-03 19:03:07,140 [WARN] ModelIntegratedComponent:63 - No mode defined for component null
2023-06-03 19:03:07,140 [WARN] ModelIntegratedComponent:63 - No mode defined for component null
2023-06-03 19:03:07,140 [WARN] ModelIntegratedComponent:63 - No mode defined for component null
2023-06-03 19:03:07,140 [WARN] ModelIntegratedComponent:63 - No mode defined for component null
2023-06-03 19:03:07,140 [WARN] ModelIntegratedComponent:63 - No mode defined for component null
2023-06-03 19:03:07,140 [WARN] ModelIntegratedComponent:63 - No mode defined for component null
2023-06-03 19:03:07,140 [WARN] ModelIntegratedComponent:63 - No mode defined for component null
2023-06-03 19:03:07,140 [WARN] ModelIntegratedComponent:63 - No mode defined for component null
2023-06-03 19:03:07,140 [WARN] ModelIntegratedComponent:63 - No mode defined for component null
2023-06-03 19:03:07,141 [WARN] ModelIntegratedComponent:63 - No mode defined for component null
2023-06-03 19:03:07,141 [WARN] ModelIntegratedComponent:63 - No mode defined for component null
2023-06-03 19:03:07,141 [WARN] ModelIntegratedComponent:63 - No mode defined for component null
2023-06-03 19:03:07,141 [WARN] ModelIntegratedComponent:63 - No mode defined for component null
2023-06-03 19:03:07,141 [WARN] ModelIntegratedComponent:63 - No mode defined for component null
2023-06-03 19:03:07,141 [WARN] ModelIntegratedComponent:63 - No mode defined for component null
2023-06-03 19:03:07,141 [WARN] ModelIntegratedComponent:63 - No mode defined for component null
2023-06-03 19:03:07,157 [INFO] ThirdPartyModel:298 - Start build external matchings
2023-06-03 19:03:07,608 [INFO] ThirdPartyModel:316 - End build external matchings
2023-06-03 19:03:07,628 [INFO] ImportTextPane:194 - (OptionalMessage_ERROR) IP (RCC) : Parameter (ADCFreqValue) has invalid value (36000000)
2023-06-03 19:03:07,628 [INFO] ImportTextPane:194 - (OptionalMessage_ERROR) IP (RCC) : Invalid parameter (FamilyName)
2023-06-03 19:03:07,628 [INFO] ImportTextPane:194 - (OptionalMessage_ERROR) IP (RCC) : Parameter (MCOFreq_Value) has invalid value (72000000)
2023-06-03 19:03:07,629 [INFO] ImportTextPane:194 - (OptionalMessage_ERROR) IP (RCC) : Parameter (USBFreq_Value) has invalid value (72000000)
2023-06-03 19:03:08,185 [INFO] UtilMem:75 - End LoadConfig() Used Memory: 372859176 Bytes (620756992)
2023-06-03 19:03:08,251 [WARN] ThirdParty:833 - waiting for thirdparty lock release [change project]
2023-06-03 19:03:08,256 [INFO] ThirdParty:835 - entering critical section [change project]
2023-06-03 19:03:08,257 [INFO] ThirdParty:1030 - CMSIS Pack Vendor :STMicroelectronics X-CUBE-ISPU 1.1.0
2023-06-03 19:03:08,257 [INFO] ThirdParty:1030 - CMSIS Pack Vendor :STMicroelectronics X-CUBE-GNSS1 6.0.0
2023-06-03 19:03:08,257 [INFO] ThirdParty:1030 - CMSIS Pack Vendor :STMicroelectronics USB_HOST 2.0.0
2023-06-03 19:03:08,257 [INFO] ThirdParty:1030 - CMSIS Pack Vendor :STMicroelectronics X-CUBE-AZRTOS-F4 1.1.0
2023-06-03 19:03:08,257 [INFO] ThirdParty:1030 - CMSIS Pack Vendor :STMicroelectronics LIBJPEG 8.0.0
2023-06-03 19:03:08,257 [INFO] ThirdParty:1030 - CMSIS Pack Vendor :STMicroelectronics X-CUBE-SMBUS 2.1.0
2023-06-03 19:03:08,257 [INFO] ThirdParty:1030 - CMSIS Pack Vendor :wolfSSL I-CUBE-wolfSSL 5.6.0
2023-06-03 19:03:08,257 [INFO] ThirdParty:1030 - CMSIS Pack Vendor :STMicroelectronics USB_DEVICE 3.0.0
2023-06-03 19:03:08,258 [INFO] ThirdParty:1030 - CMSIS Pack Vendor :STMicroelectronics X-CUBE-FREERTOS 1.0.1
2023-06-03 19:03:08,258 [INFO] ThirdParty:1030 - CMSIS Pack Vendor :STMicroelectronics X-CUBE-AZRTOS-F7 1.1.0
2023-06-03 19:03:08,258 [INFO] ThirdParty:1030 - CMSIS Pack Vendor :STMicroelectronics X-CUBE-TOUCHGFX 4.21.4
2023-06-03 19:03:08,258 [INFO] ThirdParty:1030 - CMSIS Pack Vendor :STMicroelectronics USB_DEVICE 2.0.0
2023-06-03 19:03:08,258 [INFO] ThirdParty:1030 - CMSIS Pack Vendor :STMicroelectronics X-CUBE-MEMS1 9.6.0
2023-06-03 19:03:08,258 [INFO] ThirdParty:1030 - CMSIS Pack Vendor :STMicroelectronics FP-SNS-MOTENV1 4.3.0
2023-06-03 19:03:08,258 [INFO] ThirdParty:1030 - CMSIS Pack Vendor :STMicroelectronics FP-SNS-FLIGHT1 5.0.0
2023-06-03 19:03:08,259 [INFO] ThirdParty:1030 - CMSIS Pack Vendor :STMicroelectronics FP-SNS-MOTENV1 4.3.1
2023-06-03 19:03:08,259 [INFO] ThirdParty:1030 - CMSIS Pack Vendor :STMicroelectronics FP-SNS-FLIGHT1 5.0.1
2023-06-03 19:03:08,259 [INFO] ThirdParty:1030 - CMSIS Pack Vendor :STMicroelectronics X-CUBE-ALGOBUILD 1.3.0
2023-06-03 19:03:08,259 [INFO] ThirdParty:1030 - CMSIS Pack Vendor :STMicroelectronics X-CUBE-BLE1 6.2.4
2023-06-03 19:03:08,259 [INFO] ThirdParty:1030 - CMSIS Pack Vendor :STMicroelectronics X-CUBE-AZRTOS-L5 1.1.0
2023-06-03 19:03:08,259 [INFO] ThirdParty:1030 - CMSIS Pack Vendor :STMicroelectronics FreeRTOS 0.0.1
2023-06-03 19:03:08,259 [INFO] ThirdParty:1030 - CMSIS Pack Vendor :emotas I-CUBE-CANOPEN 1.1.3
2023-06-03 19:03:08,259 [INFO] ThirdParty:1030 - CMSIS Pack Vendor :STMicroelectronics X-CUBE-AZRTOS-G0 1.1.0
2023-06-03 19:03:08,259 [INFO] ThirdParty:1030 - CMSIS Pack Vendor :STMicroelectronics X-CUBE-BLEMGR 2.0.0
2023-06-03 19:03:08,259 [INFO] ThirdParty:1030 - CMSIS Pack Vendor :STMicroelectronics X-CUBE-AI 8.0.1
2023-06-03 19:03:08,259 [INFO] ThirdParty:1030 - CMSIS Pack Vendor :STMicroelectronics X-CUBE-SUBG2 5.0.0
2023-06-03 19:03:08,259 [INFO] ThirdParty:1030 - CMSIS Pack Vendor :STMicroelectronics X-CUBE-NFC4 3.0.0
2023-06-03 19:03:08,259 [INFO] ThirdParty:1030 - CMSIS Pack Vendor :STMicroelectronics STM32_WPAN 1.0.0
2023-06-03 19:03:08,260 [INFO] ThirdParty:1030 - CMSIS Pack Vendor :STMicroelectronics lwIP 2.0.3
2023-06-03 19:03:08,260 [INFO] ThirdParty:1030 - CMSIS Pack Vendor :STMicroelectronics USB_HOST 1.0.0
2023-06-03 19:03:08,260 [INFO] ThirdParty:1030 - CMSIS Pack Vendor :STMicroelectronics X-CUBE-AZRTOS-G4 2.0.0
2023-06-03 19:03:08,260 [INFO] ThirdParty:1030 - CMSIS Pack Vendor :STMicroelectronics PDM2PCM 3.1.0
2023-06-03 19:03:08,261 [INFO] ThirdParty:1030 - CMSIS Pack Vendor :STMicroelectronics X-CUBE-AZRTOS-H7 3.1.0
2023-06-03 19:03:08,261 [INFO] ThirdParty:1030 - CMSIS Pack Vendor :STMicroelectronics X-CUBE-TOF1 3.3.0
2023-06-03 19:03:08,261 [INFO] ThirdParty:1030 - CMSIS Pack Vendor :STMicroelectronics PDM2PCM 3.3.0
2023-06-03 19:03:08,261 [INFO] ThirdParty:1030 - CMSIS Pack Vendor :STMicroelectronics X-CUBE-DISPLAY 3.0.0
2023-06-03 19:03:08,262 [INFO] ThirdParty:1030 - CMSIS Pack Vendor :STMicroelectronics FP-ATR-SIGFOX1 3.2.0
2023-06-03 19:03:08,262 [INFO] ThirdParty:1030 - CMSIS Pack Vendor :STMicroelectronics X-CUBE-AZRTOS-L4 1.0.0
2023-06-03 19:03:08,262 [INFO] ThirdParty:1030 - CMSIS Pack Vendor :STMicroelectronics HAL Drivers 0.0.0
2023-06-03 19:03:08,262 [INFO] ThirdParty:1030 - CMSIS Pack Vendor :STMicroelectronics MBEDTLS 2.16.2
2023-06-03 19:03:08,262 [INFO] ThirdParty:1030 - CMSIS Pack Vendor :STMicroelectronics MBEDTLS 2.14.1
2023-06-03 19:03:08,262 [INFO] ThirdParty:1030 - CMSIS Pack Vendor :STMicroelectronics X-CUBE-NFC7 1.0.0
2023-06-03 19:03:08,262 [INFO] ThirdParty:1030 - CMSIS Pack Vendor :STMicroelectronics X-CUBE-AZRTOS-WL 1.0.0
2023-06-03 19:03:08,263 [INFO] ThirdParty:1030 - CMSIS Pack Vendor :STMicroelectronics X-CUBE-EEPRMA1 4.1.0
2023-06-03 19:03:08,263 [INFO] ThirdParty:1030 - CMSIS Pack Vendor :portGmbH I-Cube-SoM-uGOAL 1.1.0
2023-06-03 19:03:08,263 [INFO] ThirdParty:1030 - CMSIS Pack Vendor :STMicroelectronics X-CUBE-ALS 1.0.1
2023-06-03 19:03:08,263 [INFO] ThirdParty:1030 - CMSIS Pack Vendor :STMicroelectronics ThreadX 1.0.0
2023-06-03 19:03:08,263 [INFO] ThirdParty:1030 - CMSIS Pack Vendor :STMicroelectronics X-CUBE-AZRTOS-WB 1.1.0
2023-06-03 19:03:08,263 [INFO] ThirdParty:1030 - CMSIS Pack Vendor :SEGGER I-CUBE-embOS 1.3.1
2023-06-03 19:03:08,263 [INFO] ThirdParty:1030 - CMSIS Pack Vendor :STMicroelectronics USB_DEVICE 1.0.0
2023-06-03 19:03:08,263 [INFO] ThirdParty:1030 - CMSIS Pack Vendor :STMicroelectronics X-CUBE-AZRTOS-L4 2.0.0
2023-06-03 19:03:08,263 [INFO] ThirdParty:1030 - CMSIS Pack Vendor :STMicroelectronics ThreadX 0.0.2
2023-06-03 19:03:08,263 [INFO] ThirdParty:1030 - CMSIS Pack Vendor :WES I-CUBE-Cesium 1.3.0
2023-06-03 19:03:08,264 [INFO] ThirdParty:1030 - CMSIS Pack Vendor :STMicroelectronics FP-ATR-ASTRA1 2.0.0
2023-06-03 19:03:08,264 [INFO] ThirdParty:1030 - CMSIS Pack Vendor :STMicroelectronics lwIP 2.1.2
2023-06-03 19:03:08,264 [INFO] ThirdParty:1030 - CMSIS Pack Vendor :STMicroelectronics X-CUBE-SFXS2LP1 4.0.0
2023-06-03 19:03:08,264 [INFO] ThirdParty:1030 - CMSIS Pack Vendor :STMicroelectronics X-CUBE-BLE2 3.3.0
2023-06-03 19:03:08,264 [INFO] ThirdParty:1030 - CMSIS Pack Vendor :STMicroelectronics PDM2PCM 3.2.0
2023-06-03 19:03:08,264 [INFO] ThirdParty:841 - exiting critical section [change project]
2023-06-03 19:03:08,626 [INFO] PinOutPanel:1499 - setPackage(No Configuration,No Configuration)
2023-06-03 19:03:08,628 [INFO] PinOutPanel:1499 - setPackage(STM32F103RBTx,LQFP64)
2023-06-03 19:03:09,235 [INFO] UtilMem:75 - Before build in PCC Used Memory: 257809992 Bytes (620756992)
2023-06-03 19:03:09,658 [INFO] UtilMem:75 - After build in PCC Used Memory: 300801608 Bytes (620756992)
2023-06-03 19:03:09,687 [INFO] IPUIPlugin:80 - create IPUIPlugin
2023-06-03 19:03:09,688 [INFO] IPUIPlugin:80 - create IPUIPlugin
2023-06-03 19:03:09,688 [INFO] IPUIPlugin:80 - create IPUIPlugin
2023-06-03 19:03:09,688 [INFO] IPUIPlugin:80 - create IPUIPlugin
2023-06-03 19:03:09,688 [INFO] IPUIPlugin:80 - create IPUIPlugin
2023-06-03 19:03:09,688 [INFO] IPUIPlugin:80 - create IPUIPlugin
2023-06-03 19:03:09,689 [INFO] IPUIPlugin:80 - create IPUIPlugin
2023-06-03 19:03:09,689 [INFO] IPUIPlugin:80 - create IPUIPlugin
2023-06-03 19:03:09,689 [INFO] IPUIPlugin:80 - create IPUIPlugin
2023-06-03 19:03:09,689 [INFO] IPUIPlugin:80 - create IPUIPlugin
2023-06-03 19:03:09,690 [INFO] IPUIPlugin:80 - create IPUIPlugin
2023-06-03 19:03:09,690 [INFO] IPUIPlugin:80 - create IPUIPlugin
2023-06-03 19:03:09,690 [INFO] IPUIPlugin:80 - create IPUIPlugin
2023-06-03 19:03:09,691 [INFO] IPUIPlugin:80 - create IPUIPlugin
2023-06-03 19:03:09,691 [INFO] IPUIPlugin:80 - create IPUIPlugin
2023-06-03 19:03:09,691 [INFO] IPUIPlugin:80 - create IPUIPlugin
2023-06-03 19:03:09,692 [INFO] IPUIPlugin:80 - create IPUIPlugin
2023-06-03 19:03:09,692 [INFO] IPUIPlugin:80 - create IPUIPlugin
2023-06-03 19:03:09,693 [INFO] IPUIPlugin:80 - create IPUIPlugin
2023-06-03 19:03:09,693 [INFO] IPUIPlugin:80 - create IPUIPlugin
2023-06-03 19:03:09,693 [INFO] IPUIPlugin:80 - create IPUIPlugin
2023-06-03 19:03:09,694 [INFO] IPUIPlugin:80 - create IPUIPlugin
2023-06-03 19:03:09,695 [INFO] IPUIPlugin:80 - create IPUIPlugin
2023-06-03 19:03:09,695 [INFO] IPUIPlugin:80 - create IPUIPlugin
2023-06-03 19:03:09,696 [INFO] IPUIPlugin:80 - create IPUIPlugin
2023-06-03 19:03:09,696 [INFO] IPUIPlugin:80 - create IPUIPlugin
2023-06-03 19:03:09,697 [INFO] IPUIPlugin:80 - create IPUIPlugin
2023-06-03 19:03:09,775 [INFO] CADModel:165 - CPN selected for project levelSTM32F103RBT6
2023-06-03 19:03:09,775 [INFO] CADModel:114 - Register for checkConnection events
2023-06-03 19:03:09,853 [INFO] OpenFileManager:328 - Restore cursor
2023-06-03 19:03:19,771 [INFO] ADCParametersView:116 -                Rank 1 : false
2023-06-03 19:03:19,801 [INFO] ADCParametersView:116 -                Rank 1 : false
2023-06-03 19:03:19,801 [INFO] ADCParametersView:116 -                Rank 1 : false
2023-06-03 19:03:19,802 [INFO] ADCParametersView:116 -                Rank 1 : false
2023-06-03 19:03:19,802 [INFO] ADCParametersView:116 -                Rank 1 : false
2023-06-03 19:03:19,802 [INFO] ADCParametersView:116 -                Rank 1 : false
2023-06-03 19:03:19,802 [INFO] ADCParametersView:116 -                Rank 1 : false
2023-06-03 19:03:19,803 [INFO] ADCParametersView:116 -                Rank 1 : false
2023-06-03 19:03:19,803 [INFO] ADCParametersView:116 -                Rank 1 : false
2023-06-03 19:03:19,803 [INFO] ADCParametersView:116 -                Rank 1 : false
2023-06-03 19:03:19,803 [INFO] ADCParametersView:116 -                Rank 1 : false
2023-06-03 19:03:19,862 [INFO] ADCParametersView:116 -                Rank 1 : false
2023-06-03 19:03:19,963 [INFO] NvicIntPanel:101 - NVIC parent = com.st.microxplorer.plugins.ip.nvic.MultiNvicIntPanel[,0,0,0x0,invalid,layout=javax.swing.BoxLayout,alignmentX=0.0,alignmentY=0.0,border=,flags=9,maximumSize=,minimumSize=,preferredSize=]
2023-06-03 19:03:20,058 [INFO] NvicIntPanel:101 - NVIC parent = com.st.microxplorer.plugins.ip.nvic.MultiNvicIntPanel[,0,0,0x0,invalid,layout=javax.swing.BoxLayout,alignmentX=0.0,alignmentY=0.0,border=,flags=9,maximumSize=,minimumSize=,preferredSize=]
2023-06-03 19:03:20,160 [INFO] NvicIntPanel:101 - NVIC parent = com.st.microxplorer.plugins.ip.nvic.MultiNvicIntPanel[,0,0,0x0,invalid,layout=javax.swing.BoxLayout,alignmentX=0.0,alignmentY=0.0,border=,flags=9,maximumSize=,minimumSize=,preferredSize=]
2023-06-03 19:03:20,215 [INFO] ADCParametersView:116 -                Rank 1 : false
2023-06-03 19:03:20,216 [INFO] ADCParametersView:116 -                Rank 1 : false
2023-06-03 19:03:20,216 [INFO] ADCParametersView:116 -                Rank 1 : false
2023-06-03 19:03:20,216 [INFO] ADCParametersView:116 -                Rank 1 : false
2023-06-03 19:03:20,217 [INFO] ADCParametersView:116 -                Rank 1 : false
2023-06-03 19:03:20,217 [INFO] ADCParametersView:116 -                Rank 1 : false
2023-06-03 19:03:20,217 [INFO] ADCParametersView:116 -                Rank 1 : false
2023-06-03 19:03:20,217 [INFO] ADCParametersView:116 -                Rank 1 : false
2023-06-03 19:03:20,217 [INFO] ADCParametersView:116 -                Rank 1 : false
2023-06-03 19:03:20,217 [INFO] ADCParametersView:116 -                Rank 1 : false
2023-06-03 19:03:20,223 [INFO] ADCParametersView:116 -                Rank 1 : false
2023-06-03 19:03:20,244 [INFO] ADCParametersView:116 -                Rank 1 : false
2023-06-03 19:03:20,244 [INFO] ADCParametersView:116 -                Rank 1 : false
2023-06-03 19:03:20,245 [INFO] ADCParametersView:116 -                Rank 1 : false
2023-06-03 19:03:20,245 [INFO] ADCParametersView:116 -                Rank 1 : false
2023-06-03 19:03:20,245 [INFO] ADCParametersView:116 -                Rank 1 : false
2023-06-03 19:03:20,246 [INFO] ADCParametersView:116 -                Rank 1 : false
2023-06-03 19:03:20,246 [INFO] ADCParametersView:116 -                Rank 1 : false
2023-06-03 19:03:20,246 [INFO] ADCParametersView:116 -                Rank 1 : false
2023-06-03 19:03:20,246 [INFO] ADCParametersView:116 -                Rank 1 : false
2023-06-03 19:03:20,247 [INFO] ADCParametersView:116 -                Rank 1 : false
2023-06-03 19:03:20,255 [INFO] ADCParametersView:116 -                Rank 1 : false
2023-06-03 19:03:54,096 [INFO] ADCParametersView:116 -                Rank 1 : true
2023-06-03 19:04:11,352 [INFO] ADCParametersView:116 -                Rank 1 : true
2023-06-03 19:04:11,357 [INFO] ADCParametersView:116 -                Rank 1 : true
2023-06-03 19:04:11,357 [INFO] ADCParametersView:116 -                Rank 1 : true
2023-06-03 19:04:11,357 [INFO] ADCParametersView:116 -                Rank 1 : true
2023-06-03 19:04:11,357 [INFO] ADCParametersView:116 -                Rank 1 : true
2023-06-03 19:04:11,358 [INFO] ADCParametersView:116 -                Rank 1 : true
2023-06-03 19:04:11,358 [INFO] ADCParametersView:116 -                Rank 1 : true
2023-06-03 19:04:11,358 [INFO] ADCParametersView:116 -                Rank 1 : true
2023-06-03 19:04:11,358 [INFO] ADCParametersView:116 -                Rank 1 : true
2023-06-03 19:04:11,358 [INFO] ADCParametersView:116 -                Rank 1 : true
2023-06-03 19:04:11,364 [INFO] ADCParametersView:116 -                Rank 1 : true
2023-06-03 19:04:11,384 [INFO] ADCParametersView:116 -                Rank 1 : true
2023-06-03 19:04:11,387 [INFO] ADCParametersView:116 -                Rank 1 : true
2023-06-03 19:04:11,387 [INFO] ADCParametersView:116 -                Rank 1 : true
2023-06-03 19:04:11,388 [INFO] ADCParametersView:116 -                Rank 1 : true
2023-06-03 19:04:11,388 [INFO] ADCParametersView:116 -                Rank 1 : true
2023-06-03 19:04:11,388 [INFO] ADCParametersView:116 -                Rank 1 : true
2023-06-03 19:04:11,388 [INFO] ADCParametersView:116 -                Rank 1 : true
2023-06-03 19:04:11,389 [INFO] ADCParametersView:116 -                Rank 1 : true
2023-06-03 19:04:11,389 [INFO] ADCParametersView:116 -                Rank 1 : true
2023-06-03 19:04:11,389 [INFO] ADCParametersView:116 -                Rank 1 : true
2023-06-03 19:04:11,396 [INFO] ADCParametersView:116 -                Rank 1 : true
2023-06-03 19:04:11,427 [INFO] ADCParametersView:116 -                Rank 1 : true
2023-06-03 19:04:11,428 [INFO] ADCParametersView:116 -                Rank 1 : true
2023-06-03 19:04:11,428 [INFO] ADCParametersView:116 -                Rank 1 : true
2023-06-03 19:04:11,429 [INFO] ADCParametersView:116 -                Rank 1 : true
2023-06-03 19:04:11,429 [INFO] ADCParametersView:116 -                Rank 1 : true
2023-06-03 19:04:11,429 [INFO] ADCParametersView:116 -                Rank 1 : true
2023-06-03 19:04:11,429 [INFO] ADCParametersView:116 -                Rank 1 : true
2023-06-03 19:04:11,429 [INFO] ADCParametersView:116 -                Rank 1 : true
2023-06-03 19:04:11,429 [INFO] ADCParametersView:116 -                Rank 1 : true
2023-06-03 19:04:11,429 [INFO] ADCParametersView:116 -                Rank 1 : true
2023-06-03 19:04:11,435 [INFO] ADCParametersView:116 -                Rank 1 : true
2023-06-03 19:12:15,245 [INFO] ADCParametersView:116 -                Rank 1 : true
2023-06-03 19:12:15,253 [INFO] ADCParametersView:116 -                Rank 1 : true
2023-06-03 19:12:15,253 [INFO] ADCParametersView:116 -                Rank 1 : true
2023-06-03 19:12:15,253 [INFO] ADCParametersView:116 -                Rank 1 : true
2023-06-03 19:12:15,254 [INFO] ADCParametersView:116 -                Rank 1 : true
2023-06-03 19:12:15,254 [INFO] ADCParametersView:116 -                Rank 1 : true
2023-06-03 19:12:15,254 [INFO] ADCParametersView:116 -                Rank 1 : true
2023-06-03 19:12:15,254 [INFO] ADCParametersView:116 -                Rank 1 : true
2023-06-03 19:12:15,254 [INFO] ADCParametersView:116 -                Rank 1 : true
2023-06-03 19:12:15,255 [INFO] ADCParametersView:116 -                Rank 1 : true
2023-06-03 19:12:15,266 [INFO] ADCParametersView:116 -                Rank 1 : true
2023-06-03 19:12:15,296 [INFO] ADCParametersView:116 -                Rank 1 : true
2023-06-03 19:12:15,317 [INFO] ADCParametersView:116 -                Rank 1 : true
2023-06-03 19:12:15,319 [INFO] ADCParametersView:116 -                Rank 1 : true
2023-06-03 19:12:15,319 [INFO] ADCParametersView:116 -                Rank 1 : true
2023-06-03 19:12:15,319 [INFO] ADCParametersView:116 -                Rank 1 : true
2023-06-03 19:12:15,319 [INFO] ADCParametersView:116 -                Rank 1 : true
2023-06-03 19:12:15,320 [INFO] ADCParametersView:116 -                Rank 1 : true
2023-06-03 19:12:15,320 [INFO] ADCParametersView:116 -                Rank 1 : true
2023-06-03 19:12:15,320 [INFO] ADCParametersView:116 -                Rank 1 : true
2023-06-03 19:12:15,320 [INFO] ADCParametersView:116 -                Rank 1 : true
2023-06-03 19:12:15,328 [INFO] ADCParametersView:116 -                Rank 1 : true
2023-06-03 19:12:15,548 [INFO] ADCParametersView:116 -                Rank 1 : true
2023-06-03 19:12:15,556 [INFO] ADCParametersView:116 -                Rank 1 : true
2023-06-03 19:12:15,556 [INFO] ADCParametersView:116 -                Rank 1 : true
2023-06-03 19:12:15,556 [INFO] ADCParametersView:116 -                Rank 1 : true
2023-06-03 19:12:15,556 [INFO] ADCParametersView:116 -                Rank 1 : true
2023-06-03 19:12:15,556 [INFO] ADCParametersView:116 -                Rank 1 : true
2023-06-03 19:12:15,558 [INFO] ADCParametersView:116 -                Rank 1 : true
2023-06-03 19:12:15,558 [INFO] ADCParametersView:116 -                Rank 1 : true
2023-06-03 19:12:15,558 [INFO] ADCParametersView:116 -                Rank 1 : true
2023-06-03 19:12:15,558 [INFO] ADCParametersView:116 -                Rank 1 : true
2023-06-03 19:12:15,567 [INFO] ADCParametersView:116 -                Rank 1 : true
2023-06-03 19:12:15,599 [INFO] ADCParametersView:116 -                Rank 1 : true
2023-06-03 19:12:15,601 [INFO] ADCParametersView:116 -                Rank 1 : true
2023-06-03 19:12:15,601 [INFO] ADCParametersView:116 -                Rank 1 : true
2023-06-03 19:12:15,602 [INFO] ADCParametersView:116 -                Rank 1 : true
2023-06-03 19:12:15,602 [INFO] ADCParametersView:116 -                Rank 1 : true
2023-06-03 19:12:15,602 [INFO] ADCParametersView:116 -                Rank 1 : true
2023-06-03 19:12:15,602 [INFO] ADCParametersView:116 -                Rank 1 : true
2023-06-03 19:12:15,602 [INFO] ADCParametersView:116 -                Rank 1 : true
2023-06-03 19:12:15,602 [INFO] ADCParametersView:116 -                Rank 1 : true
2023-06-03 19:12:15,602 [INFO] ADCParametersView:116 -                Rank 1 : true
2023-06-03 19:12:15,609 [INFO] ADCParametersView:116 -                Rank 1 : true
2023-06-03 19:26:47,714 [INFO] UtilMem:75 - End SaveConfig() Used Memory: 364702088 Bytes (620756992)
2023-06-03 19:26:48,881 [INFO] UtilMem:75 - End SaveConfig() Used Memory: 381569176 Bytes (620756992)
2023-06-03 19:27:23,856 [INFO] UtilMem:75 - End SaveConfig() Used Memory: 442761784 Bytes (620756992)
2023-06-03 19:27:24,294 [INFO] BlockDiagram:2759 - set Specific Code input for plugin: NVIC
2023-06-03 19:27:24,295 [INFO] BlockDiagram:2759 - set Specific Code input for plugin: USART
2023-06-03 19:27:24,295 [INFO] BlockDiagram:2759 - set Specific Code input for plugin: TIM1_8F1
2023-06-03 19:27:24,295 [INFO] BlockDiagram:2759 - set Specific Code input for plugin: GPIO
2023-06-03 19:27:24,295 [INFO] BlockDiagram:2759 - set Specific Code input for plugin: ADC
2023-06-03 19:27:24,295 [INFO] BlockDiagram:2759 - set Specific Code input for plugin: RCC
2023-06-03 19:27:24,296 [INFO] CodeGenerator:793 - code generatio: config db path: C:\ST\STM32CubeIDE_1.12.1\STM32CubeIDE\plugins\com.st.stm32cube.common.mx_6.8.1.202304191431\\db\
2023-06-03 19:27:24,674 [INFO] CodeEngine:255 - oldGeneratedFile, D:\workspace\GPIO\MXTmpFiles\license.tmp_save
2023-06-03 19:27:24,839 [INFO] CodeEngine:279 - Generated code: D:\workspace\GPIO\MXTmpFiles\license.tmp
2023-06-03 19:27:24,985 [INFO] CodeEngine:255 - oldGeneratedFile, D:\workspace\GPIO\MXTmpFiles\gpio.tmp_save
2023-06-03 19:27:25,222 [INFO] CodeEngine:279 - Generated code: D:\workspace\GPIO\MXTmpFiles\gpio.tmp
2023-06-03 19:27:25,414 [INFO] CodeEngine:255 - oldGeneratedFile, D:\workspace\GPIO\Core\Src\stm32f1xx_it.c_save
2023-06-03 19:27:25,729 [INFO] CodeEngine:279 - Generated code: D:\workspace\GPIO\Core\Src\stm32f1xx_it.c
2023-06-03 19:27:25,738 [INFO] CodeEngine:255 - oldGeneratedFile, D:\workspace\GPIO\Core\Inc\stm32f1xx_it.h_save
2023-06-03 19:27:25,857 [INFO] CodeEngine:279 - Generated code: D:\workspace\GPIO\Core\Inc\stm32f1xx_it.h
2023-06-03 19:27:25,895 [INFO] CodeEngine:255 - oldGeneratedFile, D:\workspace\GPIO\Core\Src\stm32f1xx_hal_msp.c_save
2023-06-03 19:27:26,114 [INFO] CodeEngine:279 - Generated code: D:\workspace\GPIO\Core\Src\stm32f1xx_hal_msp.c
2023-06-03 19:27:26,124 [INFO] CodeEngine:255 - oldGeneratedFile, D:\workspace\GPIO\MXTmpFiles\system.tmp_save
2023-06-03 19:27:26,253 [INFO] CodeEngine:279 - Generated code: D:\workspace\GPIO\MXTmpFiles\system.tmp
2023-06-03 19:27:26,267 [INFO] CodeEngine:311 - oldGeneratedFile, D:\workspace\GPIO\Core\Inc\stm32f1xx_hal_conf.h_save
2023-06-03 19:27:26,362 [INFO] CodeEngine:335 - Generated code: D:\workspace\GPIO\Core\Inc\stm32f1xx_hal_conf.h
2023-06-03 19:27:26,381 [WARN] IPConfigManager:3431 - IP not found : TIM
2023-06-03 19:27:26,383 [WARN] CodeGenerator:3754 - IP not found : null
2023-06-03 19:27:26,392 [INFO] CodeEngine:255 - oldGeneratedFile, D:\workspace\GPIO\Core\Inc\main.h_save
2023-06-03 19:27:26,575 [INFO] CodeEngine:279 - Generated code: D:\workspace\GPIO\Core\Inc\main.h
2023-06-03 19:27:26,584 [INFO] CodeEngine:255 - oldGeneratedFile, D:\workspace\GPIO\Core\Src\main.c_save
2023-06-03 19:27:26,775 [INFO] CodeEngine:279 - Generated code: D:\workspace\GPIO\Core\Src\main.c
2023-06-03 19:27:27,819 [INFO] ProjectBuilder:2996 - Time for Copy HAL[1] : 302mS.
2023-06-03 19:27:27,824 [INFO] ProjectBuilder:4304 - Project Generator version: 3.19.2
2023-06-03 19:27:28,456 [INFO] ConfigFileManager:1483 - The Die is : DIE410
2023-06-03 19:27:28,460 [INFO] ApiDbMcu:507 - Load IP Config File for FATFS
2023-06-03 19:27:28,466 [INFO] ApiDbMcu:507 - Load IP Config File for FREERTOS
2023-06-03 19:27:28,478 [INFO] ApiDbMcu:507 - Load IP Config File for USB_DEVICE
2023-06-03 19:27:31,330 [INFO] ProjectBuilder:4505 - Time for Generating toolchain IDE Files: 3506mS.
2023-06-03 19:27:31,332 [INFO] ProjectBuilder:2867 - Time for Copy CMSIS : 0mS.
2023-06-03 19:27:31,335 [INFO] ProjectBuilder:2867 - Time for Copy CMSIS : 0mS.
